2025-06-06 19:01:01.816 [info] [main] Log level: Info
2025-06-06 19:01:01.816 [info] [main] Validating found git in: "git"
2025-06-06 19:01:01.816 [info] [main] Using git "2.34.1" from "git"
2025-06-06 19:01:01.816 [info] [Model][doInitialScan] Initial repository scan started
2025-06-06 19:01:01.816 [info] > git rev-parse --show-toplevel [1656ms]
2025-06-06 19:01:01.816 [info] > git rev-parse --git-dir --git-common-dir [2ms]
2025-06-06 19:01:01.816 [info] [Model][openRepository] Opened repository: /root/capsule
2025-06-06 19:01:01.816 [info] > git config --get commit.template [6ms]
2025-06-06 19:01:01.816 [info] > git rev-parse --show-toplevel [5ms]
2025-06-06 19:01:01.816 [info] > git for-each-ref --format=%(refname)%00%(upstream:short)%00%(objectname)%00%(upstream:track)%00%(upstream:remotename)%00%(upstream:remoteref) refs/heads/master refs/remotes/master [4ms]
2025-06-06 19:01:01.816 [warning] [Git][getBranch] No such branch: master
2025-06-06 19:01:01.816 [info] > git status -z -uall [5ms]
2025-06-06 19:01:01.817 [info] > git rev-parse --show-toplevel [10ms]
2025-06-06 19:01:01.820 [info] > git for-each-ref --sort -committerdate --format %(refname) %(objectname) %(*objectname) [6ms]
2025-06-06 19:01:01.834 [info] > git for-each-ref --format=%(refname)%00%(upstream:short)%00%(objectname)%00%(upstream:track)%00%(upstream:remotename)%00%(upstream:remoteref) refs/heads/master refs/remotes/master [6ms]
2025-06-06 19:01:01.834 [warning] [Git][getBranch] No such branch: master
2025-06-06 19:01:01.834 [error] [GitHistoryProvider][resolveHEADMergeBase] Failed to resolve merge base for master: Error: No such branch: master.
2025-06-06 19:01:01.835 [info] > git rev-parse --show-toplevel [15ms]
2025-06-06 19:01:01.838 [info] > git config --get commit.template [5ms]
2025-06-06 19:01:01.845 [info] > git rev-parse --show-toplevel [8ms]
2025-06-06 19:01:01.845 [info] > git for-each-ref --format=%(refname)%00%(upstream:short)%00%(objectname)%00%(upstream:track)%00%(upstream:remotename)%00%(upstream:remoteref) refs/heads/master refs/remotes/master [5ms]
2025-06-06 19:01:01.845 [warning] [Git][getBranch] No such branch: master
2025-06-06 19:01:01.855 [info] > git status -z -uall [7ms]
2025-06-06 19:01:01.855 [info] > git for-each-ref --sort -committerdate --format %(refname) %(objectname) %(*objectname) [4ms]
2025-06-06 19:01:01.857 [info] > git rev-parse --show-toplevel [3ms]
2025-06-06 19:01:01.860 [info] [Model][doInitialScan] Initial repository scan completed - repositories (1), closed repositories (0), parent repositories (0), unsafe repositories (0)
2025-06-06 19:01:02.905 [info] > git check-ignore -v -z --stdin [5ms]
