2025-06-06 18:16:17.876 [info] [main] Log level: Info
2025-06-06 18:16:17.876 [info] [main] Validating found git in: "git"
2025-06-06 18:16:17.876 [info] [main] Using git "2.34.1" from "git"
2025-06-06 18:16:17.876 [info] [Model][doInitialScan] Initial repository scan started
2025-06-06 18:16:17.876 [info] > git rev-parse --show-toplevel [2ms]
2025-06-06 18:16:17.876 [info] > git rev-parse --git-dir --git-common-dir [1ms]
2025-06-06 18:16:17.876 [info] [Model][openRepository] Opened repository: /root/capsule
2025-06-06 18:16:17.877 [info] > git rev-parse --show-toplevel [3ms]
2025-06-06 18:16:17.878 [info] > git config --get commit.template [5ms]
2025-06-06 18:16:18.538 [info] > git for-each-ref --format=%(refname)%00%(upstream:short)%00%(objectname)%00%(upstream:track)%00%(upstream:remotename)%00%(upstream:remoteref) refs/heads/master refs/remotes/master [657ms]
2025-06-06 18:16:18.538 [warning] [Git][getBranch] No such branch: master
2025-06-06 18:16:18.545 [info] > git rev-parse --show-toplevel [666ms]
2025-06-06 18:16:18.549 [info] > git status -z -uall [8ms]
2025-06-06 18:16:18.550 [info] > git for-each-ref --sort -committerdate --format %(refname) %(objectname) %(*objectname) [5ms]
2025-06-06 18:16:18.570 [info] > git for-each-ref --format=%(refname)%00%(upstream:short)%00%(objectname)%00%(upstream:track)%00%(upstream:remotename)%00%(upstream:remoteref) refs/heads/master refs/remotes/master [5ms]
2025-06-06 18:16:18.570 [warning] [Git][getBranch] No such branch: master
2025-06-06 18:16:18.570 [error] [GitHistoryProvider][resolveHEADMergeBase] Failed to resolve merge base for master: Error: No such branch: master.
2025-06-06 18:16:18.571 [info] > git rev-parse --show-toplevel [23ms]
2025-06-06 18:16:18.574 [info] > git config --get commit.template [5ms]
2025-06-06 18:16:18.575 [info] > git rev-parse --show-toplevel [1ms]
2025-06-06 18:16:18.580 [info] > git for-each-ref --format=%(refname)%00%(upstream:short)%00%(objectname)%00%(upstream:track)%00%(upstream:remotename)%00%(upstream:remoteref) refs/heads/master refs/remotes/master [3ms]
2025-06-06 18:16:18.580 [warning] [Git][getBranch] No such branch: master
2025-06-06 18:16:18.584 [info] > git status -z -uall [3ms]
2025-06-06 18:16:18.584 [info] > git rev-parse --show-toplevel [5ms]
2025-06-06 18:16:18.587 [info] [Model][doInitialScan] Initial repository scan completed - repositories (1), closed repositories (0), parent repositories (0), unsafe repositories (0)
2025-06-06 18:16:18.588 [info] > git for-each-ref --sort -committerdate --format %(refname) %(objectname) %(*objectname) [5ms]
2025-06-06 18:16:19.628 [info] > git check-ignore -v -z --stdin [4ms]
