2025-03-04 21:20:47.454 [info] Experiment 'pythonRecommendTensorboardExt' is active
2025-03-04 21:20:47.454 [info] Experiment 'pythonSurveyNotificationcf' is active
2025-03-04 21:20:47.454 [info] Experiment 'pythonTerminalEnvVarActivation' is active
2025-03-04 21:20:47.454 [info] Experiment 'pythonTestAdapter' is active
2025-03-04 21:20:47.454 [warning] Dir "/root/capsule/.pixi/envs" is not watchable (directory does not exist)
2025-03-04 21:20:47.454 [info] > conda info --json
2025-03-04 21:20:47.454 [info] > pyenv which python
2025-03-04 21:20:47.454 [info] cwd: .
2025-03-04 21:20:47.473 [info] > python -c "import sys;print(sys.executable)"
2025-03-04 21:20:47.509 [info] Python interpreter path: /opt/conda/bin/python
2025-03-04 21:20:47.513 [info] > pyenv which python
2025-03-04 21:20:47.513 [info] cwd: .
2025-03-04 21:20:47.677 [info] > conda info --json
2025-03-04 21:20:47.677 [info] shell: bash
2025-03-04 21:20:48.847 [info] > conda run -n base --no-capture-output python /.vscode/extensions/ms-python.python-2025.0.0-universal/python_files/get_output_via_markers.py /.vscode/extensions/ms-python.python-2025.0.0-universal/python_files/printEnvVariables.py
2025-03-04 21:20:48.848 [info] shell: bash
2025-03-04 21:20:48.884 [info] > conda run -n base --no-capture-output python /.vscode/extensions/ms-python.python-2025.0.0-universal/python_files/get_output_via_markers.py /.vscode/extensions/ms-python.python-2025.0.0-universal/python_files/printEnvVariables.py
2025-03-04 21:20:48.884 [info] shell: bash
2025-03-04 21:20:48.884 [info] > conda run -n base --no-capture-output python /.vscode/extensions/ms-python.python-2025.0.0-universal/python_files/get_output_via_markers.py /.vscode/extensions/ms-python.python-2025.0.0-universal/python_files/printEnvVariables.py
2025-03-04 21:20:48.884 [info] shell: bash
2025-03-04 21:20:48.895 [info] Starting Jedi language server for capsule.
2025-03-04 21:20:50.654 [info] > python /.vscode/extensions/ms-python.python-2025.0.0-universal/python_files/printEnvVariables.py
2025-03-04 21:20:50.654 [info] shell: bash
2025-03-04 21:20:50.682 [info] Setting environment variable CONDA_ROOT in collection to /opt/conda {"applyAtShellIntegration":true,"applyAtProcessCreation":true}
2025-03-04 21:20:50.682 [info] Setting environment variable NVCC_PREPEND_FLAGS in collection to  -ccbin=/opt/conda/bin/x86_64-conda-linux-gnu-c++ -ccbin=/opt/conda/bin/x86_64-conda-linux-gnu-c++ {"applyAtShellIntegration":true,"applyAtProcessCreation":true}
2025-03-04 21:20:50.682 [info] Setting environment variable NVCC_PREPEND_FLAGS_BACKUP in collection to  -ccbin=/opt/conda/bin/x86_64-conda-linux-gnu-c++ {"applyAtShellIntegration":true,"applyAtProcessCreation":true}
2025-03-04 21:20:50.684 [info] Send text to terminal: python /.vscode/extensions/ms-python.python-2025.0.0-universal/python_files/printEnvVariablesToFile.py /.vscode/extensions/ms-python.python-2025.0.0-universal/python_files/deactivate/bash/envVars.txt
2025-03-04 21:21:26.813 [info] Discover tests for workspace name: capsule - uri: /root/capsule/code/model.py
2025-03-04 21:22:01.083 [info] Discover tests for workspace name: capsule - uri: /root/capsule/code/model.py
2025-03-04 21:22:13.980 [info] Discover tests for workspace name: capsule - uri: /root/capsule/code/model.py
2025-03-04 21:22:18.204 [info] Discover tests for workspace name: capsule - uri: /root/capsule/code/model.py
2025-03-04 21:22:27.526 [info] Discover tests for workspace name: capsule - uri: /root/capsule/code/model.py
2025-03-04 21:22:35.320 [info] Discover tests for workspace name: capsule - uri: /root/capsule/code/model.py
2025-03-04 21:22:49.517 [info] Starting Environment refresh
2025-03-04 21:22:49.517 [info] Searching for interpreters in posix paths locator
2025-03-04 21:22:49.518 [info] Searching for pyenv environments
2025-03-04 21:22:49.518 [info] Searching for conda environments
2025-03-04 21:22:49.518 [info] Searching for global virtual environments
2025-03-04 21:22:49.518 [info] Searching for custom virtual environments
2025-03-04 21:22:49.536 [info] > conda info --json
2025-03-04 21:22:49.536 [info] > hatch env show --json
2025-03-04 21:22:49.536 [info] cwd: .
2025-03-04 21:22:49.538 [info] pyenv is not installed
2025-03-04 21:22:49.538 [info] Finished searching for pyenv environments: 21 milliseconds
2025-03-04 21:22:49.539 [info] Finished searching for custom virtual envs: 21 milliseconds
2025-03-04 21:22:49.542 [info] Finished searching for global virtual envs: 25 milliseconds
2025-03-04 21:22:49.553 [info] Found: /opt/conda/bin/python --> /opt/conda/bin/python3.12
2025-03-04 21:22:49.553 [info] Found: /opt/conda/bin/python3 --> /opt/conda/bin/python3.12
2025-03-04 21:22:49.553 [info] Found: /opt/conda/bin/python3.1 --> /opt/conda/bin/python3.12
2025-03-04 21:22:49.553 [info] Found: /opt/conda/bin/python3.12 --> /opt/conda/bin/python3.12
2025-03-04 21:22:49.553 [info] Finished searching for interpreters in posix paths locator: 37 milliseconds
2025-03-04 21:22:50.296 [info] > /opt/conda/bin/python -I /.vscode/extensions/ms-python.python-2025.0.0-universal/python_files/get_output_via_markers.py /.vscode/extensions/ms-python.python-2025.0.0-universal/python_files/interpreterInfo.py
2025-03-04 21:22:50.297 [info] Finished searching for conda environments: 780 milliseconds
2025-03-04 21:22:50.298 [info] Environments refresh paths discovered (event): 783 milliseconds
2025-03-04 21:22:50.298 [info] Environments refresh paths discovered: 783 milliseconds
2025-03-04 21:22:50.331 [info] Environments refresh finished (event): 816 milliseconds
2025-03-04 21:22:50.334 [info] Environment refresh took 819 milliseconds
2025-03-04 21:23:25.359 [info] Discover tests for workspace name: capsule - uri: /root/capsule/code/model.py
2025-03-04 21:23:27.448 [info] Discover tests for workspace name: capsule - uri: /root/capsule/code/model.py
2025-03-04 21:23:33.261 [info] Discover tests for workspace name: capsule - uri: /root/capsule/code/model.py
2025-03-04 21:23:36.262 [info] Discover tests for workspace name: capsule - uri: /root/capsule/code/model.py
2025-03-04 21:24:06.517 [info] Discover tests for workspace name: capsule - uri: /root/capsule/code/model.py
2025-03-04 21:24:19.232 [info] Discover tests for workspace name: capsule - uri: /root/capsule/code/model.py
2025-03-04 21:24:41.100 [info] Discover tests for workspace name: capsule - uri: /root/capsule/code/model.py
2025-03-04 21:26:47.752 [info] Discover tests for workspace name: capsule - uri: /root/capsule/code/model.py
2025-03-04 21:27:01.723 [info] Discover tests for workspace name: capsule - uri: /root/capsule/code/model.py
2025-03-04 21:27:07.364 [info] Discover tests for workspace name: capsule - uri: /root/capsule/code/model.py
2025-03-04 21:27:12.876 [info] Discover tests for workspace name: capsule - uri: /root/capsule/code/model.py
2025-03-04 21:27:18.578 [info] Discover tests for workspace name: capsule - uri: /root/capsule/code/model.py
2025-03-04 21:27:20.846 [info] Discover tests for workspace name: capsule - uri: /root/capsule/code/model.py
2025-03-04 21:27:22.407 [info] Discover tests for workspace name: capsule - uri: /root/capsule/code/model.py
2025-03-04 21:27:23.945 [info] Discover tests for workspace name: capsule - uri: /root/capsule/code/model.py
2025-03-04 21:27:29.034 [info] Discover tests for workspace name: capsule - uri: /root/capsule/code/model.py
2025-03-04 21:27:47.626 [info] Discover tests for workspace name: capsule - uri: /root/capsule/code/model.py
2025-03-04 21:27:49.537 [info] Discover tests for workspace name: capsule - uri: /root/capsule/code/model.py
2025-03-04 21:28:34.496 [info] Discover tests for workspace name: capsule - uri: /root/capsule/code/model.py
2025-03-04 21:29:17.712 [info] Discover tests for workspace name: capsule - uri: /root/capsule/code/model.py
2025-03-04 21:29:20.226 [info] Discover tests for workspace name: capsule - uri: /root/capsule/code/model.py
2025-03-04 21:29:25.628 [info] Discover tests for workspace name: capsule - uri: /root/capsule/code/model.py
2025-03-04 21:29:29.707 [info] Discover tests for workspace name: capsule - uri: /root/capsule/code/model.py
2025-03-04 21:29:35.073 [info] Discover tests for workspace name: capsule - uri: /root/capsule/code/model.py
2025-03-04 21:29:42.300 [info] Discover tests for workspace name: capsule - uri: /root/capsule/code/model.py
2025-03-04 21:29:45.295 [info] Discover tests for workspace name: capsule - uri: /root/capsule/code/model.py
2025-03-04 21:30:28.323 [info] Discover tests for workspace name: capsule - uri: /root/capsule/code/model.py
2025-03-04 21:30:35.355 [info] Discover tests for workspace name: capsule - uri: /root/capsule/code/model.py
2025-03-04 21:30:48.215 [info] Discover tests for workspace name: capsule - uri: /root/capsule/code/model.py
2025-03-04 21:30:53.073 [info] Discover tests for workspace name: capsule - uri: /root/capsule/code/model.py
2025-03-04 21:30:56.519 [info] Discover tests for workspace name: capsule - uri: /root/capsule/code/model.py
2025-03-04 21:30:57.923 [info] Discover tests for workspace name: capsule - uri: /root/capsule/code/model.py
2025-03-04 21:31:04.770 [info] Discover tests for workspace name: capsule - uri: /root/capsule/code/model.py
2025-03-04 21:31:08.712 [info] Discover tests for workspace name: capsule - uri: /root/capsule/code/model.py
2025-03-04 21:31:40.573 [info] Discover tests for workspace name: capsule - uri: /root/capsule/code/model.py
2025-03-04 21:31:58.713 [info] Discover tests for workspace name: capsule - uri: /root/capsule/code/model.py
2025-03-04 21:32:03.303 [info] Discover tests for workspace name: capsule - uri: /root/capsule/code/model.py
2025-03-04 21:32:21.224 [info] Discover tests for workspace name: capsule - uri: /root/capsule/code/model.py
2025-03-04 21:32:23.065 [info] Discover tests for workspace name: capsule - uri: /root/capsule/code/model.py
2025-03-04 21:32:28.717 [info] Discover tests for workspace name: capsule - uri: /root/capsule/code/model.py
2025-03-04 21:32:31.594 [info] Discover tests for workspace name: capsule - uri: /root/capsule/code/model.py
2025-03-04 21:33:02.335 [info] Discover tests for workspace name: capsule - uri: /root/capsule/code/model.py
2025-03-04 21:33:06.008 [info] Discover tests for workspace name: capsule - uri: /root/capsule/code/model.py
2025-03-04 21:33:09.303 [info] Discover tests for workspace name: capsule - uri: /root/capsule/code/model.py
2025-03-04 21:33:35.428 [info] Discover tests for workspace name: capsule - uri: /root/capsule/code/model.py
2025-03-04 21:33:37.855 [info] Discover tests for workspace name: capsule - uri: /root/capsule/code/model.py
2025-03-04 21:33:52.915 [info] Discover tests for workspace name: capsule - uri: /root/capsule/code/model.py
2025-03-04 21:43:09.582 [info] Discover tests for workspace name: capsule - uri: /root/capsule/code/model.py
2025-03-04 21:43:12.645 [info] Discover tests for workspace name: capsule - uri: /root/capsule/code/model.py
2025-03-04 21:43:17.981 [info] Discover tests for workspace name: capsule - uri: /root/capsule/code/model.py
2025-03-04 21:43:28.193 [info] Discover tests for workspace name: capsule - uri: /root/capsule/code/model.py
2025-03-04 21:43:30.286 [info] Discover tests for workspace name: capsule - uri: /root/capsule/code/model.py
2025-03-04 21:43:38.065 [info] Discover tests for workspace name: capsule - uri: /root/capsule/code/model.py
2025-03-04 21:44:20.480 [info] Discover tests for workspace name: capsule - uri: /root/capsule/code/model.py
2025-03-04 21:44:24.305 [info] Discover tests for workspace name: capsule - uri: /root/capsule/code/model.py
2025-03-04 21:44:29.165 [info] Discover tests for workspace name: capsule - uri: /root/capsule/code/model.py
2025-03-04 21:44:31.251 [info] Discover tests for workspace name: capsule - uri: /root/capsule/code/model.py
2025-03-04 21:44:40.566 [info] Discover tests for workspace name: capsule - uri: /root/capsule/code/model.py
2025-03-04 21:44:41.736 [info] Discover tests for workspace name: capsule - uri: /root/capsule/code/model.py
2025-03-04 21:45:07.479 [info] Discover tests for workspace name: capsule - uri: /root/capsule/code/model.py
2025-03-04 21:45:08.734 [info] Discover tests for workspace name: capsule - uri: /root/capsule/code/model.py
2025-03-04 21:45:10.397 [info] Discover tests for workspace name: capsule - uri: /root/capsule/code/model.py
2025-03-04 21:45:15.900 [info] Discover tests for workspace name: capsule - uri: /root/capsule/code/model.py
2025-03-04 21:45:18.880 [info] Discover tests for workspace name: capsule - uri: /root/capsule/code/model.py
2025-03-04 21:45:26.249 [info] Discover tests for workspace name: capsule - uri: /root/capsule/code/model.py
2025-03-04 21:45:29.895 [info] Discover tests for workspace name: capsule - uri: /root/capsule/code/model.py
2025-03-04 21:45:33.192 [info] Discover tests for workspace name: capsule - uri: /root/capsule/code/model.py
2025-03-04 21:45:37.866 [info] Discover tests for workspace name: capsule - uri: /root/capsule/code/model.py
2025-03-04 21:45:42.715 [info] Discover tests for workspace name: capsule - uri: /root/capsule/code/model.py
2025-03-04 21:45:44.107 [info] Discover tests for workspace name: capsule - uri: /root/capsule/code/model.py
2025-03-04 21:45:46.073 [info] Discover tests for workspace name: capsule - uri: /root/capsule/code/model.py
2025-03-04 21:45:48.268 [info] Discover tests for workspace name: capsule - uri: /root/capsule/code/model.py
2025-03-04 21:45:54.000 [info] Discover tests for workspace name: capsule - uri: /root/capsule/code/model.py
2025-03-04 21:46:01.362 [info] Discover tests for workspace name: capsule - uri: /root/capsule/code/model.py
2025-03-04 21:46:06.996 [info] Discover tests for workspace name: capsule - uri: /root/capsule/code/model.py
2025-03-04 21:46:09.654 [info] Discover tests for workspace name: capsule - uri: /root/capsule/code/model.py
2025-03-04 21:46:15.596 [info] Discover tests for workspace name: capsule - uri: /root/capsule/code/model.py
2025-03-04 21:46:29.509 [info] Discover tests for workspace name: capsule - uri: /root/capsule/code/model.py
2025-03-04 21:46:32.318 [info] Discover tests for workspace name: capsule - uri: /root/capsule/code/model.py
2025-03-04 21:46:34.274 [info] Discover tests for workspace name: capsule - uri: /root/capsule/code/model.py
2025-03-04 21:46:39.563 [info] Discover tests for workspace name: capsule - uri: /root/capsule/code/model.py
2025-03-04 21:47:06.256 [info] Discover tests for workspace name: capsule - uri: /root/capsule/code/model.py
2025-03-04 21:47:12.755 [info] Discover tests for workspace name: capsule - uri: /root/capsule/code/model.py
2025-03-04 21:47:15.001 [info] Discover tests for workspace name: capsule - uri: /root/capsule/code/model.py
2025-03-04 21:47:18.500 [info] Discover tests for workspace name: capsule - uri: /root/capsule/code/model.py
2025-03-04 21:47:21.733 [info] Discover tests for workspace name: capsule - uri: /root/capsule/code/model.py
2025-03-04 21:47:23.403 [info] Discover tests for workspace name: capsule - uri: /root/capsule/code/model.py
2025-03-04 21:47:27.492 [info] Discover tests for workspace name: capsule - uri: /root/capsule/code/model.py
2025-03-04 21:47:29.992 [info] Discover tests for workspace name: capsule - uri: /root/capsule/code/model.py
2025-03-04 21:47:34.992 [info] Discover tests for workspace name: capsule - uri: /root/capsule/code/model.py
2025-03-04 21:47:38.192 [info] Discover tests for workspace name: capsule - uri: /root/capsule/code/model.py
2025-03-04 21:47:39.500 [info] Discover tests for workspace name: capsule - uri: /root/capsule/code/model.py
2025-03-04 21:47:42.853 [info] Discover tests for workspace name: capsule - uri: /root/capsule/code/model.py
2025-03-04 21:47:53.364 [info] Discover tests for workspace name: capsule - uri: /root/capsule/code/model.py
2025-03-04 21:47:55.585 [info] Discover tests for workspace name: capsule - uri: /root/capsule/code/model.py
2025-03-04 21:47:58.610 [info] Discover tests for workspace name: capsule - uri: /root/capsule/code/model.py
2025-03-04 21:48:07.118 [info] Discover tests for workspace name: capsule - uri: /root/capsule/code/model.py
2025-03-04 21:48:11.538 [info] Discover tests for workspace name: capsule - uri: /root/capsule/code/model.py
2025-03-04 21:48:12.851 [info] Discover tests for workspace name: capsule - uri: /root/capsule/code/model.py
2025-03-04 21:48:17.667 [info] Discover tests for workspace name: capsule - uri: /root/capsule/code/model.py
2025-03-04 21:48:19.084 [info] Discover tests for workspace name: capsule - uri: /root/capsule/code/model.py
2025-03-04 21:48:20.144 [info] Discover tests for workspace name: capsule - uri: /root/capsule/code/model.py
2025-03-04 21:48:21.363 [info] Discover tests for workspace name: capsule - uri: /root/capsule/code/model.py
2025-03-04 21:48:27.610 [info] Discover tests for workspace name: capsule - uri: /root/capsule/code/model.py
2025-03-04 21:48:58.944 [info] Discover tests for workspace name: capsule - uri: /root/capsule/code/model.py
2025-03-04 21:49:06.151 [info] Discover tests for workspace name: capsule - uri: /root/capsule/code/model.py
2025-03-04 21:49:12.277 [info] Discover tests for workspace name: capsule - uri: /root/capsule/code/model.py
2025-03-04 21:49:15.086 [info] Discover tests for workspace name: capsule - uri: /root/capsule/code/model.py
2025-03-04 21:50:05.149 [info] Discover tests for workspace name: capsule - uri: /root/capsule/code/model.py
2025-03-04 21:50:21.402 [info] Discover tests for workspace name: capsule - uri: /root/capsule/code/model.py
2025-03-04 21:50:23.530 [info] Discover tests for workspace name: capsule - uri: /root/capsule/code/model.py
2025-03-04 21:50:55.866 [info] Discover tests for workspace name: capsule - uri: /root/capsule/code/model.py
2025-03-04 21:51:00.216 [info] Discover tests for workspace name: capsule - uri: /root/capsule/code/model.py
2025-03-04 21:51:03.648 [info] Discover tests for workspace name: capsule - uri: /root/capsule/code/model.py
2025-03-04 21:51:22.410 [info] Discover tests for workspace name: capsule - uri: /root/capsule/code/model.py
2025-03-04 21:51:38.655 [info] Discover tests for workspace name: capsule - uri: /root/capsule/code/model.py
2025-03-04 21:51:41.755 [info] Discover tests for workspace name: capsule - uri: /root/capsule/code/model.py
2025-03-04 21:51:42.818 [info] Discover tests for workspace name: capsule - uri: /root/capsule/code/model.py
2025-03-04 21:51:47.063 [info] Discover tests for workspace name: capsule - uri: /root/capsule/code/model.py
2025-03-04 21:51:48.127 [info] Discover tests for workspace name: capsule - uri: /root/capsule/code/model.py
2025-03-04 21:51:53.635 [info] Discover tests for workspace name: capsule - uri: /root/capsule/code/model.py
2025-03-04 21:51:54.937 [info] Discover tests for workspace name: capsule - uri: /root/capsule/code/model.py
2025-03-04 21:51:56.541 [info] Discover tests for workspace name: capsule - uri: /root/capsule/code/model.py
2025-03-04 21:52:01.795 [info] Discover tests for workspace name: capsule - uri: /root/capsule/code/model.py
2025-03-04 21:52:03.753 [info] Discover tests for workspace name: capsule - uri: /root/capsule/code/model.py
2025-03-04 21:52:08.145 [info] Discover tests for workspace name: capsule - uri: /root/capsule/code/model.py
2025-03-04 21:52:22.785 [info] Discover tests for workspace name: capsule - uri: /root/capsule/code/model.py
2025-03-04 21:52:34.885 [info] Discover tests for workspace name: capsule - uri: /root/capsule/code/model.py
2025-03-04 21:52:36.739 [info] Discover tests for workspace name: capsule - uri: /root/capsule/code/model.py
2025-03-04 21:52:40.101 [info] Discover tests for workspace name: capsule - uri: /root/capsule/code/model.py
2025-03-04 21:52:43.501 [info] Discover tests for workspace name: capsule - uri: /root/capsule/code/model.py
2025-03-04 21:52:49.750 [info] Discover tests for workspace name: capsule - uri: /root/capsule/code/model.py
2025-03-04 21:52:56.545 [info] Discover tests for workspace name: capsule - uri: /root/capsule/code/model.py
2025-03-04 21:53:06.213 [info] Discover tests for workspace name: capsule - uri: /root/capsule/code/model.py
2025-03-04 21:53:09.033 [info] Discover tests for workspace name: capsule - uri: /root/capsule/code/model.py
2025-03-04 21:53:10.740 [info] Discover tests for workspace name: capsule - uri: /root/capsule/code/model.py
2025-03-04 21:53:12.506 [info] Discover tests for workspace name: capsule - uri: /root/capsule/code/model.py
2025-03-04 21:53:22.538 [info] Discover tests for workspace name: capsule - uri: /root/capsule/code/model.py
2025-03-04 21:54:40.869 [info] Discover tests for workspace name: capsule - uri: /root/capsule/code/model.py
2025-03-04 21:54:43.642 [info] Discover tests for workspace name: capsule - uri: /root/capsule/code/model.py
2025-03-04 21:54:54.635 [info] Discover tests for workspace name: capsule - uri: /root/capsule/code/model.py
2025-03-04 21:54:59.206 [info] Discover tests for workspace name: capsule - uri: /root/capsule/code/model.py
2025-03-04 21:55:03.946 [info] Discover tests for workspace name: capsule - uri: /root/capsule/code/model.py
2025-03-04 21:55:09.168 [info] Discover tests for workspace name: capsule - uri: /root/capsule/code/model.py
2025-03-04 21:55:13.689 [info] Discover tests for workspace name: capsule - uri: /root/capsule/code/model.py
2025-03-04 21:55:17.338 [info] Discover tests for workspace name: capsule - uri: /root/capsule/code/model.py
2025-03-04 21:55:20.833 [info] Discover tests for workspace name: capsule - uri: /root/capsule/code/model.py
2025-03-04 21:55:25.449 [info] Discover tests for workspace name: capsule - uri: /root/capsule/code/model.py
2025-03-04 21:55:30.219 [info] Discover tests for workspace name: capsule - uri: /root/capsule/code/model.py
2025-03-04 21:55:35.910 [info] Discover tests for workspace name: capsule - uri: /root/capsule/code/model.py
2025-03-04 21:55:39.207 [info] Discover tests for workspace name: capsule - uri: /root/capsule/code/model.py
2025-03-04 21:55:43.152 [info] Discover tests for workspace name: capsule - uri: /root/capsule/code/model.py
2025-03-04 21:55:46.337 [info] Discover tests for workspace name: capsule - uri: /root/capsule/code/model.py
2025-03-04 21:56:00.489 [info] Discover tests for workspace name: capsule - uri: /root/capsule/code/model.py
2025-03-04 21:56:09.611 [info] Discover tests for workspace name: capsule - uri: /root/capsule/code/model.py
2025-03-04 21:56:22.561 [info] Discover tests for workspace name: capsule - uri: /root/capsule/code/model.py
2025-03-04 21:56:23.701 [info] Discover tests for workspace name: capsule - uri: /root/capsule/code/model.py
2025-03-04 21:56:54.361 [info] Discover tests for workspace name: capsule - uri: /root/capsule/code/model.py
2025-03-04 21:57:45.336 [info] Discover tests for workspace name: capsule - uri: /root/capsule/code/model.py
2025-03-04 21:57:48.578 [info] Discover tests for workspace name: capsule - uri: /root/capsule/code/model.py
2025-03-04 21:58:25.451 [info] Discover tests for workspace name: capsule - uri: /root/capsule/code/model.py
2025-03-04 22:02:41.205 [info] Discover tests for workspace name: capsule - uri: /root/capsule/code/model.py
2025-03-04 22:02:42.043 [info] Discover tests for workspace name: capsule - uri: /root/capsule/code/model.py
2025-03-04 22:02:44.581 [info] Discover tests for workspace name: capsule - uri: /root/capsule/code/model.py
2025-03-04 22:02:46.583 [info] Discover tests for workspace name: capsule - uri: /root/capsule/code/model.py
2025-03-04 22:02:54.491 [info] Discover tests for workspace name: capsule - uri: /root/capsule/code/model.py
2025-03-04 22:03:11.068 [info] Discover tests for workspace name: capsule - uri: /root/capsule/code/model.py
2025-03-04 22:03:13.268 [info] Discover tests for workspace name: capsule - uri: /root/capsule/code/model.py
2025-03-04 22:03:14.231 [info] Discover tests for workspace name: capsule - uri: /root/capsule/code/model.py
2025-03-04 22:03:14.547 [info] Discover tests for workspace name: capsule - uri: /root/capsule/code/model.py
2025-03-04 22:03:14.832 [info] Discover tests for workspace name: capsule - uri: /root/capsule/code/model.py
2025-03-04 22:03:18.214 [info] > conda run -n base --no-capture-output python /.vscode/extensions/ms-python.python-2025.0.0-universal/python_files/get_output_via_markers.py /.vscode/extensions/ms-python.python-2025.0.0-universal/python_files/printEnvVariables.py
2025-03-04 22:03:18.214 [info] shell: bash
2025-03-04 22:21:56.768 [info] > conda run -n base --no-capture-output python /.vscode/extensions/ms-python.python-2025.0.0-universal/python_files/get_output_via_markers.py /.vscode/extensions/ms-python.python-2025.0.0-universal/python_files/printEnvVariables.py
2025-03-04 22:21:56.768 [info] shell: bash
2025-03-04 22:34:04.459 [info] > conda run -n base --no-capture-output python /.vscode/extensions/ms-python.python-2025.0.0-universal/python_files/get_output_via_markers.py /.vscode/extensions/ms-python.python-2025.0.0-universal/python_files/printEnvVariables.py
2025-03-04 22:34:04.459 [info] shell: bash
2025-03-04 22:44:17.022 [info] Discover tests for workspace name: capsule - uri: /root/capsule/code/utils.py
2025-03-04 22:44:22.524 [info] Discover tests for workspace name: capsule - uri: /root/capsule/code/utils.py
2025-03-04 22:44:23.958 [info] Discover tests for workspace name: capsule - uri: /root/capsule/code/utils.py
2025-03-04 22:44:27.277 [info] Discover tests for workspace name: capsule - uri: /root/capsule/code/utils.py
2025-03-04 22:44:33.794 [info] Discover tests for workspace name: capsule - uri: /root/capsule/code/utils.py
2025-03-04 22:44:43.717 [info] Discover tests for workspace name: capsule - uri: /root/capsule/code/utils.py
2025-03-04 22:44:44.929 [info] Discover tests for workspace name: capsule - uri: /root/capsule/code/utils.py
2025-03-04 22:44:47.174 [info] Discover tests for workspace name: capsule - uri: /root/capsule/code/utils.py
2025-03-04 22:44:48.793 [info] Discover tests for workspace name: capsule - uri: /root/capsule/code/utils.py
2025-03-04 22:45:00.783 [info] Discover tests for workspace name: capsule - uri: /root/capsule/code/utils.py
2025-03-04 22:45:18.366 [info] Discover tests for workspace name: capsule - uri: /root/capsule/code/utils.py
2025-03-04 22:48:36.207 [info] Discover tests for workspace name: capsule - uri: /root/capsule/code/utils.py
2025-03-04 22:56:54.895 [info] Discover tests for workspace name: capsule - uri: /root/capsule/code/utils.py
2025-03-04 22:57:04.380 [info] Discover tests for workspace name: capsule - uri: /root/capsule/code/utils.py
2025-03-04 22:57:09.993 [info] Discover tests for workspace name: capsule - uri: /root/capsule/code/utils.py
2025-03-04 22:57:18.296 [info] Discover tests for workspace name: capsule - uri: /root/capsule/code/utils.py
2025-03-04 22:57:20.401 [info] Discover tests for workspace name: capsule - uri: /root/capsule/code/utils.py
2025-03-04 22:57:26.280 [info] Discover tests for workspace name: capsule - uri: /root/capsule/code/utils.py
2025-03-04 22:57:35.713 [info] Discover tests for workspace name: capsule - uri: /root/capsule/code/utils.py
2025-03-04 22:57:37.369 [info] Discover tests for workspace name: capsule - uri: /root/capsule/code/utils.py
2025-03-04 22:57:55.723 [info] Discover tests for workspace name: capsule - uri: /root/capsule/code/utils.py
2025-03-04 22:58:14.295 [info] Discover tests for workspace name: capsule - uri: /root/capsule/code/utils.py
2025-03-04 22:58:19.814 [info] Discover tests for workspace name: capsule - uri: /root/capsule/code/utils.py
2025-03-04 22:58:23.024 [info] Discover tests for workspace name: capsule - uri: /root/capsule/code/utils.py
2025-03-04 22:58:24.831 [info] Discover tests for workspace name: capsule - uri: /root/capsule/code/utils.py
2025-03-04 22:58:28.061 [info] Discover tests for workspace name: capsule - uri: /root/capsule/code/utils.py
2025-03-04 22:58:43.717 [info] Discover tests for workspace name: capsule - uri: /root/capsule/code/utils.py
2025-03-04 22:58:47.620 [info] Discover tests for workspace name: capsule - uri: /root/capsule/code/utils.py
2025-03-04 22:58:53.623 [info] Discover tests for workspace name: capsule - uri: /root/capsule/code/utils.py
2025-03-04 22:58:56.935 [info] Discover tests for workspace name: capsule - uri: /root/capsule/code/utils.py
2025-03-04 22:59:01.509 [info] Discover tests for workspace name: capsule - uri: /root/capsule/code/utils.py
2025-03-04 22:59:09.443 [info] Discover tests for workspace name: capsule - uri: /root/capsule/code/utils.py
2025-03-04 22:59:14.609 [info] Discover tests for workspace name: capsule - uri: /root/capsule/code/utils.py
2025-03-04 22:59:20.696 [info] Discover tests for workspace name: capsule - uri: /root/capsule/code/utils.py
2025-03-04 22:59:23.816 [info] Discover tests for workspace name: capsule - uri: /root/capsule/code/utils.py
2025-03-04 22:59:54.615 [info] Discover tests for workspace name: capsule - uri: /root/capsule/code/utils.py
2025-03-04 22:59:55.669 [info] Discover tests for workspace name: capsule - uri: /root/capsule/code/utils.py
2025-03-04 22:59:56.102 [info] Discover tests for workspace name: capsule - uri: /root/capsule/code/utils.py
2025-03-04 22:59:56.409 [info] Discover tests for workspace name: capsule - uri: /root/capsule/code/utils.py
2025-03-04 23:00:13.759 [info] Discover tests for workspace name: capsule - uri: /root/capsule/code/utils.py
2025-03-04 23:00:43.154 [info] Discover tests for workspace name: capsule - uri: /root/capsule/code/utils.py
2025-03-04 23:00:45.891 [info] > conda run -n base --no-capture-output python /.vscode/extensions/ms-python.python-2025.0.0-universal/python_files/get_output_via_markers.py /.vscode/extensions/ms-python.python-2025.0.0-universal/python_files/printEnvVariables.py
2025-03-04 23:00:45.891 [info] shell: bash
2025-03-04 23:01:26.098 [info] Discover tests for workspace name: capsule - uri: /root/capsule/code/utils.py
2025-03-04 23:01:26.389 [info] Discover tests for workspace name: capsule - uri: /root/capsule/code/utils.py
2025-03-04 23:01:26.890 [info] Discover tests for workspace name: capsule - uri: /root/capsule/code/utils.py
2025-03-04 23:01:58.797 [info] Discover tests for workspace name: capsule - uri: /root/capsule/code/utils.py
2025-03-04 23:01:59.322 [info] Discover tests for workspace name: capsule - uri: /root/capsule/code/utils.py
2025-03-04 23:02:39.880 [info] Discover tests for workspace name: capsule - uri: /root/capsule/code/utils.py
2025-03-04 23:02:41.751 [info] Discover tests for workspace name: capsule - uri: /root/capsule/code/utils.py
2025-03-04 23:02:42.002 [info] Discover tests for workspace name: capsule - uri: /root/capsule/code/utils.py
2025-03-04 23:04:43.661 [info] Discover tests for workspace name: capsule - uri: /root/capsule/code/losses.py
2025-03-04 23:04:45.034 [info] Discover tests for workspace name: capsule - uri: /root/capsule/code/losses.py
2025-03-04 23:05:00.143 [info] Discover tests for workspace name: capsule - uri: /root/capsule/code/losses.py
2025-03-04 23:09:47.986 [info] Discover tests for workspace name: capsule - uri: /root/capsule/code/losses.py
2025-03-04 23:09:54.969 [info] Discover tests for workspace name: capsule - uri: /root/capsule/code/losses.py
2025-03-04 23:09:56.860 [info] Discover tests for workspace name: capsule - uri: /root/capsule/code/losses.py
2025-03-04 23:10:01.390 [info] Discover tests for workspace name: capsule - uri: /root/capsule/code/losses.py
2025-03-04 23:10:03.001 [info] Discover tests for workspace name: capsule - uri: /root/capsule/code/losses.py
2025-03-04 23:10:04.525 [info] Discover tests for workspace name: capsule - uri: /root/capsule/code/losses.py
2025-03-04 23:10:11.752 [info] Discover tests for workspace name: capsule - uri: /root/capsule/code/losses.py
2025-03-04 23:10:12.819 [info] Discover tests for workspace name: capsule - uri: /root/capsule/code/losses.py
2025-03-04 23:10:17.471 [info] Discover tests for workspace name: capsule - uri: /root/capsule/code/losses.py
2025-03-04 23:10:19.523 [info] Discover tests for workspace name: capsule - uri: /root/capsule/code/losses.py
2025-03-04 23:10:22.741 [info] Discover tests for workspace name: capsule - uri: /root/capsule/code/losses.py
2025-03-04 23:10:28.103 [info] Discover tests for workspace name: capsule - uri: /root/capsule/code/losses.py
2025-03-04 23:10:30.961 [info] Discover tests for workspace name: capsule - uri: /root/capsule/code/losses.py
2025-03-04 23:10:35.669 [info] Discover tests for workspace name: capsule - uri: /root/capsule/code/losses.py
2025-03-04 23:10:37.032 [info] Discover tests for workspace name: capsule - uri: /root/capsule/code/losses.py
2025-03-04 23:10:39.863 [info] Discover tests for workspace name: capsule - uri: /root/capsule/code/losses.py
2025-03-04 23:11:14.721 [info] Discover tests for workspace name: capsule - uri: /root/capsule/code/losses.py
2025-03-04 23:11:20.113 [info] Discover tests for workspace name: capsule - uri: /root/capsule/code/losses.py
2025-03-04 23:11:32.195 [info] Discover tests for workspace name: capsule - uri: /root/capsule/code/losses.py
2025-03-04 23:11:34.324 [info] Discover tests for workspace name: capsule - uri: /root/capsule/code/losses.py
2025-03-04 23:11:38.518 [info] Discover tests for workspace name: capsule - uri: /root/capsule/code/losses.py
2025-03-04 23:11:41.493 [info] Discover tests for workspace name: capsule - uri: /root/capsule/code/losses.py
2025-03-04 23:11:45.683 [info] Discover tests for workspace name: capsule - uri: /root/capsule/code/losses.py
2025-03-04 23:11:49.985 [info] Discover tests for workspace name: capsule - uri: /root/capsule/code/losses.py
2025-03-04 23:11:55.478 [info] Discover tests for workspace name: capsule - uri: /root/capsule/code/losses.py
2025-03-04 23:12:00.360 [info] Discover tests for workspace name: capsule - uri: /root/capsule/code/losses.py
2025-03-04 23:12:06.473 [info] Discover tests for workspace name: capsule - uri: /root/capsule/code/losses.py
2025-03-04 23:12:30.407 [info] Discover tests for workspace name: capsule - uri: /root/capsule/code/losses.py
2025-03-04 23:12:33.902 [info] Discover tests for workspace name: capsule - uri: /root/capsule/code/losses.py
2025-03-04 23:12:45.939 [info] Discover tests for workspace name: capsule - uri: /root/capsule/code/losses.py
2025-03-04 23:13:06.074 [info] Discover tests for workspace name: capsule - uri: /root/capsule/code/losses.py
2025-03-04 23:13:07.436 [info] Discover tests for workspace name: capsule - uri: /root/capsule/code/losses.py
2025-03-04 23:13:12.713 [info] Discover tests for workspace name: capsule - uri: /root/capsule/code/losses.py
2025-03-04 23:13:15.615 [info] Discover tests for workspace name: capsule - uri: /root/capsule/code/losses.py
2025-03-04 23:13:52.505 [info] Discover tests for workspace name: capsule - uri: /root/capsule/code/losses.py
2025-03-04 23:13:56.920 [info] Discover tests for workspace name: capsule - uri: /root/capsule/code/losses.py
2025-03-04 23:13:59.448 [info] Discover tests for workspace name: capsule - uri: /root/capsule/code/losses.py
2025-03-04 23:14:02.616 [info] Discover tests for workspace name: capsule - uri: /root/capsule/code/losses.py
2025-03-04 23:14:06.753 [info] Discover tests for workspace name: capsule - uri: /root/capsule/code/losses.py
2025-03-04 23:14:09.271 [info] Discover tests for workspace name: capsule - uri: /root/capsule/code/losses.py
2025-03-04 23:14:12.624 [info] Discover tests for workspace name: capsule - uri: /root/capsule/code/losses.py
2025-03-04 23:14:18.095 [info] Discover tests for workspace name: capsule - uri: /root/capsule/code/losses.py
2025-03-04 23:14:23.342 [info] Discover tests for workspace name: capsule - uri: /root/capsule/code/losses.py
2025-03-04 23:14:56.226 [info] Discover tests for workspace name: capsule - uri: /root/capsule/code/losses.py
2025-03-04 23:14:59.961 [info] Discover tests for workspace name: capsule - uri: /root/capsule/code/losses.py
2025-03-04 23:15:02.645 [info] Discover tests for workspace name: capsule - uri: /root/capsule/code/losses.py
2025-03-04 23:15:05.607 [info] Discover tests for workspace name: capsule - uri: /root/capsule/code/losses.py
2025-03-04 23:15:37.857 [info] Discover tests for workspace name: capsule - uri: /root/capsule/code/losses.py
2025-03-04 23:15:39.187 [info] Discover tests for workspace name: capsule - uri: /root/capsule/code/losses.py
2025-03-04 23:15:42.678 [info] Discover tests for workspace name: capsule - uri: /root/capsule/code/losses.py
2025-03-04 23:15:44.365 [info] Discover tests for workspace name: capsule - uri: /root/capsule/code/losses.py
2025-03-04 23:16:05.690 [info] Discover tests for workspace name: capsule - uri: /root/capsule/code/losses.py
2025-03-04 23:16:09.192 [info] Discover tests for workspace name: capsule - uri: /root/capsule/code/losses.py
2025-03-04 23:16:10.670 [info] Discover tests for workspace name: capsule - uri: /root/capsule/code/losses.py
2025-03-04 23:16:14.438 [info] Discover tests for workspace name: capsule - uri: /root/capsule/code/losses.py
2025-03-04 23:16:16.047 [info] Discover tests for workspace name: capsule - uri: /root/capsule/code/losses.py
2025-03-04 23:16:17.875 [info] Discover tests for workspace name: capsule - uri: /root/capsule/code/losses.py
2025-03-04 23:16:20.409 [info] Discover tests for workspace name: capsule - uri: /root/capsule/code/losses.py
2025-03-04 23:16:29.010 [info] Discover tests for workspace name: capsule - uri: /root/capsule/code/losses.py
2025-03-04 23:16:32.112 [info] Discover tests for workspace name: capsule - uri: /root/capsule/code/losses.py
2025-03-04 23:16:43.713 [info] Discover tests for workspace name: capsule - uri: /root/capsule/code/losses.py
2025-03-04 23:16:51.788 [info] Discover tests for workspace name: capsule - uri: /root/capsule/code/losses.py
2025-03-04 23:16:55.214 [info] Discover tests for workspace name: capsule - uri: /root/capsule/code/losses.py
2025-03-04 23:17:04.583 [info] Discover tests for workspace name: capsule - uri: /root/capsule/code/losses.py
2025-03-04 23:17:06.888 [info] Discover tests for workspace name: capsule - uri: /root/capsule/code/losses.py
2025-03-04 23:18:14.198 [info] Discover tests for workspace name: capsule - uri: /root/capsule/code/losses.py
2025-03-04 23:18:22.376 [info] Discover tests for workspace name: capsule - uri: /root/capsule/code/losses.py
2025-03-04 23:18:31.591 [info] Discover tests for workspace name: capsule - uri: /root/capsule/code/losses.py
2025-03-04 23:18:33.758 [info] Discover tests for workspace name: capsule - uri: /root/capsule/code/losses.py
2025-03-04 23:18:41.075 [info] Discover tests for workspace name: capsule - uri: /root/capsule/code/losses.py
2025-03-04 23:18:52.204 [info] Discover tests for workspace name: capsule - uri: /root/capsule/code/losses.py
2025-03-04 23:18:55.821 [info] Discover tests for workspace name: capsule - uri: /root/capsule/code/losses.py
2025-03-04 23:19:01.094 [info] Discover tests for workspace name: capsule - uri: /root/capsule/code/losses.py
2025-03-04 23:19:02.329 [info] Discover tests for workspace name: capsule - uri: /root/capsule/code/losses.py
2025-03-04 23:19:04.005 [info] Discover tests for workspace name: capsule - uri: /root/capsule/code/losses.py
2025-03-04 23:19:10.421 [info] Discover tests for workspace name: capsule - uri: /root/capsule/code/losses.py
2025-03-04 23:19:14.423 [info] Discover tests for workspace name: capsule - uri: /root/capsule/code/losses.py
2025-03-04 23:19:19.771 [info] Discover tests for workspace name: capsule - uri: /root/capsule/code/losses.py
2025-03-04 23:19:41.981 [info] Discover tests for workspace name: capsule - uri: /root/capsule/code/losses.py
2025-03-04 23:19:46.186 [info] > conda run -n base --no-capture-output python /.vscode/extensions/ms-python.python-2025.0.0-universal/python_files/get_output_via_markers.py /.vscode/extensions/ms-python.python-2025.0.0-universal/python_files/printEnvVariables.py
2025-03-04 23:19:46.186 [info] shell: bash
2025-03-04 23:26:18.767 [info] Discover tests for workspace name: capsule - uri: /root/capsule/code/losses.py
2025-03-04 23:26:23.995 [info] Discover tests for workspace name: capsule - uri: /root/capsule/code/losses.py
2025-03-04 23:26:26.398 [info] Discover tests for workspace name: capsule - uri: /root/capsule/code/losses.py
2025-03-04 23:26:29.966 [info] Discover tests for workspace name: capsule - uri: /root/capsule/code/losses.py
2025-03-04 23:26:42.346 [info] Discover tests for workspace name: capsule - uri: /root/capsule/code/losses.py
2025-03-04 23:26:44.490 [info] Discover tests for workspace name: capsule - uri: /root/capsule/code/losses.py
2025-03-04 23:26:48.464 [info] Discover tests for workspace name: capsule - uri: /root/capsule/code/losses.py
2025-03-04 23:26:51.847 [info] Discover tests for workspace name: capsule - uri: /root/capsule/code/losses.py
2025-03-04 23:26:55.732 [info] Discover tests for workspace name: capsule - uri: /root/capsule/code/losses.py
2025-03-04 23:27:06.561 [info] Discover tests for workspace name: capsule - uri: /root/capsule/code/losses.py
2025-03-04 23:27:08.309 [info] Discover tests for workspace name: capsule - uri: /root/capsule/code/losses.py
2025-03-04 23:27:34.036 [info] Discover tests for workspace name: capsule - uri: /root/capsule/code/utils.py
2025-03-04 23:36:58.870 [info] Discover tests for workspace name: capsule - uri: /root/capsule/code/losses.py
2025-03-04 23:37:01.220 [info] Discover tests for workspace name: capsule - uri: /root/capsule/code/losses.py
2025-03-04 23:37:10.882 [info] Discover tests for workspace name: capsule - uri: /root/capsule/code/losses.py
2025-03-04 23:37:26.707 [info] Discover tests for workspace name: capsule - uri: /root/capsule/code/losses.py
2025-03-04 23:37:29.312 [info] Discover tests for workspace name: capsule - uri: /root/capsule/code/losses.py
2025-03-04 23:38:00.384 [info] Discover tests for workspace name: capsule - uri: /root/capsule/code/losses.py
2025-03-04 23:38:05.226 [info] Discover tests for workspace name: capsule - uri: /root/capsule/code/losses.py
2025-03-04 23:38:06.632 [info] Discover tests for workspace name: capsule - uri: /root/capsule/code/losses.py
2025-03-04 23:38:14.982 [info] Discover tests for workspace name: capsule - uri: /root/capsule/code/losses.py
2025-03-04 23:38:18.101 [info] Discover tests for workspace name: capsule - uri: /root/capsule/code/losses.py
2025-03-04 23:38:22.650 [info] Discover tests for workspace name: capsule - uri: /root/capsule/code/losses.py
2025-03-04 23:38:24.156 [info] Discover tests for workspace name: capsule - uri: /root/capsule/code/losses.py
2025-03-04 23:38:27.878 [info] Discover tests for workspace name: capsule - uri: /root/capsule/code/losses.py
2025-03-04 23:38:46.788 [info] Discover tests for workspace name: capsule - uri: /root/capsule/code/losses.py
2025-03-04 23:38:47.954 [info] Discover tests for workspace name: capsule - uri: /root/capsule/code/losses.py
2025-03-04 23:38:51.385 [info] Discover tests for workspace name: capsule - uri: /root/capsule/code/losses.py
2025-03-04 23:38:56.948 [info] Discover tests for workspace name: capsule - uri: /root/capsule/code/losses.py
2025-03-04 23:39:02.589 [info] Discover tests for workspace name: capsule - uri: /root/capsule/code/losses.py
2025-03-04 23:40:15.431 [info] Discover tests for workspace name: capsule - uri: /root/capsule/code/losses.py
2025-03-04 23:40:32.748 [info] Discover tests for workspace name: capsule - uri: /root/capsule/code/losses.py
2025-03-04 23:40:34.474 [info] Discover tests for workspace name: capsule - uri: /root/capsule/code/losses.py
2025-03-04 23:40:37.917 [info] Discover tests for workspace name: capsule - uri: /root/capsule/code/losses.py
2025-03-04 23:40:39.390 [info] Discover tests for workspace name: capsule - uri: /root/capsule/code/losses.py
2025-03-04 23:40:40.664 [info] Discover tests for workspace name: capsule - uri: /root/capsule/code/losses.py
2025-03-04 23:42:37.107 [info] Discover tests for workspace name: capsule - uri: /root/capsule/code/losses.py
2025-03-04 23:42:47.918 [info] Discover tests for workspace name: capsule - uri: /root/capsule/code/losses.py
2025-03-04 23:43:20.585 [info] Discover tests for workspace name: capsule - uri: /root/capsule/code/losses.py
2025-03-04 23:43:26.150 [info] Discover tests for workspace name: capsule - uri: /root/capsule/code/losses.py
2025-03-04 23:43:34.533 [info] Discover tests for workspace name: capsule - uri: /root/capsule/code/losses.py
2025-03-04 23:43:36.572 [info] Discover tests for workspace name: capsule - uri: /root/capsule/code/losses.py
2025-03-04 23:43:43.080 [info] Discover tests for workspace name: capsule - uri: /root/capsule/code/losses.py
2025-03-04 23:43:46.109 [info] Discover tests for workspace name: capsule - uri: /root/capsule/code/losses.py
2025-03-04 23:44:00.102 [info] Discover tests for workspace name: capsule - uri: /root/capsule/code/losses.py
2025-03-04 23:44:14.886 [info] Discover tests for workspace name: capsule - uri: /root/capsule/code/losses.py
2025-03-04 23:44:19.523 [info] Discover tests for workspace name: capsule - uri: /root/capsule/code/losses.py
2025-03-04 23:44:21.688 [info] Discover tests for workspace name: capsule - uri: /root/capsule/code/losses.py
2025-03-04 23:44:24.549 [info] Discover tests for workspace name: capsule - uri: /root/capsule/code/losses.py
2025-03-04 23:44:29.937 [info] Discover tests for workspace name: capsule - uri: /root/capsule/code/losses.py
2025-03-04 23:44:35.908 [info] Discover tests for workspace name: capsule - uri: /root/capsule/code/losses.py
2025-03-04 23:44:40.334 [info] Discover tests for workspace name: capsule - uri: /root/capsule/code/losses.py
2025-03-04 23:44:41.437 [info] Discover tests for workspace name: capsule - uri: /root/capsule/code/losses.py
2025-03-04 23:44:43.789 [info] Discover tests for workspace name: capsule - uri: /root/capsule/code/losses.py
2025-03-04 23:44:50.217 [info] Discover tests for workspace name: capsule - uri: /root/capsule/code/losses.py
2025-03-04 23:44:55.140 [info] Discover tests for workspace name: capsule - uri: /root/capsule/code/losses.py
2025-03-04 23:45:00.034 [info] Discover tests for workspace name: capsule - uri: /root/capsule/code/losses.py
2025-03-04 23:45:03.534 [info] Discover tests for workspace name: capsule - uri: /root/capsule/code/losses.py
2025-03-04 23:45:10.239 [info] Discover tests for workspace name: capsule - uri: /root/capsule/code/losses.py
2025-03-04 23:45:16.647 [info] Discover tests for workspace name: capsule - uri: /root/capsule/code/losses.py
2025-03-04 23:45:25.988 [info] Discover tests for workspace name: capsule - uri: /root/capsule/code/losses.py
2025-03-04 23:45:30.786 [info] Discover tests for workspace name: capsule - uri: /root/capsule/code/losses.py
2025-03-04 23:45:33.831 [info] Discover tests for workspace name: capsule - uri: /root/capsule/code/losses.py
2025-03-04 23:45:39.172 [info] Discover tests for workspace name: capsule - uri: /root/capsule/code/losses.py
2025-03-04 23:45:41.819 [info] Discover tests for workspace name: capsule - uri: /root/capsule/code/losses.py
2025-03-04 23:45:49.400 [info] Discover tests for workspace name: capsule - uri: /root/capsule/code/losses.py
2025-03-04 23:45:58.001 [info] Discover tests for workspace name: capsule - uri: /root/capsule/code/losses.py
2025-03-04 23:46:12.101 [info] Discover tests for workspace name: capsule - uri: /root/capsule/code/losses.py
2025-03-04 23:46:15.007 [info] Discover tests for workspace name: capsule - uri: /root/capsule/code/losses.py
2025-03-04 23:46:22.736 [info] Discover tests for workspace name: capsule - uri: /root/capsule/code/losses.py
2025-03-04 23:46:25.131 [info] Discover tests for workspace name: capsule - uri: /root/capsule/code/losses.py
2025-03-04 23:46:26.925 [info] Discover tests for workspace name: capsule - uri: /root/capsule/code/losses.py
2025-03-04 23:46:29.405 [info] Discover tests for workspace name: capsule - uri: /root/capsule/code/losses.py
2025-03-04 23:46:37.614 [info] Discover tests for workspace name: capsule - uri: /root/capsule/code/losses.py
2025-03-04 23:46:38.852 [info] Discover tests for workspace name: capsule - uri: /root/capsule/code/losses.py
2025-03-04 23:46:43.467 [info] Discover tests for workspace name: capsule - uri: /root/capsule/code/losses.py
2025-03-04 23:46:48.328 [info] Discover tests for workspace name: capsule - uri: /root/capsule/code/losses.py
2025-03-04 23:46:50.943 [info] Discover tests for workspace name: capsule - uri: /root/capsule/code/losses.py
2025-03-04 23:46:53.818 [info] Discover tests for workspace name: capsule - uri: /root/capsule/code/losses.py
2025-03-04 23:46:59.051 [info] Discover tests for workspace name: capsule - uri: /root/capsule/code/losses.py
2025-03-04 23:47:04.319 [info] Discover tests for workspace name: capsule - uri: /root/capsule/code/losses.py
2025-03-04 23:47:08.051 [info] Discover tests for workspace name: capsule - uri: /root/capsule/code/losses.py
2025-03-04 23:47:12.637 [info] Discover tests for workspace name: capsule - uri: /root/capsule/code/losses.py
2025-03-04 23:47:23.834 [info] Discover tests for workspace name: capsule - uri: /root/capsule/code/losses.py
2025-03-04 23:47:33.506 [info] Discover tests for workspace name: capsule - uri: /root/capsule/code/losses.py
2025-03-04 23:47:51.533 [info] Discover tests for workspace name: capsule - uri: /root/capsule/code/losses.py
2025-03-04 23:47:54.730 [info] Discover tests for workspace name: capsule - uri: /root/capsule/code/losses.py
2025-03-04 23:48:16.439 [info] Discover tests for workspace name: capsule - uri: /root/capsule/code/losses.py
2025-03-04 23:48:23.505 [info] Discover tests for workspace name: capsule - uri: /root/capsule/code/losses.py
2025-03-04 23:48:32.209 [info] Discover tests for workspace name: capsule - uri: /root/capsule/code/losses.py
2025-03-04 23:48:41.214 [info] Discover tests for workspace name: capsule - uri: /root/capsule/code/losses.py
2025-03-04 23:48:45.242 [info] Discover tests for workspace name: capsule - uri: /root/capsule/code/losses.py
2025-03-04 23:48:49.055 [info] Discover tests for workspace name: capsule - uri: /root/capsule/code/losses.py
2025-03-04 23:48:53.241 [info] Discover tests for workspace name: capsule - uri: /root/capsule/code/losses.py
2025-03-04 23:49:01.140 [info] Discover tests for workspace name: capsule - uri: /root/capsule/code/losses.py
2025-03-04 23:49:04.585 [info] Discover tests for workspace name: capsule - uri: /root/capsule/code/losses.py
2025-03-04 23:49:10.592 [info] Discover tests for workspace name: capsule - uri: /root/capsule/code/losses.py
2025-03-04 23:49:15.020 [info] Discover tests for workspace name: capsule - uri: /root/capsule/code/losses.py
2025-03-04 23:49:22.403 [info] Discover tests for workspace name: capsule - uri: /root/capsule/code/losses.py
2025-03-04 23:49:30.727 [info] Discover tests for workspace name: capsule - uri: /root/capsule/code/losses.py
2025-03-04 23:49:33.456 [info] Discover tests for workspace name: capsule - uri: /root/capsule/code/losses.py
2025-03-04 23:51:46.666 [info] Discover tests for workspace name: capsule - uri: /root/capsule/code/losses.py
2025-03-04 23:51:52.060 [info] > conda run -n base --no-capture-output python /.vscode/extensions/ms-python.python-2025.0.0-universal/python_files/get_output_via_markers.py /.vscode/extensions/ms-python.python-2025.0.0-universal/python_files/printEnvVariables.py
2025-03-04 23:51:52.060 [info] shell: bash
2025-03-04 23:54:18.561 [info] Discover tests for workspace name: capsule - uri: /root/capsule/code/losses.py
2025-03-04 23:54:26.793 [info] Discover tests for workspace name: capsule - uri: /root/capsule/code/losses.py
2025-03-05 00:03:32.239 [info] > conda run -n base --no-capture-output python /.vscode/extensions/ms-python.python-2025.0.0-universal/python_files/get_output_via_markers.py /.vscode/extensions/ms-python.python-2025.0.0-universal/python_files/printEnvVariables.py
2025-03-05 00:03:32.239 [info] shell: bash
2025-03-05 00:08:34.788 [info] Discover tests for workspace name: capsule - uri: /root/capsule/code/training.py
2025-03-05 00:08:38.330 [info] Discover tests for workspace name: capsule - uri: /root/capsule/code/training.py
2025-03-05 00:09:22.534 [info] Discover tests for workspace name: capsule - uri: /root/capsule/code/training.py
2025-03-05 00:25:16.914 [info] Discover tests for workspace name: capsule - uri: /root/capsule/code/training.py
2025-03-05 00:25:20.104 [info] Discover tests for workspace name: capsule - uri: /root/capsule/code/training.py
2025-03-05 00:25:22.136 [info] Discover tests for workspace name: capsule - uri: /root/capsule/code/training.py
2025-03-05 00:25:26.285 [info] Discover tests for workspace name: capsule - uri: /root/capsule/code/training.py
2025-03-05 00:25:27.911 [info] Discover tests for workspace name: capsule - uri: /root/capsule/code/training.py
2025-03-05 00:25:28.955 [info] Discover tests for workspace name: capsule - uri: /root/capsule/code/training.py
2025-03-05 00:25:29.994 [info] Discover tests for workspace name: capsule - uri: /root/capsule/code/training.py
2025-03-05 00:25:31.521 [info] Discover tests for workspace name: capsule - uri: /root/capsule/code/training.py
2025-03-05 00:25:50.757 [info] Discover tests for workspace name: capsule - uri: /root/capsule/code/training.py
2025-03-05 00:25:52.493 [info] Discover tests for workspace name: capsule - uri: /root/capsule/code/training.py
2025-03-05 00:25:53.906 [info] Discover tests for workspace name: capsule - uri: /root/capsule/code/training.py
2025-03-05 00:25:55.872 [info] Discover tests for workspace name: capsule - uri: /root/capsule/code/training.py
2025-03-05 00:25:56.952 [info] Discover tests for workspace name: capsule - uri: /root/capsule/code/training.py
2025-03-05 00:25:58.609 [info] Discover tests for workspace name: capsule - uri: /root/capsule/code/training.py
2025-03-05 00:26:00.055 [info] Discover tests for workspace name: capsule - uri: /root/capsule/code/training.py
2025-03-05 00:26:04.585 [info] Discover tests for workspace name: capsule - uri: /root/capsule/code/training.py
2025-03-05 00:26:22.391 [info] Discover tests for workspace name: capsule - uri: /root/capsule/code/training.py
2025-03-05 00:26:24.555 [info] Discover tests for workspace name: capsule - uri: /root/capsule/code/training.py
2025-03-05 00:26:27.794 [info] Discover tests for workspace name: capsule - uri: /root/capsule/code/training.py
2025-03-05 00:26:33.165 [info] Discover tests for workspace name: capsule - uri: /root/capsule/code/training.py
2025-03-05 00:26:38.647 [info] Discover tests for workspace name: capsule - uri: /root/capsule/code/training.py
2025-03-05 00:26:39.734 [info] Discover tests for workspace name: capsule - uri: /root/capsule/code/training.py
2025-03-05 00:26:41.744 [info] Discover tests for workspace name: capsule - uri: /root/capsule/code/training.py
2025-03-05 00:26:42.793 [info] Discover tests for workspace name: capsule - uri: /root/capsule/code/training.py
2025-03-05 00:26:44.545 [info] Discover tests for workspace name: capsule - uri: /root/capsule/code/training.py
2025-03-05 00:26:45.625 [info] Discover tests for workspace name: capsule - uri: /root/capsule/code/training.py
2025-03-05 00:26:46.921 [info] Discover tests for workspace name: capsule - uri: /root/capsule/code/training.py
2025-03-05 00:26:49.518 [info] Discover tests for workspace name: capsule - uri: /root/capsule/code/training.py
2025-03-05 00:26:50.643 [info] Discover tests for workspace name: capsule - uri: /root/capsule/code/training.py
2025-03-05 00:26:51.771 [info] Discover tests for workspace name: capsule - uri: /root/capsule/code/training.py
2025-03-05 00:26:57.376 [info] Discover tests for workspace name: capsule - uri: /root/capsule/code/training.py
2025-03-05 00:26:59.687 [info] Discover tests for workspace name: capsule - uri: /root/capsule/code/training.py
2025-03-05 00:27:08.474 [info] Discover tests for workspace name: capsule - uri: /root/capsule/code/training.py
2025-03-05 00:27:14.216 [info] Discover tests for workspace name: capsule - uri: /root/capsule/code/training.py
2025-03-05 00:27:18.455 [info] Discover tests for workspace name: capsule - uri: /root/capsule/code/training.py
2025-03-05 00:27:30.955 [info] Discover tests for workspace name: capsule - uri: /root/capsule/code/training.py
2025-03-05 00:27:32.587 [info] Discover tests for workspace name: capsule - uri: /root/capsule/code/training.py
2025-03-05 00:27:34.116 [info] Discover tests for workspace name: capsule - uri: /root/capsule/code/training.py
2025-03-05 00:27:37.954 [info] Discover tests for workspace name: capsule - uri: /root/capsule/code/training.py
2025-03-05 00:28:01.362 [info] Discover tests for workspace name: capsule - uri: /root/capsule/code/training.py
2025-03-05 00:28:02.458 [info] Discover tests for workspace name: capsule - uri: /root/capsule/code/training.py
2025-03-05 00:28:03.642 [info] Discover tests for workspace name: capsule - uri: /root/capsule/code/training.py
2025-03-05 00:28:05.221 [info] Discover tests for workspace name: capsule - uri: /root/capsule/code/training.py
2025-03-05 00:28:11.029 [info] Discover tests for workspace name: capsule - uri: /root/capsule/code/training.py
2025-03-05 00:28:12.127 [info] Discover tests for workspace name: capsule - uri: /root/capsule/code/training.py
2025-03-05 00:28:13.274 [info] Discover tests for workspace name: capsule - uri: /root/capsule/code/training.py
2025-03-05 00:28:14.492 [info] Discover tests for workspace name: capsule - uri: /root/capsule/code/training.py
2025-03-05 00:28:16.911 [info] Discover tests for workspace name: capsule - uri: /root/capsule/code/training.py
2025-03-05 00:28:17.955 [info] Discover tests for workspace name: capsule - uri: /root/capsule/code/training.py
2025-03-05 00:28:19.059 [info] Discover tests for workspace name: capsule - uri: /root/capsule/code/training.py
2025-03-05 00:28:37.975 [info] Discover tests for workspace name: capsule - uri: /root/capsule/code/training.py
2025-03-05 00:28:39.029 [info] Discover tests for workspace name: capsule - uri: /root/capsule/code/training.py
2025-03-05 00:28:45.025 [info] Discover tests for workspace name: capsule - uri: /root/capsule/code/training.py
2025-03-05 00:28:48.190 [info] Discover tests for workspace name: capsule - uri: /root/capsule/code/training.py
2025-03-05 00:28:49.522 [info] Discover tests for workspace name: capsule - uri: /root/capsule/code/training.py
2025-03-05 00:28:51.444 [info] Discover tests for workspace name: capsule - uri: /root/capsule/code/training.py
2025-03-05 00:28:53.911 [info] Discover tests for workspace name: capsule - uri: /root/capsule/code/training.py
2025-03-05 00:29:09.232 [info] Discover tests for workspace name: capsule - uri: /root/capsule/code/training.py
2025-03-05 00:29:19.785 [info] Discover tests for workspace name: capsule - uri: /root/capsule/code/training.py
2025-03-05 00:29:51.687 [info] Discover tests for workspace name: capsule - uri: /root/capsule/code/training.py
2025-03-05 00:30:01.871 [info] Discover tests for workspace name: capsule - uri: /root/capsule/code/training.py
2025-03-05 00:30:04.957 [info] Discover tests for workspace name: capsule - uri: /root/capsule/code/training.py
2025-03-05 00:30:08.631 [info] Discover tests for workspace name: capsule - uri: /root/capsule/code/training.py
2025-03-05 00:30:12.239 [info] Discover tests for workspace name: capsule - uri: /root/capsule/code/training.py
2025-03-05 00:30:14.009 [info] Discover tests for workspace name: capsule - uri: /root/capsule/code/training.py
2025-03-05 00:30:15.066 [info] Discover tests for workspace name: capsule - uri: /root/capsule/code/training.py
2025-03-05 00:30:18.215 [info] Discover tests for workspace name: capsule - uri: /root/capsule/code/training.py
2025-03-05 00:30:20.265 [info] Discover tests for workspace name: capsule - uri: /root/capsule/code/training.py
2025-03-05 00:30:22.374 [info] Discover tests for workspace name: capsule - uri: /root/capsule/code/training.py
2025-03-05 00:30:23.834 [info] Discover tests for workspace name: capsule - uri: /root/capsule/code/training.py
2025-03-05 00:30:26.089 [info] Discover tests for workspace name: capsule - uri: /root/capsule/code/training.py
2025-03-05 00:30:28.869 [info] Discover tests for workspace name: capsule - uri: /root/capsule/code/training.py
2025-03-05 00:30:30.089 [info] Discover tests for workspace name: capsule - uri: /root/capsule/code/training.py
2025-03-05 00:30:34.280 [info] Discover tests for workspace name: capsule - uri: /root/capsule/code/training.py
2025-03-05 00:30:35.331 [info] Discover tests for workspace name: capsule - uri: /root/capsule/code/training.py
2025-03-05 00:30:37.983 [info] Discover tests for workspace name: capsule - uri: /root/capsule/code/training.py
2025-03-05 00:30:41.666 [info] Discover tests for workspace name: capsule - uri: /root/capsule/code/training.py
2025-03-05 00:30:42.927 [info] Discover tests for workspace name: capsule - uri: /root/capsule/code/training.py
2025-03-05 00:30:44.081 [info] Discover tests for workspace name: capsule - uri: /root/capsule/code/training.py
2025-03-05 00:30:47.405 [info] Discover tests for workspace name: capsule - uri: /root/capsule/code/training.py
2025-03-05 00:30:50.383 [info] Discover tests for workspace name: capsule - uri: /root/capsule/code/training.py
2025-03-05 00:30:51.444 [info] Discover tests for workspace name: capsule - uri: /root/capsule/code/training.py
2025-03-05 00:31:20.063 [info] Discover tests for workspace name: capsule - uri: /root/capsule/code/training.py
2025-03-05 00:31:23.230 [info] Discover tests for workspace name: capsule - uri: /root/capsule/code/training.py
2025-03-05 00:31:42.245 [info] Discover tests for workspace name: capsule - uri: /root/capsule/code/training.py
2025-03-05 00:32:12.535 [info] Discover tests for workspace name: capsule - uri: /root/capsule/code/training.py
2025-03-05 00:32:24.793 [info] Discover tests for workspace name: capsule - uri: /root/capsule/code/training.py
2025-03-05 00:32:26.540 [info] Discover tests for workspace name: capsule - uri: /root/capsule/code/training.py
2025-03-05 00:32:55.199 [info] Discover tests for workspace name: capsule - uri: /root/capsule/code/main.py
2025-03-05 00:33:01.432 [info] Discover tests for workspace name: capsule - uri: /root/capsule/code/main.py
2025-03-05 00:33:02.841 [info] Discover tests for workspace name: capsule - uri: /root/capsule/code/main.py
2025-03-05 00:33:08.355 [info] Discover tests for workspace name: capsule - uri: /root/capsule/code/main.py
2025-03-05 00:33:13.558 [info] Discover tests for workspace name: capsule - uri: /root/capsule/code/main.py
2025-03-05 00:33:14.708 [info] Discover tests for workspace name: capsule - uri: /root/capsule/code/main.py
2025-03-05 00:33:16.107 [info] Discover tests for workspace name: capsule - uri: /root/capsule/code/main.py
2025-03-05 00:33:42.708 [info] Discover tests for workspace name: capsule - uri: /root/capsule/code/main.py
2025-03-05 00:33:54.179 [info] Discover tests for workspace name: capsule - uri: /root/capsule/code/training.py
2025-03-05 00:33:56.235 [info] Discover tests for workspace name: capsule - uri: /root/capsule/code/training.py
2025-03-05 00:34:15.202 [info] Discover tests for workspace name: capsule - uri: /root/capsule/code/main.py
2025-03-05 00:34:22.785 [info] Discover tests for workspace name: capsule - uri: /root/capsule/code/training.py
2025-03-05 00:34:25.422 [info] Discover tests for workspace name: capsule - uri: /root/capsule/code/training.py
2025-03-05 00:34:28.775 [info] Discover tests for workspace name: capsule - uri: /root/capsule/code/training.py
2025-03-05 00:34:47.376 [info] Discover tests for workspace name: capsule - uri: /root/capsule/code/main.py
2025-03-05 00:35:09.948 [info] Discover tests for workspace name: capsule - uri: /root/capsule/code/training.py
2025-03-05 00:35:21.073 [info] Discover tests for workspace name: capsule - uri: /root/capsule/code/training.py
2025-03-05 00:35:32.090 [info] Discover tests for workspace name: capsule - uri: /root/capsule/code/main.py
2025-03-05 00:35:38.145 [info] Discover tests for workspace name: capsule - uri: /root/capsule/code/main.py
2025-03-05 00:35:44.179 [info] Discover tests for workspace name: capsule - uri: /root/capsule/code/main.py
2025-03-05 00:35:53.877 [info] Discover tests for workspace name: capsule - uri: /root/capsule/code/main.py
2025-03-05 00:35:55.528 [info] Discover tests for workspace name: capsule - uri: /root/capsule/code/main.py
2025-03-05 00:35:56.792 [info] Discover tests for workspace name: capsule - uri: /root/capsule/code/main.py
2025-03-05 00:36:10.731 [info] Discover tests for workspace name: capsule - uri: /root/capsule/code/training.py
2025-03-05 00:36:12.490 [info] Discover tests for workspace name: capsule - uri: /root/capsule/code/training.py
2025-03-05 00:36:18.222 [info] Discover tests for workspace name: capsule - uri: /root/capsule/code/training.py
2025-03-05 00:36:45.039 [info] Discover tests for workspace name: capsule - uri: /root/capsule/code/main.py
2025-03-05 00:36:59.263 [info] Discover tests for workspace name: capsule - uri: /root/capsule/code/training.py
2025-03-05 00:37:01.195 [info] Discover tests for workspace name: capsule - uri: /root/capsule/code/training.py
