2025-06-06 18:19:44.884 [info] Experiment 'pythonRecommendTensorboardExt' is active
2025-06-06 18:19:44.884 [info] Experiment 'pythonTerminalEnvVarActivation' is active
2025-06-06 18:19:44.884 [warning] Dir "/root/capsule/.pixi/envs" is not watchable (directory does not exist)
2025-06-06 18:19:44.884 [info] > conda info --json
2025-06-06 18:19:44.884 [info] > pyenv which python
2025-06-06 18:19:44.884 [info] cwd: .
2025-06-06 18:19:44.950 [info] > python -c "import sys;print(sys.executable)"
2025-06-06 18:19:44.979 [info] > conda info --json
2025-06-06 18:19:44.979 [info] shell: bash
2025-06-06 18:19:46.090 [info] > conda run -n base --no-capture-output python /.vscode/extensions/ms-python.python-2025.0.0-universal/python_files/get_output_via_markers.py /.vscode/extensions/ms-python.python-2025.0.0-universal/python_files/printEnvVariables.py
2025-06-06 18:19:46.090 [info] shell: bash
2025-06-06 18:19:46.188 [info] > /opt/conda/bin/python -I /.vscode/extensions/ms-python.python-2025.0.0-universal/python_files/get_output_via_markers.py /.vscode/extensions/ms-python.python-2025.0.0-universal/python_files/interpreterInfo.py
2025-06-06 18:19:46.196 [info] Starting Jedi language server for capsule.
2025-06-06 18:19:46.325 [info] Python interpreter path: /opt/conda/bin/python
2025-06-06 18:19:46.336 [info] > pyenv which python
2025-06-06 18:19:46.336 [info] cwd: .
2025-06-06 18:19:48.028 [info] > python /.vscode/extensions/ms-python.python-2025.0.0-universal/python_files/printEnvVariables.py
2025-06-06 18:19:48.028 [info] shell: bash
2025-06-06 18:19:48.093 [info] Setting environment variable CONDA_ROOT in collection to /opt/conda {"applyAtShellIntegration":true,"applyAtProcessCreation":true}
2025-06-06 18:19:48.093 [info] Setting environment variable NVCC_PREPEND_FLAGS in collection to  -ccbin=/opt/conda/bin/x86_64-conda-linux-gnu-c++ -ccbin=/opt/conda/bin/x86_64-conda-linux-gnu-c++ {"applyAtShellIntegration":true,"applyAtProcessCreation":true}
2025-06-06 18:19:48.093 [info] Setting environment variable NVCC_PREPEND_FLAGS_BACKUP in collection to  -ccbin=/opt/conda/bin/x86_64-conda-linux-gnu-c++ {"applyAtShellIntegration":true,"applyAtProcessCreation":true}
2025-06-06 18:19:48.095 [info] Send text to terminal: python /.vscode/extensions/ms-python.python-2025.0.0-universal/python_files/printEnvVariablesToFile.py /.vscode/extensions/ms-python.python-2025.0.0-universal/python_files/deactivate/bash/envVars.txt
2025-06-06 18:35:07.101 [info] Starting Environment refresh
2025-06-06 18:35:07.101 [info] Searching for interpreters in posix paths locator
2025-06-06 18:35:07.103 [info] Searching for pyenv environments
2025-06-06 18:35:07.103 [info] Searching for conda environments
2025-06-06 18:35:07.103 [info] Searching for global virtual environments
2025-06-06 18:35:07.103 [info] Searching for custom virtual environments
2025-06-06 18:35:07.116 [info] > conda info --json
2025-06-06 18:35:07.116 [info] > hatch env show --json
2025-06-06 18:35:07.116 [info] cwd: .
2025-06-06 18:35:07.120 [info] pyenv is not installed
2025-06-06 18:35:07.120 [info] Finished searching for pyenv environments: 18 milliseconds
2025-06-06 18:35:07.120 [info] Finished searching for custom virtual envs: 18 milliseconds
2025-06-06 18:35:07.122 [info] Finished searching for global virtual envs: 20 milliseconds
2025-06-06 18:35:07.135 [info] Found: /opt/conda/bin/python --> /opt/conda/bin/python3.12
2025-06-06 18:35:07.135 [info] Found: /opt/conda/bin/python3 --> /opt/conda/bin/python3.12
2025-06-06 18:35:07.136 [info] Found: /opt/conda/bin/python3.1 --> /opt/conda/bin/python3.12
2025-06-06 18:35:07.136 [info] Found: /opt/conda/bin/python3.12 --> /opt/conda/bin/python3.12
2025-06-06 18:35:07.136 [info] Finished searching for interpreters in posix paths locator: 35 milliseconds
2025-06-06 18:35:07.802 [info] Finished searching for conda environments: 700 milliseconds
2025-06-06 18:35:07.803 [info] Environments refresh paths discovered (event): 703 milliseconds
2025-06-06 18:35:07.803 [info] Environments refresh paths discovered: 703 milliseconds
2025-06-06 18:35:07.804 [info] Environments refresh finished (event): 704 milliseconds
2025-06-06 18:35:07.808 [info] Environment refresh took 709 milliseconds
2025-06-06 18:35:33.410 [info] > conda run -n base --no-capture-output python /.vscode/extensions/ms-python.python-2025.0.0-universal/python_files/get_output_via_markers.py /.vscode/extensions/ms-python.python-2025.0.0-universal/python_files/printEnvVariables.py
2025-06-06 18:35:33.410 [info] shell: bash
2025-06-06 18:35:33.429 [info] > conda run -n base --no-capture-output python /.vscode/extensions/ms-python.python-2025.0.0-universal/python_files/get_output_via_markers.py /.vscode/extensions/ms-python.python-2025.0.0-universal/python_files/printEnvVariables.py
2025-06-06 18:35:33.429 [info] shell: bash
2025-06-06 18:36:03.959 [info] Searching for conda environments
2025-06-06 18:36:03.967 [info] > conda info --json
2025-06-06 18:36:04.130 [info] Environments refresh finished (event): 171 milliseconds
2025-06-06 18:36:04.130 [info] Environments refresh paths discovered: 171 milliseconds
2025-06-06 18:36:09.830 [info] Discover tests for workspace name: capsule - uri: /root/capsule/code/.vscode/User/settings.json
