code-server (1.95.3, codeocean.allenneuraldynamics.org, server-distro)
Jupyter Extension Version: 2024.10.0.
Python Extension Version: 2025.4.0.
Pylance Extension not installed.
Platform: linux (x64).
Temp Storage folder ~/capsule/code/.vscode/User/globalStorage/ms-toolsai.jupyter/version-2024.10.0
Workspace folder ~/capsule, Home = /root
20:36:57.852 [info] Starting Kernel (Python Path: /opt/conda/bin/python, Conda, 3.12.4) for '~/capsule/code/testing_code_training.ipynb' (disableUI=true)
20:37:00.708 [info] Process Execution: /opt/conda/bin/python -m pip list
20:37:00.730 [info] Process Execution: /opt/conda/bin/python -c "import ipykernel; print(ipykernel.__version__); print("5dc3a68c-e34e-4080-9c3e-2a532b2ccb4d"); print(ipykernel.__file__)"
20:37:00.734 [info] Process Execution: /opt/conda/bin/python -m ipykernel_launcher --f=/~/.local/share/jupyter/runtime/kernel-v33ccffb75ec1d6d8554d08c248d1e729d01697e49.json
    > cwd: //~/capsule/code
20:37:01.202 [info] Kernel successfully started
20:37:01.210 [info] Process Execution: /opt/conda/bin/python /.vscode/extensions/ms-toolsai.jupyter-2024.10.0-universal/pythonFiles/printJupyterDataDir.py
20:42:17.352 [info] Dispose Kernel '~/capsule/code/testing_code_training.ipynb' associated with '~/capsule/code/testing_code_training.ipynb'
20:42:17.379 [warn] Failed to delete connection file file:///~/.local/share/jupyter/runtime/kernel-v33ccffb75ec1d6d8554d08c248d1e729d01697e49.json for pid 26376 [Canceled (FileSystemError): Canceled
	at Qi.e (file:///.code-server/code-server-4.95.3-linux-amd64/lib/vscode/out/vs/workbench/api/node/extensionHostProcess.js:114:9853)
	at Object.stat (file:///.code-server/code-server-4.95.3-linux-amd64/lib/vscode/out/vs/workbench/api/node/extensionHostProcess.js:114:7007)
	at async Bc.delete (/.vscode/extensions/ms-toolsai.jupyter-2024.10.0-universal/dist/extension.node.js:239:15448)
	at async /.vscode/extensions/ms-toolsai.jupyter-2024.10.0-universal/dist/extension.node.js:303:469] {
  code: 'Unknown'
}
