2025-03-04 18:57:33.524 [info] [main] Log level: Info
2025-03-04 18:57:33.524 [info] [main] Validating found git in: "git"
2025-03-04 18:57:33.524 [info] [main] Using git "2.34.1" from "git"
2025-03-04 18:57:33.524 [info] [Model][doInitialScan] Initial repository scan started
2025-03-04 18:57:33.524 [info] > git rev-parse --show-toplevel [2ms]
2025-03-04 18:57:33.524 [info] > git rev-parse --git-dir --git-common-dir [1ms]
2025-03-04 18:57:33.524 [info] [Model][openRepository] Opened repository: /root/capsule
2025-03-04 18:57:33.524 [info] > git rev-parse --show-toplevel [6ms]
2025-03-04 18:57:33.524 [info] > git config --get commit.template [8ms]
2025-03-04 18:57:33.524 [info] > git for-each-ref --format=%(refname)%00%(upstream:short)%00%(objectname)%00%(upstream:track)%00%(upstream:remotename)%00%(upstream:remoteref) refs/heads/master refs/remotes/master [5ms]
2025-03-04 18:57:33.524 [warning] [Git][getBranch] No such branch: master
2025-03-04 18:57:33.524 [info] > git rev-parse --show-toplevel [693ms]
2025-03-04 18:57:33.524 [info] > git status -z -uall [14ms]
2025-03-04 18:57:33.524 [info] > git for-each-ref --sort -committerdate --format %(refname) %(objectname) %(*objectname) [12ms]
2025-03-04 18:57:33.524 [info] > git for-each-ref --format=%(refname)%00%(upstream:short)%00%(objectname)%00%(upstream:track)%00%(upstream:remotename)%00%(upstream:remoteref) refs/heads/master refs/remotes/master [18ms]
2025-03-04 18:57:33.524 [warning] [Git][getBranch] No such branch: master
2025-03-04 18:57:33.524 [error] [GitHistoryProvider][resolveHEADMergeBase] Failed to resolve merge base for master: Error: No such branch: master.
2025-03-04 18:57:33.524 [info] > git rev-parse --show-toplevel [29ms]
2025-03-04 18:57:33.524 [info] > git config --get commit.template [17ms]
2025-03-04 18:57:33.524 [info] > git rev-parse --show-toplevel [2ms]
2025-03-04 18:57:33.525 [info] > git rev-parse --show-toplevel [1ms]
2025-03-04 18:57:33.526 [info] > git for-each-ref --format=%(refname)%00%(upstream:short)%00%(objectname)%00%(upstream:track)%00%(upstream:remotename)%00%(upstream:remoteref) refs/heads/master refs/remotes/master [4ms]
2025-03-04 18:57:33.526 [warning] [Git][getBranch] No such branch: master
2025-03-04 18:57:33.535 [info] > git status -z -uall [7ms]
2025-03-04 18:57:33.536 [info] > git rev-parse --show-toplevel [2ms]
2025-03-04 18:57:33.538 [info] [Model][doInitialScan] Initial repository scan completed - repositories (1), closed repositories (0), parent repositories (0), unsafe repositories (0)
2025-03-04 18:57:33.538 [info] > git for-each-ref --sort -committerdate --format %(refname) %(objectname) %(*objectname) [7ms]
2025-03-04 18:57:34.740 [info] > git check-ignore -v -z --stdin [4ms]
2025-03-04 18:57:56.789 [info] > git show --textconv :code/model.py [4ms]
2025-03-04 18:57:56.790 [info] > git ls-files --stage -- /root/capsule/code/model.py [2ms]
2025-03-04 19:11:40.094 [info] > git for-each-ref --format=%(refname)%00%(upstream:short)%00%(objectname)%00%(upstream:track)%00%(upstream:remotename)%00%(upstream:remoteref) refs/heads/master refs/remotes/master [1ms]
2025-03-04 19:11:40.095 [warning] [Git][getBranch] No such branch: master
2025-03-04 19:11:40.095 [info] > git config --get commit.template [9ms]
2025-03-04 19:11:40.109 [info] > git status -z -uall [7ms]
2025-03-04 19:11:40.110 [info] > git for-each-ref --sort -committerdate --format %(refname) %(objectname) %(*objectname) [2ms]
2025-03-04 19:11:45.130 [info] > git for-each-ref --format=%(refname)%00%(upstream:short)%00%(objectname)%00%(upstream:track)%00%(upstream:remotename)%00%(upstream:remoteref) refs/heads/master refs/remotes/master [2ms]
2025-03-04 19:11:45.131 [warning] [Git][getBranch] No such branch: master
2025-03-04 19:11:45.131 [info] > git config --get commit.template [10ms]
2025-03-04 19:11:45.143 [info] > git status -z -uall [6ms]
2025-03-04 19:11:45.144 [info] > git for-each-ref --sort -committerdate --format %(refname) %(objectname) %(*objectname) [1ms]
2025-03-04 19:19:19.526 [info] > git for-each-ref --format=%(refname)%00%(upstream:short)%00%(objectname)%00%(upstream:track)%00%(upstream:remotename)%00%(upstream:remoteref) refs/heads/master refs/remotes/master [2ms]
2025-03-04 19:19:19.526 [warning] [Git][getBranch] No such branch: master
2025-03-04 19:19:19.526 [info] > git config --get commit.template [10ms]
2025-03-04 19:19:19.543 [info] > git status -z -uall [9ms]
2025-03-04 19:19:19.544 [info] > git for-each-ref --sort -committerdate --format %(refname) %(objectname) %(*objectname) [2ms]
2025-03-04 19:37:01.132 [info] > git config --get commit.template [8ms]
2025-03-04 19:37:01.132 [info] > git for-each-ref --format=%(refname)%00%(upstream:short)%00%(objectname)%00%(upstream:track)%00%(upstream:remotename)%00%(upstream:remoteref) refs/heads/master refs/remotes/master [1ms]
2025-03-04 19:37:01.132 [warning] [Git][getBranch] No such branch: master
2025-03-04 19:37:01.148 [info] > git status -z -uall [8ms]
2025-03-04 19:37:01.148 [info] > git for-each-ref --sort -committerdate --format %(refname) %(objectname) %(*objectname) [1ms]
2025-03-04 19:37:42.957 [info] > git config --get commit.template [8ms]
2025-03-04 19:37:42.957 [info] > git for-each-ref --format=%(refname)%00%(upstream:short)%00%(objectname)%00%(upstream:track)%00%(upstream:remotename)%00%(upstream:remoteref) refs/heads/master refs/remotes/master [1ms]
2025-03-04 19:37:42.957 [warning] [Git][getBranch] No such branch: master
2025-03-04 19:37:42.973 [info] > git status -z -uall [8ms]
2025-03-04 19:37:42.974 [info] > git for-each-ref --sort -committerdate --format %(refname) %(objectname) %(*objectname) [2ms]
2025-03-04 19:39:43.712 [info] > git config --get commit.template [9ms]
2025-03-04 19:39:43.712 [info] > git for-each-ref --format=%(refname)%00%(upstream:short)%00%(objectname)%00%(upstream:track)%00%(upstream:remotename)%00%(upstream:remoteref) refs/heads/master refs/remotes/master [1ms]
2025-03-04 19:39:43.712 [warning] [Git][getBranch] No such branch: master
2025-03-04 19:39:43.727 [info] > git status -z -uall [8ms]
2025-03-04 19:39:43.728 [info] > git for-each-ref --sort -committerdate --format %(refname) %(objectname) %(*objectname) [1ms]
2025-03-04 20:01:19.545 [info] > git config --get commit.template [8ms]
2025-03-04 20:01:19.546 [info] > git for-each-ref --format=%(refname)%00%(upstream:short)%00%(objectname)%00%(upstream:track)%00%(upstream:remotename)%00%(upstream:remoteref) refs/heads/master refs/remotes/master [2ms]
2025-03-04 20:01:19.546 [warning] [Git][getBranch] No such branch: master
2025-03-04 20:01:19.563 [info] > git status -z -uall [9ms]
2025-03-04 20:01:19.564 [info] > git for-each-ref --sort -committerdate --format %(refname) %(objectname) %(*objectname) [1ms]
2025-03-04 20:11:26.990 [info] > git config --get commit.template [9ms]
2025-03-04 20:11:26.991 [info] > git for-each-ref --format=%(refname)%00%(upstream:short)%00%(objectname)%00%(upstream:track)%00%(upstream:remotename)%00%(upstream:remoteref) refs/heads/master refs/remotes/master [1ms]
2025-03-04 20:11:26.991 [warning] [Git][getBranch] No such branch: master
2025-03-04 20:11:27.006 [info] > git status -z -uall [8ms]
2025-03-04 20:11:27.007 [info] > git for-each-ref --sort -committerdate --format %(refname) %(objectname) %(*objectname) [1ms]
2025-03-04 20:11:32.026 [info] > git config --get commit.template [9ms]
2025-03-04 20:11:32.027 [info] > git for-each-ref --format=%(refname)%00%(upstream:short)%00%(objectname)%00%(upstream:track)%00%(upstream:remotename)%00%(upstream:remoteref) refs/heads/master refs/remotes/master [2ms]
2025-03-04 20:11:32.027 [warning] [Git][getBranch] No such branch: master
2025-03-04 20:11:32.042 [info] > git status -z -uall [8ms]
2025-03-04 20:11:32.043 [info] > git for-each-ref --sort -committerdate --format %(refname) %(objectname) %(*objectname) [2ms]
2025-03-04 20:11:37.062 [info] > git config --get commit.template [8ms]
2025-03-04 20:11:37.062 [info] > git for-each-ref --format=%(refname)%00%(upstream:short)%00%(objectname)%00%(upstream:track)%00%(upstream:remotename)%00%(upstream:remoteref) refs/heads/master refs/remotes/master [1ms]
2025-03-04 20:11:37.062 [warning] [Git][getBranch] No such branch: master
2025-03-04 20:11:37.078 [info] > git status -z -uall [8ms]
2025-03-04 20:11:37.079 [info] > git for-each-ref --sort -committerdate --format %(refname) %(objectname) %(*objectname) [1ms]
2025-03-04 20:11:42.098 [info] > git config --get commit.template [8ms]
2025-03-04 20:11:42.099 [info] > git for-each-ref --format=%(refname)%00%(upstream:short)%00%(objectname)%00%(upstream:track)%00%(upstream:remotename)%00%(upstream:remoteref) refs/heads/master refs/remotes/master [1ms]
2025-03-04 20:11:42.099 [warning] [Git][getBranch] No such branch: master
2025-03-04 20:11:42.115 [info] > git status -z -uall [9ms]
2025-03-04 20:11:42.116 [info] > git for-each-ref --sort -committerdate --format %(refname) %(objectname) %(*objectname) [2ms]
2025-03-04 20:11:47.129 [info] > git config --get commit.template [2ms]
2025-03-04 20:11:47.137 [info] > git for-each-ref --format=%(refname)%00%(upstream:short)%00%(objectname)%00%(upstream:track)%00%(upstream:remotename)%00%(upstream:remoteref) refs/heads/master refs/remotes/master [1ms]
2025-03-04 20:11:47.138 [warning] [Git][getBranch] No such branch: master
2025-03-04 20:11:47.153 [info] > git status -z -uall [8ms]
2025-03-04 20:11:47.154 [info] > git for-each-ref --sort -committerdate --format %(refname) %(objectname) %(*objectname) [2ms]
2025-03-04 20:11:52.172 [info] > git config --get commit.template [9ms]
2025-03-04 20:11:52.172 [info] > git for-each-ref --format=%(refname)%00%(upstream:short)%00%(objectname)%00%(upstream:track)%00%(upstream:remotename)%00%(upstream:remoteref) refs/heads/master refs/remotes/master [1ms]
2025-03-04 20:11:52.172 [warning] [Git][getBranch] No such branch: master
2025-03-04 20:11:52.188 [info] > git status -z -uall [8ms]
2025-03-04 20:11:52.188 [info] > git for-each-ref --sort -committerdate --format %(refname) %(objectname) %(*objectname) [1ms]
2025-03-04 20:11:57.207 [info] > git config --get commit.template [8ms]
2025-03-04 20:11:57.207 [info] > git for-each-ref --format=%(refname)%00%(upstream:short)%00%(objectname)%00%(upstream:track)%00%(upstream:remotename)%00%(upstream:remoteref) refs/heads/master refs/remotes/master [1ms]
2025-03-04 20:11:57.208 [warning] [Git][getBranch] No such branch: master
2025-03-04 20:11:57.224 [info] > git status -z -uall [9ms]
2025-03-04 20:11:57.225 [info] > git for-each-ref --sort -committerdate --format %(refname) %(objectname) %(*objectname) [2ms]
2025-03-04 20:12:02.233 [info] > git config --get commit.template [2ms]
2025-03-04 20:12:02.239 [info] > git for-each-ref --format=%(refname)%00%(upstream:short)%00%(objectname)%00%(upstream:track)%00%(upstream:remotename)%00%(upstream:remoteref) refs/heads/master refs/remotes/master [1ms]
2025-03-04 20:12:02.239 [warning] [Git][getBranch] No such branch: master
2025-03-04 20:12:02.250 [info] > git status -z -uall [6ms]
2025-03-04 20:12:02.251 [info] > git for-each-ref --sort -committerdate --format %(refname) %(objectname) %(*objectname) [0ms]
2025-03-04 20:12:07.266 [info] > git config --get commit.template [7ms]
2025-03-04 20:12:07.266 [info] > git for-each-ref --format=%(refname)%00%(upstream:short)%00%(objectname)%00%(upstream:track)%00%(upstream:remotename)%00%(upstream:remoteref) refs/heads/master refs/remotes/master [1ms]
2025-03-04 20:12:07.266 [warning] [Git][getBranch] No such branch: master
2025-03-04 20:12:07.277 [info] > git status -z -uall [5ms]
2025-03-04 20:12:07.279 [info] > git for-each-ref --sort -committerdate --format %(refname) %(objectname) %(*objectname) [2ms]
2025-03-04 20:12:12.297 [info] > git for-each-ref --format=%(refname)%00%(upstream:short)%00%(objectname)%00%(upstream:track)%00%(upstream:remotename)%00%(upstream:remoteref) refs/heads/master refs/remotes/master [1ms]
2025-03-04 20:12:12.298 [warning] [Git][getBranch] No such branch: master
2025-03-04 20:12:12.298 [info] > git config --get commit.template [10ms]
2025-03-04 20:12:12.313 [info] > git status -z -uall [8ms]
2025-03-04 20:12:12.314 [info] > git for-each-ref --sort -committerdate --format %(refname) %(objectname) %(*objectname) [1ms]
2025-03-04 20:12:17.331 [info] > git config --get commit.template [8ms]
2025-03-04 20:12:17.332 [info] > git for-each-ref --format=%(refname)%00%(upstream:short)%00%(objectname)%00%(upstream:track)%00%(upstream:remotename)%00%(upstream:remoteref) refs/heads/master refs/remotes/master [1ms]
2025-03-04 20:12:17.332 [warning] [Git][getBranch] No such branch: master
2025-03-04 20:12:17.347 [info] > git status -z -uall [8ms]
2025-03-04 20:12:17.348 [info] > git for-each-ref --sort -committerdate --format %(refname) %(objectname) %(*objectname) [2ms]
2025-03-04 20:12:22.366 [info] > git config --get commit.template [9ms]
2025-03-04 20:12:22.366 [info] > git for-each-ref --format=%(refname)%00%(upstream:short)%00%(objectname)%00%(upstream:track)%00%(upstream:remotename)%00%(upstream:remoteref) refs/heads/master refs/remotes/master [2ms]
2025-03-04 20:12:22.366 [warning] [Git][getBranch] No such branch: master
2025-03-04 20:12:22.382 [info] > git status -z -uall [8ms]
2025-03-04 20:12:22.382 [info] > git for-each-ref --sort -committerdate --format %(refname) %(objectname) %(*objectname) [1ms]
2025-03-04 20:12:27.401 [info] > git config --get commit.template [8ms]
2025-03-04 20:12:27.401 [info] > git for-each-ref --format=%(refname)%00%(upstream:short)%00%(objectname)%00%(upstream:track)%00%(upstream:remotename)%00%(upstream:remoteref) refs/heads/master refs/remotes/master [1ms]
2025-03-04 20:12:27.401 [warning] [Git][getBranch] No such branch: master
2025-03-04 20:12:27.417 [info] > git status -z -uall [8ms]
2025-03-04 20:12:27.417 [info] > git for-each-ref --sort -committerdate --format %(refname) %(objectname) %(*objectname) [1ms]
2025-03-04 20:12:32.435 [info] > git config --get commit.template [8ms]
2025-03-04 20:12:32.436 [info] > git for-each-ref --format=%(refname)%00%(upstream:short)%00%(objectname)%00%(upstream:track)%00%(upstream:remotename)%00%(upstream:remoteref) refs/heads/master refs/remotes/master [1ms]
2025-03-04 20:12:32.436 [warning] [Git][getBranch] No such branch: master
2025-03-04 20:12:32.452 [info] > git status -z -uall [9ms]
2025-03-04 20:12:32.452 [info] > git for-each-ref --sort -committerdate --format %(refname) %(objectname) %(*objectname) [1ms]
2025-03-04 20:12:37.463 [info] > git config --get commit.template [1ms]
2025-03-04 20:12:37.472 [info] > git for-each-ref --format=%(refname)%00%(upstream:short)%00%(objectname)%00%(upstream:track)%00%(upstream:remotename)%00%(upstream:remoteref) refs/heads/master refs/remotes/master [1ms]
2025-03-04 20:12:37.472 [warning] [Git][getBranch] No such branch: master
2025-03-04 20:12:37.488 [info] > git status -z -uall [9ms]
2025-03-04 20:12:37.488 [info] > git for-each-ref --sort -committerdate --format %(refname) %(objectname) %(*objectname) [1ms]
2025-03-04 20:12:42.506 [info] > git config --get commit.template [8ms]
2025-03-04 20:12:42.507 [info] > git for-each-ref --format=%(refname)%00%(upstream:short)%00%(objectname)%00%(upstream:track)%00%(upstream:remotename)%00%(upstream:remoteref) refs/heads/master refs/remotes/master [1ms]
2025-03-04 20:12:42.507 [warning] [Git][getBranch] No such branch: master
2025-03-04 20:12:42.522 [info] > git status -z -uall [8ms]
2025-03-04 20:12:42.523 [info] > git for-each-ref --sort -committerdate --format %(refname) %(objectname) %(*objectname) [2ms]
2025-03-04 20:12:47.542 [info] > git for-each-ref --format=%(refname)%00%(upstream:short)%00%(objectname)%00%(upstream:track)%00%(upstream:remotename)%00%(upstream:remoteref) refs/heads/master refs/remotes/master [2ms]
2025-03-04 20:12:47.542 [warning] [Git][getBranch] No such branch: master
2025-03-04 20:12:47.543 [info] > git config --get commit.template [10ms]
2025-03-04 20:12:47.558 [info] > git status -z -uall [8ms]
2025-03-04 20:12:47.559 [info] > git for-each-ref --sort -committerdate --format %(refname) %(objectname) %(*objectname) [1ms]
2025-03-04 20:12:52.576 [info] > git config --get commit.template [8ms]
2025-03-04 20:12:52.577 [info] > git for-each-ref --format=%(refname)%00%(upstream:short)%00%(objectname)%00%(upstream:track)%00%(upstream:remotename)%00%(upstream:remoteref) refs/heads/master refs/remotes/master [1ms]
2025-03-04 20:12:52.577 [warning] [Git][getBranch] No such branch: master
2025-03-04 20:12:52.592 [info] > git status -z -uall [8ms]
2025-03-04 20:12:52.592 [info] > git for-each-ref --sort -committerdate --format %(refname) %(objectname) %(*objectname) [1ms]
2025-03-04 20:12:57.604 [info] > git config --get commit.template [1ms]
2025-03-04 20:12:57.613 [info] > git for-each-ref --format=%(refname)%00%(upstream:short)%00%(objectname)%00%(upstream:track)%00%(upstream:remotename)%00%(upstream:remoteref) refs/heads/master refs/remotes/master [1ms]
2025-03-04 20:12:57.613 [warning] [Git][getBranch] No such branch: master
2025-03-04 20:12:57.628 [info] > git status -z -uall [8ms]
2025-03-04 20:12:57.629 [info] > git for-each-ref --sort -committerdate --format %(refname) %(objectname) %(*objectname) [1ms]
2025-03-04 20:13:02.646 [info] > git config --get commit.template [6ms]
2025-03-04 20:13:02.646 [info] > git for-each-ref --format=%(refname)%00%(upstream:short)%00%(objectname)%00%(upstream:track)%00%(upstream:remotename)%00%(upstream:remoteref) refs/heads/master refs/remotes/master [1ms]
2025-03-04 20:13:02.646 [warning] [Git][getBranch] No such branch: master
2025-03-04 20:13:02.657 [info] > git status -z -uall [6ms]
2025-03-04 20:13:02.657 [info] > git for-each-ref --sort -committerdate --format %(refname) %(objectname) %(*objectname) [0ms]
2025-03-04 20:13:07.666 [info] > git config --get commit.template [1ms]
2025-03-04 20:13:07.672 [info] > git for-each-ref --format=%(refname)%00%(upstream:short)%00%(objectname)%00%(upstream:track)%00%(upstream:remotename)%00%(upstream:remoteref) refs/heads/master refs/remotes/master [0ms]
2025-03-04 20:13:07.673 [warning] [Git][getBranch] No such branch: master
2025-03-04 20:13:07.684 [info] > git status -z -uall [5ms]
2025-03-04 20:13:07.684 [info] > git for-each-ref --sort -committerdate --format %(refname) %(objectname) %(*objectname) [1ms]
2025-03-04 20:13:12.702 [info] > git config --get commit.template [8ms]
2025-03-04 20:13:12.702 [info] > git for-each-ref --format=%(refname)%00%(upstream:short)%00%(objectname)%00%(upstream:track)%00%(upstream:remotename)%00%(upstream:remoteref) refs/heads/master refs/remotes/master [1ms]
2025-03-04 20:13:12.702 [warning] [Git][getBranch] No such branch: master
2025-03-04 20:13:12.718 [info] > git status -z -uall [8ms]
2025-03-04 20:13:12.719 [info] > git for-each-ref --sort -committerdate --format %(refname) %(objectname) %(*objectname) [2ms]
2025-03-04 20:13:17.738 [info] > git config --get commit.template [8ms]
2025-03-04 20:13:17.738 [info] > git for-each-ref --format=%(refname)%00%(upstream:short)%00%(objectname)%00%(upstream:track)%00%(upstream:remotename)%00%(upstream:remoteref) refs/heads/master refs/remotes/master [1ms]
2025-03-04 20:13:17.738 [warning] [Git][getBranch] No such branch: master
2025-03-04 20:13:17.754 [info] > git status -z -uall [9ms]
2025-03-04 20:13:17.754 [info] > git for-each-ref --sort -committerdate --format %(refname) %(objectname) %(*objectname) [2ms]
2025-03-04 20:13:22.766 [info] > git config --get commit.template [1ms]
2025-03-04 20:13:22.775 [info] > git for-each-ref --format=%(refname)%00%(upstream:short)%00%(objectname)%00%(upstream:track)%00%(upstream:remotename)%00%(upstream:remoteref) refs/heads/master refs/remotes/master [1ms]
2025-03-04 20:13:22.775 [warning] [Git][getBranch] No such branch: master
2025-03-04 20:13:22.791 [info] > git status -z -uall [8ms]
2025-03-04 20:13:22.791 [info] > git for-each-ref --sort -committerdate --format %(refname) %(objectname) %(*objectname) [1ms]
2025-03-04 20:13:27.810 [info] > git config --get commit.template [8ms]
2025-03-04 20:13:27.810 [info] > git for-each-ref --format=%(refname)%00%(upstream:short)%00%(objectname)%00%(upstream:track)%00%(upstream:remotename)%00%(upstream:remoteref) refs/heads/master refs/remotes/master [1ms]
2025-03-04 20:13:27.810 [warning] [Git][getBranch] No such branch: master
2025-03-04 20:13:27.825 [info] > git status -z -uall [7ms]
2025-03-04 20:13:27.826 [info] > git for-each-ref --sort -committerdate --format %(refname) %(objectname) %(*objectname) [1ms]
2025-03-04 20:13:32.845 [info] > git config --get commit.template [9ms]
2025-03-04 20:13:32.846 [info] > git for-each-ref --format=%(refname)%00%(upstream:short)%00%(objectname)%00%(upstream:track)%00%(upstream:remotename)%00%(upstream:remoteref) refs/heads/master refs/remotes/master [2ms]
2025-03-04 20:13:32.846 [warning] [Git][getBranch] No such branch: master
2025-03-04 20:13:32.861 [info] > git status -z -uall [8ms]
2025-03-04 20:13:32.862 [info] > git for-each-ref --sort -committerdate --format %(refname) %(objectname) %(*objectname) [1ms]
2025-03-04 20:13:37.879 [info] > git config --get commit.template [1ms]
2025-03-04 20:13:37.887 [info] > git for-each-ref --format=%(refname)%00%(upstream:short)%00%(objectname)%00%(upstream:track)%00%(upstream:remotename)%00%(upstream:remoteref) refs/heads/master refs/remotes/master [1ms]
2025-03-04 20:13:37.887 [warning] [Git][getBranch] No such branch: master
2025-03-04 20:13:37.903 [info] > git status -z -uall [7ms]
2025-03-04 20:13:37.903 [info] > git for-each-ref --sort -committerdate --format %(refname) %(objectname) %(*objectname) [1ms]
2025-03-04 20:13:42.922 [info] > git config --get commit.template [8ms]
2025-03-04 20:13:42.922 [info] > git for-each-ref --format=%(refname)%00%(upstream:short)%00%(objectname)%00%(upstream:track)%00%(upstream:remotename)%00%(upstream:remoteref) refs/heads/master refs/remotes/master [1ms]
2025-03-04 20:13:42.923 [warning] [Git][getBranch] No such branch: master
2025-03-04 20:13:42.939 [info] > git status -z -uall [9ms]
2025-03-04 20:13:42.940 [info] > git for-each-ref --sort -committerdate --format %(refname) %(objectname) %(*objectname) [2ms]
2025-03-04 20:13:47.951 [info] > git config --get commit.template [1ms]
2025-03-04 20:13:47.960 [info] > git for-each-ref --format=%(refname)%00%(upstream:short)%00%(objectname)%00%(upstream:track)%00%(upstream:remotename)%00%(upstream:remoteref) refs/heads/master refs/remotes/master [1ms]
2025-03-04 20:13:47.960 [warning] [Git][getBranch] No such branch: master
2025-03-04 20:13:47.976 [info] > git status -z -uall [7ms]
2025-03-04 20:13:47.976 [info] > git for-each-ref --sort -committerdate --format %(refname) %(objectname) %(*objectname) [1ms]
2025-03-04 20:13:52.989 [info] > git config --get commit.template [1ms]
2025-03-04 20:13:52.998 [info] > git for-each-ref --format=%(refname)%00%(upstream:short)%00%(objectname)%00%(upstream:track)%00%(upstream:remotename)%00%(upstream:remoteref) refs/heads/master refs/remotes/master [1ms]
2025-03-04 20:13:52.998 [warning] [Git][getBranch] No such branch: master
2025-03-04 20:13:53.014 [info] > git status -z -uall [8ms]
2025-03-04 20:13:53.014 [info] > git for-each-ref --sort -committerdate --format %(refname) %(objectname) %(*objectname) [2ms]
2025-03-04 20:13:58.033 [info] > git config --get commit.template [8ms]
2025-03-04 20:13:58.034 [info] > git for-each-ref --format=%(refname)%00%(upstream:short)%00%(objectname)%00%(upstream:track)%00%(upstream:remotename)%00%(upstream:remoteref) refs/heads/master refs/remotes/master [1ms]
2025-03-04 20:13:58.034 [warning] [Git][getBranch] No such branch: master
2025-03-04 20:13:58.050 [info] > git status -z -uall [8ms]
2025-03-04 20:13:58.050 [info] > git for-each-ref --sort -committerdate --format %(refname) %(objectname) %(*objectname) [1ms]
2025-03-04 20:14:03.064 [info] > git config --get commit.template [6ms]
2025-03-04 20:14:03.065 [info] > git for-each-ref --format=%(refname)%00%(upstream:short)%00%(objectname)%00%(upstream:track)%00%(upstream:remotename)%00%(upstream:remoteref) refs/heads/master refs/remotes/master [1ms]
2025-03-04 20:14:03.065 [warning] [Git][getBranch] No such branch: master
2025-03-04 20:14:03.076 [info] > git status -z -uall [6ms]
2025-03-04 20:14:03.076 [info] > git for-each-ref --sort -committerdate --format %(refname) %(objectname) %(*objectname) [1ms]
2025-03-04 20:14:08.096 [info] > git config --get commit.template [8ms]
2025-03-04 20:14:08.096 [info] > git for-each-ref --format=%(refname)%00%(upstream:short)%00%(objectname)%00%(upstream:track)%00%(upstream:remotename)%00%(upstream:remoteref) refs/heads/master refs/remotes/master [2ms]
2025-03-04 20:14:08.096 [warning] [Git][getBranch] No such branch: master
2025-03-04 20:14:08.111 [info] > git status -z -uall [8ms]
2025-03-04 20:14:08.112 [info] > git for-each-ref --sort -committerdate --format %(refname) %(objectname) %(*objectname) [1ms]
2025-03-04 20:14:13.131 [info] > git config --get commit.template [8ms]
2025-03-04 20:14:13.131 [info] > git for-each-ref --format=%(refname)%00%(upstream:short)%00%(objectname)%00%(upstream:track)%00%(upstream:remotename)%00%(upstream:remoteref) refs/heads/master refs/remotes/master [1ms]
2025-03-04 20:14:13.131 [warning] [Git][getBranch] No such branch: master
2025-03-04 20:14:13.147 [info] > git status -z -uall [8ms]
2025-03-04 20:14:13.148 [info] > git for-each-ref --sort -committerdate --format %(refname) %(objectname) %(*objectname) [2ms]
2025-03-04 20:14:18.167 [info] > git for-each-ref --format=%(refname)%00%(upstream:short)%00%(objectname)%00%(upstream:track)%00%(upstream:remotename)%00%(upstream:remoteref) refs/heads/master refs/remotes/master [1ms]
2025-03-04 20:14:18.167 [warning] [Git][getBranch] No such branch: master
2025-03-04 20:14:18.168 [info] > git config --get commit.template [10ms]
2025-03-04 20:14:18.183 [info] > git status -z -uall [8ms]
2025-03-04 20:14:18.184 [info] > git for-each-ref --sort -committerdate --format %(refname) %(objectname) %(*objectname) [2ms]
2025-03-04 20:14:23.202 [info] > git config --get commit.template [8ms]
2025-03-04 20:14:23.202 [info] > git for-each-ref --format=%(refname)%00%(upstream:short)%00%(objectname)%00%(upstream:track)%00%(upstream:remotename)%00%(upstream:remoteref) refs/heads/master refs/remotes/master [1ms]
2025-03-04 20:14:23.202 [warning] [Git][getBranch] No such branch: master
2025-03-04 20:14:23.218 [info] > git status -z -uall [8ms]
2025-03-04 20:14:23.219 [info] > git for-each-ref --sort -committerdate --format %(refname) %(objectname) %(*objectname) [1ms]
2025-03-04 20:14:28.237 [info] > git config --get commit.template [8ms]
2025-03-04 20:14:28.237 [info] > git for-each-ref --format=%(refname)%00%(upstream:short)%00%(objectname)%00%(upstream:track)%00%(upstream:remotename)%00%(upstream:remoteref) refs/heads/master refs/remotes/master [1ms]
2025-03-04 20:14:28.237 [warning] [Git][getBranch] No such branch: master
2025-03-04 20:14:28.254 [info] > git status -z -uall [9ms]
2025-03-04 20:14:28.254 [info] > git for-each-ref --sort -committerdate --format %(refname) %(objectname) %(*objectname) [1ms]
2025-03-04 20:14:33.265 [info] > git config --get commit.template [1ms]
2025-03-04 20:14:33.274 [info] > git for-each-ref --format=%(refname)%00%(upstream:short)%00%(objectname)%00%(upstream:track)%00%(upstream:remotename)%00%(upstream:remoteref) refs/heads/master refs/remotes/master [1ms]
2025-03-04 20:14:33.274 [warning] [Git][getBranch] No such branch: master
2025-03-04 20:14:33.289 [info] > git status -z -uall [7ms]
2025-03-04 20:14:33.290 [info] > git for-each-ref --sort -committerdate --format %(refname) %(objectname) %(*objectname) [1ms]
2025-03-04 20:14:38.309 [info] > git config --get commit.template [8ms]
2025-03-04 20:14:38.310 [info] > git for-each-ref --format=%(refname)%00%(upstream:short)%00%(objectname)%00%(upstream:track)%00%(upstream:remotename)%00%(upstream:remoteref) refs/heads/master refs/remotes/master [1ms]
2025-03-04 20:14:38.310 [warning] [Git][getBranch] No such branch: master
2025-03-04 20:14:38.325 [info] > git status -z -uall [8ms]
2025-03-04 20:14:38.326 [info] > git for-each-ref --sort -committerdate --format %(refname) %(objectname) %(*objectname) [2ms]
2025-03-04 20:14:43.344 [info] > git config --get commit.template [8ms]
2025-03-04 20:14:43.344 [info] > git for-each-ref --format=%(refname)%00%(upstream:short)%00%(objectname)%00%(upstream:track)%00%(upstream:remotename)%00%(upstream:remoteref) refs/heads/master refs/remotes/master [1ms]
2025-03-04 20:14:43.344 [warning] [Git][getBranch] No such branch: master
2025-03-04 20:14:43.361 [info] > git status -z -uall [8ms]
2025-03-04 20:14:43.361 [info] > git for-each-ref --sort -committerdate --format %(refname) %(objectname) %(*objectname) [1ms]
2025-03-04 20:14:48.373 [info] > git config --get commit.template [1ms]
2025-03-04 20:14:48.382 [info] > git for-each-ref --format=%(refname)%00%(upstream:short)%00%(objectname)%00%(upstream:track)%00%(upstream:remotename)%00%(upstream:remoteref) refs/heads/master refs/remotes/master [1ms]
2025-03-04 20:14:48.382 [warning] [Git][getBranch] No such branch: master
2025-03-04 20:14:48.397 [info] > git status -z -uall [8ms]
2025-03-04 20:14:48.398 [info] > git for-each-ref --sort -committerdate --format %(refname) %(objectname) %(*objectname) [1ms]
2025-03-04 20:14:53.416 [info] > git config --get commit.template [9ms]
2025-03-04 20:14:53.416 [info] > git for-each-ref --format=%(refname)%00%(upstream:short)%00%(objectname)%00%(upstream:track)%00%(upstream:remotename)%00%(upstream:remoteref) refs/heads/master refs/remotes/master [1ms]
2025-03-04 20:14:53.416 [warning] [Git][getBranch] No such branch: master
2025-03-04 20:14:53.432 [info] > git status -z -uall [9ms]
2025-03-04 20:14:53.433 [info] > git for-each-ref --sort -committerdate --format %(refname) %(objectname) %(*objectname) [2ms]
