2025-06-06 20:04:01.593 [info] Experiment 'pythonRecommendTensorboardExt' is active
2025-06-06 20:04:01.593 [info] Experiment 'pythonTerminalEnvVarActivation' is active
2025-06-06 20:04:01.593 [warning] Dir "/root/capsule/.pixi/envs" is not watchable (directory does not exist)
2025-06-06 20:04:01.593 [info] > conda info --json
2025-06-06 20:04:01.593 [info] > pyenv which python
2025-06-06 20:04:01.593 [info] cwd: .
2025-06-06 20:04:01.593 [info] > pyenv which python
2025-06-06 20:04:01.593 [info] cwd: .
2025-06-06 20:04:01.745 [info] > python -c "import sys;print(sys.executable)"
2025-06-06 20:04:01.759 [info] Python interpreter path: /opt/conda/bin/python
2025-06-06 20:09:43.573 [warning] Shell integration may not be active, environment activated may be overridden by the shell.
2025-06-06 20:09:43.582 [info] > conda run -p /opt/conda --no-capture-output python /.vscode/extensions/ms-python.python-2025.4.0-universal/python_files/get_output_via_markers.py /.vscode/extensions/ms-python.python-2025.4.0-universal/python_files/printEnvVariables.py
2025-06-06 20:09:43.582 [info] shell: bash
2025-06-06 20:09:43.617 [info] > conda run -p /opt/conda --no-capture-output python /.vscode/extensions/ms-python.python-2025.4.0-universal/python_files/get_output_via_markers.py /.vscode/extensions/ms-python.python-2025.4.0-universal/python_files/printEnvVariables.py
2025-06-06 20:09:43.617 [info] shell: bash
2025-06-06 20:09:43.627 [info] > conda info --json
2025-06-06 20:09:44.357 [info] Starting Jedi language server for capsule.
2025-06-06 20:09:44.368 [info] > conda run -p /opt/conda --no-capture-output python /.vscode/extensions/ms-python.python-2025.4.0-universal/python_files/get_output_via_markers.py /.vscode/extensions/ms-python.python-2025.4.0-universal/python_files/printEnvVariables.py
2025-06-06 20:09:44.368 [info] shell: bash
2025-06-06 20:09:45.376 [info] > conda info --json
2025-06-06 20:09:45.376 [info] shell: bash
2025-06-06 20:09:46.136 [info] > conda run -p /opt/conda --no-capture-output python /.vscode/extensions/ms-python.python-2025.4.0-universal/python_files/get_output_via_markers.py /.vscode/extensions/ms-python.python-2025.4.0-universal/python_files/printEnvVariables.py
2025-06-06 20:09:46.136 [info] shell: bash
2025-06-06 20:09:46.211 [info] > python /.vscode/extensions/ms-python.python-2025.4.0-universal/python_files/printEnvVariables.py
2025-06-06 20:09:46.211 [info] shell: other
2025-06-06 20:09:46.219 [info] Setting environment variable PYTHONUNBUFFERED in collection to 1 {"applyAtShellIntegration":true,"applyAtProcessCreation":true}
2025-06-06 20:09:46.219 [info] Setting environment variable CONDA_ROOT in collection to /opt/conda {"applyAtShellIntegration":true,"applyAtProcessCreation":true}
2025-06-06 20:09:46.219 [info] Setting environment variable NVCC_PREPEND_FLAGS in collection to  -ccbin=/opt/conda/bin/x86_64-conda-linux-gnu-c++ -ccbin=/opt/conda/bin/x86_64-conda-linux-gnu-c++ {"applyAtShellIntegration":true,"applyAtProcessCreation":true}
2025-06-06 20:09:46.219 [info] Setting environment variable PYTHONIOENCODING in collection to utf-8 {"applyAtShellIntegration":true,"applyAtProcessCreation":true}
2025-06-06 20:09:46.219 [info] Setting environment variable NVCC_PREPEND_FLAGS_BACKUP in collection to  -ccbin=/opt/conda/bin/x86_64-conda-linux-gnu-c++ {"applyAtShellIntegration":true,"applyAtProcessCreation":true}
2025-06-06 20:09:47.331 [info] Shell integration status changed, can confirm it's working.
2025-06-06 20:09:47.336 [info] > conda run -p /opt/conda --no-capture-output python /.vscode/extensions/ms-python.python-2025.4.0-universal/python_files/get_output_via_markers.py /.vscode/extensions/ms-python.python-2025.4.0-universal/python_files/printEnvVariables.py
2025-06-06 20:09:47.336 [info] shell: bash
2025-06-06 20:09:47.721 [info] Setting environment variable PYTHONUNBUFFERED in collection to 1 {"applyAtShellIntegration":true,"applyAtProcessCreation":true}
2025-06-06 20:09:47.721 [info] Setting environment variable CONDA_ROOT in collection to /opt/conda {"applyAtShellIntegration":true,"applyAtProcessCreation":true}
2025-06-06 20:09:47.721 [info] Setting environment variable NVCC_PREPEND_FLAGS in collection to  -ccbin=/opt/conda/bin/x86_64-conda-linux-gnu-c++ -ccbin=/opt/conda/bin/x86_64-conda-linux-gnu-c++ {"applyAtShellIntegration":true,"applyAtProcessCreation":true}
2025-06-06 20:09:47.721 [info] Setting environment variable PYTHONIOENCODING in collection to utf-8 {"applyAtShellIntegration":true,"applyAtProcessCreation":true}
2025-06-06 20:09:47.721 [info] Setting environment variable NVCC_PREPEND_FLAGS_BACKUP in collection to  -ccbin=/opt/conda/bin/x86_64-conda-linux-gnu-c++ {"applyAtShellIntegration":true,"applyAtProcessCreation":true}
2025-06-06 20:09:47.723 [info] Send text to terminal: python /.vscode/extensions/ms-python.python-2025.4.0-universal/python_files/printEnvVariablesToFile.py /.vscode/extensions/ms-python.python-2025.4.0-universal/python_files/deactivate/bash/envVars.txt
2025-06-06 20:09:48.974 [info] Setting environment variable PYTHONUNBUFFERED in collection to 1 {"applyAtShellIntegration":true,"applyAtProcessCreation":true}
2025-06-06 20:09:48.974 [info] Setting environment variable CONDA_ROOT in collection to /opt/conda {"applyAtShellIntegration":true,"applyAtProcessCreation":true}
2025-06-06 20:09:48.974 [info] Setting environment variable NVCC_PREPEND_FLAGS in collection to  -ccbin=/opt/conda/bin/x86_64-conda-linux-gnu-c++ -ccbin=/opt/conda/bin/x86_64-conda-linux-gnu-c++ {"applyAtShellIntegration":true,"applyAtProcessCreation":true}
2025-06-06 20:09:48.974 [info] Setting environment variable PYTHONIOENCODING in collection to utf-8 {"applyAtShellIntegration":true,"applyAtProcessCreation":true}
2025-06-06 20:09:48.974 [info] Setting environment variable NVCC_PREPEND_FLAGS_BACKUP in collection to  -ccbin=/opt/conda/bin/x86_64-conda-linux-gnu-c++ {"applyAtShellIntegration":true,"applyAtProcessCreation":true}
