2025-03-04 20:31:26.024 [info] Experiment 'pythonRecommendTensorboardExt' is active
2025-03-04 20:31:26.024 [info] Experiment 'pythonSurveyNotificationcf' is active
2025-03-04 20:31:26.024 [info] Experiment 'pythonTerminalEnvVarActivation' is active
2025-03-04 20:31:26.024 [info] Experiment 'pythonTestAdapter' is active
2025-03-04 20:31:26.024 [warning] Dir "/root/capsule/.pixi/envs" is not watchable (directory does not exist)
2025-03-04 20:31:26.127 [info] > conda info --json
2025-03-04 20:31:26.157 [info] > pyenv which python
2025-03-04 20:31:26.157 [info] cwd: .
2025-03-04 20:31:26.218 [info] > python -c "import sys;print(sys.executable)"
2025-03-04 20:31:26.225 [warning] Shell integration may not be active, environment activated may be overridden by the shell.
2025-03-04 20:31:26.236 [info] > conda info --json
2025-03-04 20:31:27.267 [info] > conda run -n base --no-capture-output python /.vscode/extensions/ms-python.python-2025.0.0-universal/python_files/get_output_via_markers.py /.vscode/extensions/ms-python.python-2025.0.0-universal/python_files/printEnvVariables.py
2025-03-04 20:31:27.267 [info] shell: bash
2025-03-04 20:31:27.280 [info] Starting Jedi language server for capsule.
2025-03-04 20:31:27.289 [info] > /opt/conda/bin/python -I /.vscode/extensions/ms-python.python-2025.0.0-universal/python_files/get_output_via_markers.py /.vscode/extensions/ms-python.python-2025.0.0-universal/python_files/interpreterInfo.py
2025-03-04 20:31:27.339 [info] Python interpreter path: /opt/conda/bin/python
2025-03-04 20:31:27.352 [info] > pyenv which python
2025-03-04 20:31:27.352 [info] cwd: .
2025-03-04 20:31:28.868 [info] > python /.vscode/extensions/ms-python.python-2025.0.0-universal/python_files/printEnvVariables.py
2025-03-04 20:31:28.868 [info] shell: other
2025-03-04 20:31:28.873 [info] Setting environment variable PYTHONUNBUFFERED in collection to 1 {"applyAtShellIntegration":true,"applyAtProcessCreation":true}
2025-03-04 20:31:28.873 [info] Setting environment variable CONDA_ROOT in collection to /opt/conda {"applyAtShellIntegration":true,"applyAtProcessCreation":true}
2025-03-04 20:31:28.873 [info] Setting environment variable NVCC_PREPEND_FLAGS in collection to  -ccbin=/opt/conda/bin/x86_64-conda-linux-gnu-c++ -ccbin=/opt/conda/bin/x86_64-conda-linux-gnu-c++ {"applyAtShellIntegration":true,"applyAtProcessCreation":true}
2025-03-04 20:31:28.873 [info] Setting environment variable PYTHONIOENCODING in collection to utf-8 {"applyAtShellIntegration":true,"applyAtProcessCreation":true}
2025-03-04 20:31:28.873 [info] Setting environment variable NVCC_PREPEND_FLAGS_BACKUP in collection to  -ccbin=/opt/conda/bin/x86_64-conda-linux-gnu-c++ {"applyAtShellIntegration":true,"applyAtProcessCreation":true}
