2025-03-04 20:31:27.283 [info] [main] Log level: Info
2025-03-04 20:31:27.283 [info] [main] Validating found git in: "git"
2025-03-04 20:31:27.283 [info] [main] Using git "2.34.1" from "git"
2025-03-04 20:31:27.283 [info] [Model][doInitialScan] Initial repository scan started
2025-03-04 20:31:27.283 [info] > git rev-parse --show-toplevel [1ms]
2025-03-04 20:31:27.283 [info] > git rev-parse --git-dir --git-common-dir [133ms]
2025-03-04 20:31:27.283 [info] [Model][openRepository] Opened repository: /root/capsule
2025-03-04 20:31:27.283 [info] > git rev-parse --show-toplevel [5ms]
2025-03-04 20:31:27.283 [info] > git config --get commit.template [7ms]
2025-03-04 20:31:27.283 [info] > git rev-parse --show-toplevel [3ms]
2025-03-04 20:31:27.283 [info] > git for-each-ref --format=%(refname)%00%(upstream:short)%00%(objectname)%00%(upstream:track)%00%(upstream:remotename)%00%(upstream:remoteref) refs/heads/master refs/remotes/master [2ms]
2025-03-04 20:31:27.283 [warning] [Git][getBranch] No such branch: master
2025-03-04 20:31:27.283 [info] > git status -z -uall [6ms]
2025-03-04 20:31:27.283 [info] > git rev-parse --show-toplevel [2ms]
2025-03-04 20:31:27.283 [info] > git for-each-ref --sort -committerdate --format %(refname) %(objectname) %(*objectname) [4ms]
2025-03-04 20:31:27.283 [info] > git for-each-ref --format=%(refname)%00%(upstream:short)%00%(objectname)%00%(upstream:track)%00%(upstream:remotename)%00%(upstream:remoteref) refs/heads/master refs/remotes/master [7ms]
2025-03-04 20:31:27.283 [warning] [Git][getBranch] No such branch: master
2025-03-04 20:31:27.283 [error] [GitHistoryProvider][resolveHEADMergeBase] Failed to resolve merge base for master: Error: No such branch: master.
2025-03-04 20:31:27.283 [info] > git config --get commit.template [1ms]
2025-03-04 20:31:27.283 [info] > git rev-parse --show-toplevel [4ms]
2025-03-04 20:31:27.283 [info] > git rev-parse --show-toplevel [4ms]
2025-03-04 20:31:27.283 [info] > git for-each-ref --format=%(refname)%00%(upstream:short)%00%(objectname)%00%(upstream:track)%00%(upstream:remotename)%00%(upstream:remoteref) refs/heads/master refs/remotes/master [3ms]
2025-03-04 20:31:27.283 [warning] [Git][getBranch] No such branch: master
2025-03-04 20:31:27.283 [info] > git status -z -uall [624ms]
2025-03-04 20:31:27.283 [info] > git rev-parse --show-toplevel [626ms]
2025-03-04 20:31:27.283 [info] [Model][doInitialScan] Initial repository scan completed - repositories (1), closed repositories (0), parent repositories (0), unsafe repositories (0)
2025-03-04 20:31:27.283 [info] > git for-each-ref --sort -committerdate --format %(refname) %(objectname) %(*objectname) [647ms]
2025-03-04 20:31:28.448 [info] > git check-ignore -v -z --stdin [15ms]
2025-03-04 20:48:58.656 [info] > git show --textconv :code/model.py [4ms]
2025-03-04 20:48:58.657 [info] > git ls-files --stage -- /root/capsule/code/model.py [2ms]
2025-03-04 21:20:19.386 [info] > git config --get commit.template [5ms]
2025-03-04 21:20:19.387 [info] > git for-each-ref --format=%(refname)%00%(upstream:short)%00%(objectname)%00%(upstream:track)%00%(upstream:remotename)%00%(upstream:remoteref) refs/heads/master refs/remotes/master [2ms]
2025-03-04 21:20:19.387 [warning] [Git][getBranch] No such branch: master
2025-03-04 21:20:19.394 [info] > git status -z -uall [4ms]
2025-03-04 21:20:19.395 [info] > git for-each-ref --sort -committerdate --format %(refname) %(objectname) %(*objectname) [2ms]
2025-03-04 21:20:19.892 [info] > git check-ignore -v -z --stdin [1ms]
