code-server (1.95.3, codeocean.allenneuraldynamics.org, server-distro)
Jupyter Extension Version: 2024.10.0.
Python Extension Version: 2025.0.0.
Pylance Extension not installed.
Platform: linux (x64).
Temp Storage folder ~/capsule/code/.vscode/User/globalStorage/ms-toolsai.jupyter/version-2024.10.0
Workspace folder ~/capsule, Home = /root
18:35:33.411 [info] Starting Kernel (Python Path: /opt/conda/bin/python, Conda, 3.12.4) for '~/capsule/code/testing_code_training.ipynb' (disableUI=false)
18:35:35.031 [info] Process Execution: /opt/conda/bin/python -m pip list
18:35:35.050 [info] Process Execution: /opt/conda/bin/python -c "import ipykernel; print(ipykernel.__version__); print("5dc3a68c-e34e-4080-9c3e-2a532b2ccb4d"); print(ipykernel.__file__)"
18:35:35.057 [info] Process Execution: /opt/conda/bin/python -m ipykernel_launcher --f=/~/.local/share/jupyter/runtime/kernel-v3b89a8cc9acc026040945b7329295286e76e8550c.json
    > cwd: //~/capsule/code
18:35:35.064 [warn] Stderr output when getting ipykernel version & path Traceback (most recent call last):
    File "<string>", line 1, in <module>
    ModuleNotFoundError: No module named 'ipykernel' for /opt/conda/bin/python
18:35:35.074 [error] Disposing kernel process due to an error Error: The kernel died. Error: /opt/conda/bin/python: No module named ipykernel_launcher... View Jupyter [log](command:jupyter.viewOutput) for further details.
    > Kernel Id = .jvsc74a57bd0d4d1e4263499bec80672ea0156c357c1ee493ec2b1c70f0acce89fc37c4a6abe./opt/conda/python./opt/conda/python.-m#ipykernel_launcher
    > Interpreter Id = /opt/conda/bin/python
    > at ChildProcess.<anonymous> (/.vscode/extensions/ms-toolsai.jupyter-2024.10.0-universal/dist/extension.node.js:299:44541)
    > stdErr = /opt/conda/bin/python: No module named ipykernel_launcher
18:35:35.077 [error] Failed to connect raw kernel session: Error: The kernel died. Error: /opt/conda/bin/python: No module named ipykernel_launcher... View Jupyter [log](command:jupyter.viewOutput) for further details.
18:35:35.077 [error] Failed to connect raw kernel session: Error: The kernel died. Error: /opt/conda/bin/python: No module named ipykernel_launcher... View Jupyter [log](command:jupyter.viewOutput) for further details.
18:35:35.077 [warn] Failed to shutdown kernel, .jvsc74a57bd0d4d1e4263499bec80672ea0156c357c1ee493ec2b1c70f0acce89fc37c4a6abe./opt/conda/python./opt/conda/python.-m#ipykernel_launcher [TypeError: Cannot read properties of undefined (reading 'dispose')
	at U_.shutdown (/.vscode/extensions/ms-toolsai.jupyter-2024.10.0-universal/dist/extension.node.js:304:13745)
	at process.processTicksAndRejections (node:internal/process/task_queues:95:5)
	at async W_.shutdown (/.vscode/extensions/ms-toolsai.jupyter-2024.10.0-universal/dist/extension.node.js:304:22578)]
18:35:35.078 [warn] Error occurred while trying to start the kernel, options.disableUI=false Error: The kernel died. Error: /opt/conda/bin/python: No module named ipykernel_launcher... View Jupyter [log](command:jupyter.viewOutput) for further details.
    > Kernel Id = .jvsc74a57bd0d4d1e4263499bec80672ea0156c357c1ee493ec2b1c70f0acce89fc37c4a6abe./opt/conda/python./opt/conda/python.-m#ipykernel_launcher
    > Interpreter Id = /opt/conda/bin/python
    > at ChildProcess.<anonymous> (/.vscode/extensions/ms-toolsai.jupyter-2024.10.0-universal/dist/extension.node.js:299:44541)
    > stdErr = /opt/conda/bin/python: No module named ipykernel_launcher
18:35:35.079 [warn] Kernel Error, context = start Error: The kernel died. Error: /opt/conda/bin/python: No module named ipykernel_launcher... View Jupyter [log](command:jupyter.viewOutput) for further details.
    > Kernel Id = .jvsc74a57bd0d4d1e4263499bec80672ea0156c357c1ee493ec2b1c70f0acce89fc37c4a6abe./opt/conda/python./opt/conda/python.-m#ipykernel_launcher
    > Interpreter Id = /opt/conda/bin/python
    > at ChildProcess.<anonymous> (/.vscode/extensions/ms-toolsai.jupyter-2024.10.0-universal/dist/extension.node.js:299:44541)
    > stdErr = /opt/conda/bin/python: No module named ipykernel_launcher
18:35:35.087 [info] Process Execution: /opt/conda/bin/python -c "import ipykernel;print('6af208d0-cb9c-427f-b937-ff563e17efdf')"
18:35:35.099 [info] Check & install missing Kernel dependencies for /opt/conda/bin/python, ui.disabled=false for resource '~/capsule/code/testing_code_training.ipynb'
18:35:35.106 [info] Process Execution: /opt/conda/bin/python -c "import ipykernel;print('6af208d0-cb9c-427f-b937-ff563e17efdf')"
18:35:35.640 [info] Process Execution: /conda install -c conda-forge --name base ipykernel -y
18:36:07.579 [info] Process Execution: /opt/conda/bin/python -c "import ipykernel;print('6af208d0-cb9c-427f-b937-ff563e17efdf')"
18:36:07.761 [info] Dispose Kernel '~/capsule/code/testing_code_training.ipynb' associated with '~/capsule/code/testing_code_training.ipynb'
18:36:07.769 [info] Process Execution: /opt/conda/bin/python -m pip list
18:36:07.769 [info] Starting Kernel (Python Path: /opt/conda/bin/python, Conda, 3.12.4) for '~/capsule/code/testing_code_training.ipynb' (disableUI=false)
18:36:07.778 [info] Process Execution: /opt/conda/bin/python -c "import ipykernel; print(ipykernel.__version__); print("5dc3a68c-e34e-4080-9c3e-2a532b2ccb4d"); print(ipykernel.__file__)"
18:36:07.790 [info] Process Execution: /opt/conda/bin/python -m ipykernel_launcher --f=/~/.local/share/jupyter/runtime/kernel-v32752d8a08d76e95f83ece1565d89d190c66c8f61.json
    > cwd: //~/capsule/code
18:36:08.455 [info] Kernel successfully started
18:39:59.276 [warn] Cell completed with errors [iu [Error]: 'dict' object has no attribute 'key'
	at n.execute (/.vscode/extensions/ms-toolsai.jupyter-2024.10.0-universal/dist/extension.node.js:297:4958)] {
  ename: 'AttributeError',
  evalue: "'dict' object has no attribute 'key'",
  traceback: [
    '\x1B[31m---------------------------------------------------------------------------\x1B[39m',
    '\x1B[31mAttributeError\x1B[39m                            Traceback (most recent call last)',
    '\x1B[36mCell\x1B[39m\x1B[36m \x1B[39m\x1B[32mIn[4]\x1B[39m\x1B[32m, line 1\x1B[39m\n' +
      '\x1B[32m----> \x1B[39m\x1B[32m1\x1B[39m \x1B[43mALM_hemi\x1B[49m\x1B[43m.\x1B[49m\x1B[43mkey\x1B[49m()\n',
    "\x1B[31mAttributeError\x1B[39m: 'dict' object has no attribute 'key'"
  ]
}
18:40:29.568 [warn] Cell completed with errors [iu [Error]: incomplete input (3366743109.py, line 1)
	at n.execute (/.vscode/extensions/ms-toolsai.jupyter-2024.10.0-universal/dist/extension.node.js:297:4958)] {
  ename: 'SyntaxError',
  evalue: 'incomplete input (3366743109.py, line 1)',
  traceback: [
    '  \x1B[36mCell\x1B[39m\x1B[36m \x1B[39m\x1B[32mIn[6]\x1B[39m\x1B[32m, line 1\x1B[39m\n' +
      '\x1B[31m    \x1B[39m\x1B[31mfor keys in ALM_hemi.keys():\x1B[39m\n' +
      '                                ^\n' +
      '\x1B[31mSyntaxError\x1B[39m\x1B[31m:\x1B[39m incomplete input\n'
  ]
}
18:41:54.296 [warn] Cell completed with errors [iu [Error]: 'dict' object has no attribute 'shape'
	at n.execute (/.vscode/extensions/ms-toolsai.jupyter-2024.10.0-universal/dist/extension.node.js:297:4958)] {
  ename: 'AttributeError',
  evalue: "'dict' object has no attribute 'shape'",
  traceback: [
    '\x1B[31m---------------------------------------------------------------------------\x1B[39m',
    '\x1B[31mAttributeError\x1B[39m                            Traceback (most recent call last)',
    '\x1B[36mCell\x1B[39m\x1B[36m \x1B[39m\x1B[32mIn[9]\x1B[39m\x1B[32m, line 4\x1B[39m\n' +
      '\x1B[32m      1\x1B[39m \x1B[38;5;28;01mfor\x1B[39;00m keys \x1B[38;5;129;01min\x1B[39;00m ALM_hemi.keys():\n' +
      '\x1B[32m      2\x1B[39m     \x1B[38;5;28mprint\x1B[39m(keys)\n' +
      "\x1B[32m----> \x1B[39m\x1B[32m4\x1B[39m \x1B[43mALM_hemi\x1B[49m\x1B[43m[\x1B[49m\x1B[33;43m'\x1B[39;49m\x1B[33;43mindexes\x1B[39;49m\x1B[33;43m'\x1B[39;49m\x1B[43m]\x1B[49m\x1B[43m.\x1B[49m\x1B[43mshape\x1B[49m\n",
    "\x1B[31mAttributeError\x1B[39m: 'dict' object has no attribute 'shape'"
  ]
}
18:45:44.834 [warn] Cell completed with errors [iu [Error]: 'sub-456772_ses-20191120T115527.p'
	at n.execute (/.vscode/extensions/ms-toolsai.jupyter-2024.10.0-universal/dist/extension.node.js:297:4958)] {
  ename: 'KeyError',
  evalue: "'sub-456772_ses-20191120T115527.p'",
  traceback: [
    '\x1B[31m---------------------------------------------------------------------------\x1B[39m',
    '\x1B[31mKeyError\x1B[39m                                  Traceback (most recent call last)',
    '\x1B[36mCell\x1B[39m\x1B[36m \x1B[39m\x1B[32mIn[14]\x1B[39m\x1B[32m, line 6\x1B[39m\n' +
      '\x1B[32m      4\x1B[39m trial_indexes = {}\n' +
      '\x1B[32m      5\x1B[39m \x1B[38;5;28;01mfor\x1B[39;00m ses_name \x1B[38;5;129;01min\x1B[39;00m session_names:\n' +
      "\x1B[32m----> \x1B[39m\x1B[32m6\x1B[39m     trial_indexes[ses_name] = \x1B[43mALM_hemi\x1B[49m\x1B[43m[\x1B[49m\x1B[33;43m'\x1B[39;49m\x1B[33;43mindexes\x1B[39;49m\x1B[33;43m'\x1B[39;49m\x1B[43m]\x1B[49m\x1B[43m[\x1B[49m\x1B[43mses_name\x1B[49m\x1B[43m]\x1B[49m\n" +
      '\x1B[32m      7\x1B[39m trial_average, trial_types = toch_version_ratates_trial_types(ALM_hemi, default_parameters, session_names)\n',
    "\x1B[31mKeyError\x1B[39m: 'sub-456772_ses-20191120T115527.p'"
  ]
}
18:46:09.224 [warn] Cell completed with errors [iu [Error]: 'sub-456772_ses-20191120T115527.p'
	at n.execute (/.vscode/extensions/ms-toolsai.jupyter-2024.10.0-universal/dist/extension.node.js:297:4958)] {
  ename: 'KeyError',
  evalue: "'sub-456772_ses-20191120T115527.p'",
  traceback: [
    '\x1B[31m---------------------------------------------------------------------------\x1B[39m',
    '\x1B[31mKeyError\x1B[39m                                  Traceback (most recent call last)',
    '\x1B[36mCell\x1B[39m\x1B[36m \x1B[39m\x1B[32mIn[17]\x1B[39m\x1B[32m, line 5\x1B[39m\n' +
      '\x1B[32m      3\x1B[39m trial_indexes = {}\n' +
      '\x1B[32m      4\x1B[39m \x1B[38;5;28;01mfor\x1B[39;00m ses_name \x1B[38;5;129;01min\x1B[39;00m session_names:\n' +
      "\x1B[32m----> \x1B[39m\x1B[32m5\x1B[39m     trial_indexes[ses_name] = \x1B[43mALM_hemi\x1B[49m\x1B[43m[\x1B[49m\x1B[33;43m'\x1B[39;49m\x1B[33;43mindexes\x1B[39;49m\x1B[33;43m'\x1B[39;49m\x1B[43m]\x1B[49m\x1B[43m[\x1B[49m\x1B[43mses_name\x1B[49m\x1B[43m]\x1B[49m\n" +
      '\x1B[32m      6\x1B[39m trial_average, trial_types = toch_version_ratates_trial_types(ALM_hemi, default_parameters, session_names)\n',
    "\x1B[31mKeyError\x1B[39m: 'sub-456772_ses-20191120T115527.p'"
  ]
}
18:46:17.629 [warn] Cell completed with errors [iu [Error]: 'sub-456772_ses-20191120T115527.p'
	at n.execute (/.vscode/extensions/ms-toolsai.jupyter-2024.10.0-universal/dist/extension.node.js:297:4958)] {
  ename: 'KeyError',
  evalue: "'sub-456772_ses-20191120T115527.p'",
  traceback: [
    '\x1B[31m---------------------------------------------------------------------------\x1B[39m',
    '\x1B[31mKeyError\x1B[39m                                  Traceback (most recent call last)',
    '\x1B[36mCell\x1B[39m\x1B[36m \x1B[39m\x1B[32mIn[20]\x1B[39m\x1B[32m, line 5\x1B[39m\n' +
      '\x1B[32m      3\x1B[39m trial_indexes = {}\n' +
      '\x1B[32m      4\x1B[39m \x1B[38;5;28;01mfor\x1B[39;00m ses_name \x1B[38;5;129;01min\x1B[39;00m session_names:\n' +
      "\x1B[32m----> \x1B[39m\x1B[32m5\x1B[39m     trial_indexes[ses_name] = \x1B[43mALM_hemi\x1B[49m\x1B[43m[\x1B[49m\x1B[33;43m'\x1B[39;49m\x1B[33;43mindexes\x1B[39;49m\x1B[33;43m'\x1B[39;49m\x1B[43m]\x1B[49m\x1B[43m[\x1B[49m\x1B[43mses_name\x1B[49m\x1B[43m]\x1B[49m\n" +
      '\x1B[32m      6\x1B[39m trial_average, trial_types = toch_version_ratates_trial_types(ALM_hemi, default_parameters, session_names)\n',
    "\x1B[31mKeyError\x1B[39m: 'sub-456772_ses-20191120T115527.p'"
  ]
}
18:46:22.680 [warn] Cell completed with errors [iu [Error]: 'sub-456772_ses-20191120T115527.p'
	at n.execute (/.vscode/extensions/ms-toolsai.jupyter-2024.10.0-universal/dist/extension.node.js:297:4958)] {
  ename: 'KeyError',
  evalue: "'sub-456772_ses-20191120T115527.p'",
  traceback: [
    '\x1B[31m---------------------------------------------------------------------------\x1B[39m',
    '\x1B[31mKeyError\x1B[39m                                  Traceback (most recent call last)',
    '\x1B[36mCell\x1B[39m\x1B[36m \x1B[39m\x1B[32mIn[21]\x1B[39m\x1B[32m, line 5\x1B[39m\n' +
      '\x1B[32m      3\x1B[39m trial_indexes = {}\n' +
      '\x1B[32m      4\x1B[39m \x1B[38;5;28;01mfor\x1B[39;00m ses_name \x1B[38;5;129;01min\x1B[39;00m session_names:\n' +
      "\x1B[32m----> \x1B[39m\x1B[32m5\x1B[39m     trial_indexes[ses_name] = \x1B[43mALM_hemi\x1B[49m\x1B[43m[\x1B[49m\x1B[33;43m'\x1B[39;49m\x1B[33;43mindexes\x1B[39;49m\x1B[33;43m'\x1B[39;49m\x1B[43m]\x1B[49m\x1B[43m[\x1B[49m\x1B[43mses_name\x1B[49m\x1B[43m]\x1B[49m\n" +
      '\x1B[32m      6\x1B[39m trial_average, trial_types = toch_version_ratates_trial_types(ALM_hemi, default_parameters, session_names)\n',
    "\x1B[31mKeyError\x1B[39m: 'sub-456772_ses-20191120T115527.p'"
  ]
}
18:46:36.262 [warn] Cell completed with errors [iu [Error]: 'sub-456772_ses-20191120T115527.p'
	at n.execute (/.vscode/extensions/ms-toolsai.jupyter-2024.10.0-universal/dist/extension.node.js:297:4958)] {
  ename: 'KeyError',
  evalue: "'sub-456772_ses-20191120T115527.p'",
  traceback: [
    '\x1B[31m---------------------------------------------------------------------------\x1B[39m',
    '\x1B[31mKeyError\x1B[39m                                  Traceback (most recent call last)',
    '\x1B[36mCell\x1B[39m\x1B[36m \x1B[39m\x1B[32mIn[22]\x1B[39m\x1B[32m, line 6\x1B[39m\n' +
      '\x1B[32m      4\x1B[39m \x1B[38;5;28;01mfor\x1B[39;00m ses_name \x1B[38;5;129;01min\x1B[39;00m files_list:\n' +
      "\x1B[32m      5\x1B[39m     trial_indexes[ses_name] = ALM_hemi[\x1B[33m'\x1B[39m\x1B[33mindexes\x1B[39m\x1B[33m'\x1B[39m][ses_name]\n" +
      '\x1B[32m----> \x1B[39m\x1B[32m6\x1B[39m trial_average, trial_types = \x1B[43mtoch_version_ratates_trial_types\x1B[49m\x1B[43m(\x1B[49m\x1B[43mALM_hemi\x1B[49m\x1B[43m,\x1B[49m\x1B[43m \x1B[49m\x1B[43mdefault_parameters\x1B[49m\x1B[43m,\x1B[49m\x1B[43m \x1B[49m\x1B[43msession_names\x1B[49m\x1B[43m)\x1B[49m\n',
    '\x1B[36mFile \x1B[39m\x1B[32m~/capsule/code/utils.py:158\x1B[39m, in \x1B[36mtoch_version_ratates_trial_types\x1B[39m\x1B[34m(ALM_hemi, default_parameters, session_names)\x1B[39m\n' +
      '\x1B[32m    156\x1B[39m trial_types = {}\n' +
      '\x1B[32m    157\x1B[39m \x1B[38;5;28;01mfor\x1B[39;00m ses_name \x1B[38;5;129;01min\x1B[39;00m session_names:\n' +
      "\x1B[32m--> \x1B[39m\x1B[32m158\x1B[39m     t_types = \x1B[43mALM_hemi\x1B[49m\x1B[43m[\x1B[49m\x1B[33;43m'\x1B[39;49m\x1B[33;43mtrial_types\x1B[39;49m\x1B[33;43m'\x1B[39;49m\x1B[43m]\x1B[49m\x1B[43m[\x1B[49m\x1B[43mses_name\x1B[49m\x1B[43m]\x1B[49m\n" +
      "\x1B[32m    159\x1B[39m     t_types = tch.tensor(t_types, dtype = tch.float32).to(default_parameters[\x1B[33m'\x1B[39m\x1B[33mdevice\x1B[39m\x1B[33m'\x1B[39m]).float()\n" +
      '\x1B[32m    160\x1B[39m     trial_types[ses_name] = t_types\n',
    "\x1B[31mKeyError\x1B[39m: 'sub-456772_ses-20191120T115527.p'"
  ]
}
18:47:21.757 [warn] Cell completed with errors [iu [Error]: 'dict' object has no attribute 'shape'
	at n.execute (/.vscode/extensions/ms-toolsai.jupyter-2024.10.0-universal/dist/extension.node.js:297:4958)] {
  ename: 'AttributeError',
  evalue: "'dict' object has no attribute 'shape'",
  traceback: [
    '\x1B[31m---------------------------------------------------------------------------\x1B[39m',
    '\x1B[31mAttributeError\x1B[39m                            Traceback (most recent call last)',
    '\x1B[36mCell\x1B[39m\x1B[36m \x1B[39m\x1B[32mIn[25]\x1B[39m\x1B[32m, line 9\x1B[39m\n' +
      '\x1B[32m      6\x1B[39m trial_average, trial_types = toch_version_ratates_trial_types(ALM_hemi, default_parameters,files_list)\n' +
      '\x1B[32m      7\x1B[39m single_trials_activity = toch_single_trials(files_list, default_parameters, max_time_index = max_time_index)\n' +
      '\x1B[32m----> \x1B[39m\x1B[32m9\x1B[39m \x1B[43msingle_trials_activity\x1B[49m\x1B[43m.\x1B[49m\x1B[43mshape\x1B[49m\n',
    "\x1B[31mAttributeError\x1B[39m: 'dict' object has no attribute 'shape'"
  ]
}
18:48:41.469 [warn] Cell completed with errors [iu [Error]: can't convert cuda:0 device type tensor to numpy. Use Tensor.cpu() to copy the tensor to host memory first.
	at n.execute (/.vscode/extensions/ms-toolsai.jupyter-2024.10.0-universal/dist/extension.node.js:297:4958)] {
  ename: 'TypeError',
  evalue: "can't convert cuda:0 device type tensor to numpy. Use Tensor.cpu() to copy the tensor to host memory first.",
  traceback: [
    '\x1B[31m---------------------------------------------------------------------------\x1B[39m',
    '\x1B[31mTypeError\x1B[39m                                 Traceback (most recent call last)',
    '\x1B[36mCell\x1B[39m\x1B[36m \x1B[39m\x1B[32mIn[29]\x1B[39m\x1B[32m, line 11\x1B[39m\n' +
      '\x1B[32m      7\x1B[39m single_trials_activity = toch_single_trials(files_list, default_parameters, max_time_index = max_time_index)\n' +
      "\x1B[32m      9\x1B[39m single_trials_activity[\x1B[33m'\x1B[39m\x1B[33msub-442571_ses-20190228T140832.p\x1B[39m\x1B[33m'\x1B[39m].shape\n" +
      "\x1B[32m---> \x1B[39m\x1B[32m11\x1B[39m \x1B[43mplt\x1B[49m\x1B[43m.\x1B[49m\x1B[43mplot\x1B[49m\x1B[43m(\x1B[49m\x1B[43msingle_trials_activity\x1B[49m\x1B[43m[\x1B[49m\x1B[33;43m'\x1B[39;49m\x1B[33;43msub-442571_ses-20190228T140832.p\x1B[39;49m\x1B[33;43m'\x1B[39;49m\x1B[43m]\x1B[49m\x1B[43m[\x1B[49m\x1B[32;43m1\x1B[39;49m\x1B[43m,\x1B[49m\x1B[43m:\x1B[49m\x1B[43m,\x1B[49m\x1B[32;43m1\x1B[39;49m\x1B[43m]\x1B[49m\x1B[43m)\x1B[49m\n",
    '\x1B[36mFile \x1B[39m\x1B[32m/opt/conda/lib/python3.12/site-packages/matplotlib/pyplot.py:3829\x1B[39m, in \x1B[36mplot\x1B[39m\x1B[34m(scalex, scaley, data, *args, **kwargs)\x1B[39m\n' +
      '\x1B[32m   3821\x1B[39m \x1B[38;5;129m@_copy_docstring_and_deprecators\x1B[39m(Axes.plot)\n' +
      '\x1B[32m   3822\x1B[39m \x1B[38;5;28;01mdef\x1B[39;00m\x1B[38;5;250m \x1B[39m\x1B[34mplot\x1B[39m(\n' +
      '\x1B[32m   3823\x1B[39m     *args: \x1B[38;5;28mfloat\x1B[39m | ArrayLike | \x1B[38;5;28mstr\x1B[39m,\n' +
      '\x1B[32m   (...)\x1B[39m\x1B[32m   3827\x1B[39m     **kwargs,\n' +
      '\x1B[32m   3828\x1B[39m ) -> \x1B[38;5;28mlist\x1B[39m[Line2D]:\n' +
      '\x1B[32m-> \x1B[39m\x1B[32m3829\x1B[39m     \x1B[38;5;28;01mreturn\x1B[39;00m \x1B[43mgca\x1B[49m\x1B[43m(\x1B[49m\x1B[43m)\x1B[49m\x1B[43m.\x1B[49m\x1B[43mplot\x1B[49m\x1B[43m(\x1B[49m\n' +
      '\x1B[32m   3830\x1B[39m \x1B[43m        \x1B[49m\x1B[43m*\x1B[49m\x1B[43margs\x1B[49m\x1B[43m,\x1B[49m\n' +
      '\x1B[32m   3831\x1B[39m \x1B[43m        \x1B[49m\x1B[43mscalex\x1B[49m\x1B[43m=\x1B[49m\x1B[43mscalex\x1B[49m\x1B[43m,\x1B[49m\n' +
      '\x1B[32m   3832\x1B[39m \x1B[43m        \x1B[49m\x1B[43mscaley\x1B[49m\x1B[43m=\x1B[49m\x1B[43mscaley\x1B[49m\x1B[43m,\x1B[49m\n' +
      '\x1B[32m   3833\x1B[39m \x1B[43m        \x1B[49m\x1B[43m*\x1B[49m\x1B[43m*\x1B[49m\x1B[43m(\x1B[49m\x1B[43m{\x1B[49m\x1B[33;43m"\x1B[39;49m\x1B[33;43mdata\x1B[39;49m\x1B[33;43m"\x1B[39;49m\x1B[43m:\x1B[49m\x1B[43m \x1B[49m\x1B[43mdata\x1B[49m\x1B[43m}\x1B[49m\x1B[43m \x1B[49m\x1B[38;5;28;43;01mif\x1B[39;49;00m\x1B[43m \x1B[49m\x1B[43mdata\x1B[49m\x1B[43m \x1B[49m\x1B[38;5;129;43;01mis\x1B[39;49;00m\x1B[43m \x1B[49m\x1B[38;5;129;43;01mnot\x1B[39;49;00m\x1B[43m \x1B[49m\x1B[38;5;28;43;01mNone\x1B[39;49;00m\x1B[43m \x1B[49m\x1B[38;5;28;43;01melse\x1B[39;49;00m\x1B[43m \x1B[49m\x1B[43m{\x1B[49m\x1B[43m}\x1B[49m\x1B[43m)\x1B[49m\x1B[43m,\x1B[49m\n' +
      '\x1B[32m   3834\x1B[39m \x1B[43m        \x1B[49m\x1B[43m*\x1B[49m\x1B[43m*\x1B[49m\x1B[43mkwargs\x1B[49m\x1B[43m,\x1B[49m\n' +
      '\x1B[32m   3835\x1B[39m \x1B[43m    \x1B[49m\x1B[43m)\x1B[49m\n',
    '\x1B[36mFile \x1B[39m\x1B[32m/opt/conda/lib/python3.12/site-packages/matplotlib/axes/_axes.py:1777\x1B[39m, in \x1B[36mAxes.plot\x1B[39m\x1B[34m(self, scalex, scaley, data, *args, **kwargs)\x1B[39m\n' +
      '\x1B[32m   1534\x1B[39m \x1B[38;5;250m\x1B[39m\x1B[33;03m"""\x1B[39;00m\n' +
      '\x1B[32m   1535\x1B[39m \x1B[33;03mPlot y versus x as lines and/or markers.\x1B[39;00m\n' +
      '\x1B[32m   1536\x1B[39m \n' +
      "\x1B[32m   (...)\x1B[39m\x1B[32m   1774\x1B[39m \x1B[33;03m(``'green'``) or hex strings (``'#008000'``).\x1B[39;00m\n" +
      '\x1B[32m   1775\x1B[39m \x1B[33;03m"""\x1B[39;00m\n' +
      '\x1B[32m   1776\x1B[39m kwargs = cbook.normalize_kwargs(kwargs, mlines.Line2D)\n' +
      '\x1B[32m-> \x1B[39m\x1B[32m1777\x1B[39m lines = [*\x1B[38;5;28mself\x1B[39m._get_lines(\x1B[38;5;28mself\x1B[39m, *args, data=data, **kwargs)]\n' +
      '\x1B[32m   1778\x1B[39m \x1B[38;5;28;01mfor\x1B[39;00m line \x1B[38;5;129;01min\x1B[39;00m lines:\n' +
      '\x1B[32m   1779\x1B[39m     \x1B[38;5;28mself\x1B[39m.add_line(line)\n',
    '\x1B[36mFile \x1B[39m\x1B[32m/opt/conda/lib/python3.12/site-packages/matplotlib/axes/_base.py:297\x1B[39m, in \x1B[36m_process_plot_var_args.__call__\x1B[39m\x1B[34m(self, axes, data, return_kwargs, *args, **kwargs)\x1B[39m\n' +
      '\x1B[32m    295\x1B[39m     this += args[\x1B[32m0\x1B[39m],\n' +
      '\x1B[32m    296\x1B[39m     args = args[\x1B[32m1\x1B[39m:]\n' +
      '\x1B[32m--> \x1B[39m\x1B[32m297\x1B[39m \x1B[38;5;28;01myield from\x1B[39;00m \x1B[38;5;28;43mself\x1B[39;49m\x1B[43m.\x1B[49m\x1B[43m_plot_args\x1B[49m\x1B[43m(\x1B[49m\n' +
      '\x1B[32m    298\x1B[39m \x1B[43m    \x1B[49m\x1B[43maxes\x1B[49m\x1B[43m,\x1B[49m\x1B[43m \x1B[49m\x1B[43mthis\x1B[49m\x1B[43m,\x1B[49m\x1B[43m \x1B[49m\x1B[43mkwargs\x1B[49m\x1B[43m,\x1B[49m\x1B[43m \x1B[49m\x1B[43mambiguous_fmt_datakey\x1B[49m\x1B[43m=\x1B[49m\x1B[43mambiguous_fmt_datakey\x1B[49m\x1B[43m,\x1B[49m\n' +
      '\x1B[32m    299\x1B[39m \x1B[43m    \x1B[49m\x1B[43mreturn_kwargs\x1B[49m\x1B[43m=\x1B[49m\x1B[43mreturn_kwargs\x1B[49m\n' +
      '\x1B[32m    300\x1B[39m \x1B[43m\x1B[49m\x1B[43m)\x1B[49m\n',
    '\x1B[36mFile \x1B[39m\x1B[32m/opt/conda/lib/python3.12/site-packages/matplotlib/axes/_base.py:486\x1B[39m, in \x1B[36m_process_plot_var_args._plot_args\x1B[39m\x1B[34m(self, axes, tup, kwargs, return_kwargs, ambiguous_fmt_datakey)\x1B[39m\n' +
      '\x1B[32m    484\x1B[39m     y = _check_1d(xy[\x1B[32m1\x1B[39m])\n' +
      '\x1B[32m    485\x1B[39m \x1B[38;5;28;01melse\x1B[39;00m:\n' +
      '\x1B[32m--> \x1B[39m\x1B[32m486\x1B[39m     x, y = \x1B[43mindex_of\x1B[49m\x1B[43m(\x1B[49m\x1B[43mxy\x1B[49m\x1B[43m[\x1B[49m\x1B[43m-\x1B[49m\x1B[32;43m1\x1B[39;49m\x1B[43m]\x1B[49m\x1B[43m)\x1B[49m\n' +
      '\x1B[32m    488\x1B[39m \x1B[38;5;28;01mif\x1B[39;00m axes.xaxis \x1B[38;5;129;01mis\x1B[39;00m \x1B[38;5;129;01mnot\x1B[39;00m \x1B[38;5;28;01mNone\x1B[39;00m:\n' +
      '\x1B[32m    489\x1B[39m     axes.xaxis.update_units(x)\n',
    '\x1B[36mFile \x1B[39m\x1B[32m/opt/conda/lib/python3.12/site-packages/matplotlib/cbook.py:1666\x1B[39m, in \x1B[36mindex_of\x1B[39m\x1B[34m(y)\x1B[39m\n' +
      '\x1B[32m   1664\x1B[39m     \x1B[38;5;28;01mpass\x1B[39;00m\n' +
      '\x1B[32m   1665\x1B[39m \x1B[38;5;28;01mtry\x1B[39;00m:\n' +
      '\x1B[32m-> \x1B[39m\x1B[32m1666\x1B[39m     y = \x1B[43m_check_1d\x1B[49m\x1B[43m(\x1B[49m\x1B[43my\x1B[49m\x1B[43m)\x1B[49m\n' +
      '\x1B[32m   1667\x1B[39m \x1B[38;5;28;01mexcept\x1B[39;00m (VisibleDeprecationWarning, \x1B[38;5;167;01mValueError\x1B[39;00m):\n' +
      "\x1B[32m   1668\x1B[39m     \x1B[38;5;66;03m# NumPy 1.19 will warn on ragged input, and we can't actually use it.\x1B[39;00m\n" +
      '\x1B[32m   1669\x1B[39m     \x1B[38;5;28;01mpass\x1B[39;00m\n',
    '\x1B[36mFile \x1B[39m\x1B[32m/opt/conda/lib/python3.12/site-packages/matplotlib/cbook.py:1351\x1B[39m, in \x1B[36m_check_1d\x1B[39m\x1B[34m(x)\x1B[39m\n' +
      '\x1B[32m   1349\x1B[39m \x1B[38;5;250m\x1B[39m\x1B[33;03m"""Convert scalars to 1D arrays; pass-through arrays as is."""\x1B[39;00m\n' +
      '\x1B[32m   1350\x1B[39m \x1B[38;5;66;03m# Unpack in case of e.g. Pandas or xarray object\x1B[39;00m\n' +
      '\x1B[32m-> \x1B[39m\x1B[32m1351\x1B[39m x = \x1B[43m_unpack_to_numpy\x1B[49m\x1B[43m(\x1B[49m\x1B[43mx\x1B[49m\x1B[43m)\x1B[49m\n' +
      '\x1B[32m   1352\x1B[39m \x1B[38;5;66;03m# plot requires `shape` and `ndim`.  If passed an\x1B[39;00m\n' +
      "\x1B[32m   1353\x1B[39m \x1B[38;5;66;03m# object that doesn't provide them, then force to numpy array.\x1B[39;00m\n" +
      '\x1B[32m   1354\x1B[39m \x1B[38;5;66;03m# Note this will strip unit information.\x1B[39;00m\n' +
      "\x1B[32m   1355\x1B[39m \x1B[38;5;28;01mif\x1B[39;00m (\x1B[38;5;129;01mnot\x1B[39;00m \x1B[38;5;28mhasattr\x1B[39m(x, \x1B[33m'\x1B[39m\x1B[33mshape\x1B[39m\x1B[33m'\x1B[39m) \x1B[38;5;129;01mor\x1B[39;00m\n" +
      "\x1B[32m   1356\x1B[39m         \x1B[38;5;129;01mnot\x1B[39;00m \x1B[38;5;28mhasattr\x1B[39m(x, \x1B[33m'\x1B[39m\x1B[33mndim\x1B[39m\x1B[33m'\x1B[39m) \x1B[38;5;129;01mor\x1B[39;00m\n" +
      '\x1B[32m   1357\x1B[39m         \x1B[38;5;28mlen\x1B[39m(x.shape) < \x1B[32m1\x1B[39m):\n',
    '\x1B[36mFile \x1B[39m\x1B[32m/opt/conda/lib/python3.12/site-packages/matplotlib/cbook.py:2361\x1B[39m, in \x1B[36m_unpack_to_numpy\x1B[39m\x1B[34m(x)\x1B[39m\n' +
      '\x1B[32m   2355\x1B[39m         \x1B[38;5;28;01mreturn\x1B[39;00m xtmp\n' +
      '\x1B[32m   2356\x1B[39m \x1B[38;5;28;01mif\x1B[39;00m _is_torch_array(x) \x1B[38;5;129;01mor\x1B[39;00m _is_jax_array(x) \x1B[38;5;129;01mor\x1B[39;00m _is_tensorflow_array(x):\n' +
      '\x1B[32m   2357\x1B[39m     \x1B[38;5;66;03m# using np.asarray() instead of explicitly __array__(), as the latter is\x1B[39;00m\n' +
      "\x1B[32m   2358\x1B[39m     \x1B[38;5;66;03m# only _one_ of many methods, and it's the last resort, see also\x1B[39;00m\n" +
      '\x1B[32m   2359\x1B[39m     \x1B[38;5;66;03m# https://numpy.org/devdocs/user/basics.interoperability.html#using-arbitrary-objects-in-numpy\x1B[39;00m\n' +
      '\x1B[32m   2360\x1B[39m     \x1B[38;5;66;03m# therefore, let arrays do better if they can\x1B[39;00m\n' +
      '\x1B[32m-> \x1B[39m\x1B[32m2361\x1B[39m     xtmp = \x1B[43mnp\x1B[49m\x1B[43m.\x1B[49m\x1B[43masarray\x1B[49m\x1B[43m(\x1B[49m\x1B[43mx\x1B[49m\x1B[43m)\x1B[49m\n' +
      '\x1B[32m   2363\x1B[39m     \x1B[38;5;66;03m# In case np.asarray method does not return a numpy array in future\x1B[39;00m\n' +
      '\x1B[32m   2364\x1B[39m     \x1B[38;5;28;01mif\x1B[39;00m \x1B[38;5;28misinstance\x1B[39m(xtmp, np.ndarray):\n',
    '\x1B[36mFile \x1B[39m\x1B[32m/opt/conda/lib/python3.12/site-packages/torch/_tensor.py:1083\x1B[39m, in \x1B[36mTensor.__array__\x1B[39m\x1B[34m(self, dtype)\x1B[39m\n' +
      '\x1B[32m   1081\x1B[39m     \x1B[38;5;28;01mreturn\x1B[39;00m handle_torch_function(Tensor.__array__, (\x1B[38;5;28mself\x1B[39m,), \x1B[38;5;28mself\x1B[39m, dtype=dtype)\n' +
      '\x1B[32m   1082\x1B[39m \x1B[38;5;28;01mif\x1B[39;00m dtype \x1B[38;5;129;01mis\x1B[39;00m \x1B[38;5;28;01mNone\x1B[39;00m:\n' +
      '\x1B[32m-> \x1B[39m\x1B[32m1083\x1B[39m     \x1B[38;5;28;01mreturn\x1B[39;00m \x1B[38;5;28;43mself\x1B[39;49m\x1B[43m.\x1B[49m\x1B[43mnumpy\x1B[49m\x1B[43m(\x1B[49m\x1B[43m)\x1B[49m\n' +
      '\x1B[32m   1084\x1B[39m \x1B[38;5;28;01melse\x1B[39;00m:\n' +
      '\x1B[32m   1085\x1B[39m     \x1B[38;5;28;01mreturn\x1B[39;00m \x1B[38;5;28mself\x1B[39m.numpy().astype(dtype, copy=\x1B[38;5;28;01mFalse\x1B[39;00m)\n',
    "\x1B[31mTypeError\x1B[39m: can't convert cuda:0 device type tensor to numpy. Use Tensor.cpu() to copy the tensor to host memory first."
  ]
}
19:05:12.028 [info] Dispose Kernel '~/capsule/code/testing_code_training.ipynb' associated with '~/capsule/code/testing_code_training.ipynb'
19:05:12.028 [info] Dispose Kernel '~/capsule/code/testing_code_training.ipynb' associated with '~/capsule/code/testing_code_training.ipynb'
19:05:12.055 [warn] Failed to delete connection file file:///~/.local/share/jupyter/runtime/kernel-v32752d8a08d76e95f83ece1565d89d190c66c8f61.json for pid 12931 [Canceled (FileSystemError): Canceled
	at Qi.e (file:///.code-server/code-server-4.95.3-linux-amd64/lib/vscode/out/vs/workbench/api/node/extensionHostProcess.js:114:9853)
	at Object.stat (file:///.code-server/code-server-4.95.3-linux-amd64/lib/vscode/out/vs/workbench/api/node/extensionHostProcess.js:114:7007)
	at async Bc.delete (/.vscode/extensions/ms-toolsai.jupyter-2024.10.0-universal/dist/extension.node.js:239:15448)
	at async /.vscode/extensions/ms-toolsai.jupyter-2024.10.0-universal/dist/extension.node.js:303:469] {
  code: 'Unknown'
}
