2025-03-04 17:23:51.004 [info] Experiment 'pythonRecommendTensorboardExt' is active
2025-03-04 17:23:51.004 [info] Experiment 'pythonSurveyNotificationcf' is active
2025-03-04 17:23:51.004 [info] Experiment 'pythonTerminalEnvVarActivation' is active
2025-03-04 17:23:51.004 [info] Experiment 'pythonTestAdapter' is active
2025-03-04 17:23:51.004 [warning] Dir "/root/capsule/.pixi/envs" is not watchable (directory does not exist)
2025-03-04 17:23:51.004 [info] > conda info --json
2025-03-04 17:23:51.004 [info] > pyenv which python
2025-03-04 17:23:51.004 [info] cwd: .
2025-03-04 17:23:51.085 [info] > python -c "import sys;print(sys.executable)"
2025-03-04 17:23:51.146 [info] > conda info --json
2025-03-04 17:23:51.146 [info] shell: bash
2025-03-04 17:23:51.792 [info] > /opt/conda/bin/python -I /.vscode/extensions/ms-python.python-2025.0.0-universal/python_files/get_output_via_markers.py /.vscode/extensions/ms-python.python-2025.0.0-universal/python_files/interpreterInfo.py
2025-03-04 17:23:51.830 [info] Python interpreter path: /opt/conda/bin/python
2025-03-04 17:23:51.840 [info] > pyenv which python
2025-03-04 17:23:51.840 [info] cwd: .
2025-03-04 17:23:51.859 [info] > conda run -n base --no-capture-output python /.vscode/extensions/ms-python.python-2025.0.0-universal/python_files/get_output_via_markers.py /.vscode/extensions/ms-python.python-2025.0.0-universal/python_files/printEnvVariables.py
2025-03-04 17:23:51.859 [info] shell: bash
2025-03-04 17:23:52.528 [info] Starting Jedi language server for capsule.
2025-03-04 17:23:53.997 [info] > python /.vscode/extensions/ms-python.python-2025.0.0-universal/python_files/printEnvVariables.py
2025-03-04 17:23:53.997 [info] shell: bash
2025-03-04 17:23:54.041 [info] Setting environment variable CONDA_ROOT in collection to /opt/conda {"applyAtShellIntegration":true,"applyAtProcessCreation":true}
2025-03-04 17:23:54.041 [info] Setting environment variable NVCC_PREPEND_FLAGS in collection to  -ccbin=/opt/conda/bin/x86_64-conda-linux-gnu-c++ -ccbin=/opt/conda/bin/x86_64-conda-linux-gnu-c++ {"applyAtShellIntegration":true,"applyAtProcessCreation":true}
2025-03-04 17:23:54.041 [info] Setting environment variable NVCC_PREPEND_FLAGS_BACKUP in collection to  -ccbin=/opt/conda/bin/x86_64-conda-linux-gnu-c++ {"applyAtShellIntegration":true,"applyAtProcessCreation":true}
2025-03-04 17:23:54.043 [info] Send text to terminal: python /.vscode/extensions/ms-python.python-2025.0.0-universal/python_files/printEnvVariablesToFile.py /.vscode/extensions/ms-python.python-2025.0.0-universal/python_files/deactivate/bash/envVars.txt
2025-03-04 17:24:05.480 [info] Starting Environment refresh
2025-03-04 17:24:05.480 [info] Searching for interpreters in posix paths locator
2025-03-04 17:24:05.481 [info] Searching for pyenv environments
2025-03-04 17:24:05.481 [info] Searching for conda environments
2025-03-04 17:24:05.482 [info] Searching for global virtual environments
2025-03-04 17:24:05.482 [info] Searching for custom virtual environments
2025-03-04 17:24:05.491 [info] > hatch env show --json
2025-03-04 17:24:05.491 [info] cwd: .
2025-03-04 17:24:05.494 [info] pyenv is not installed
2025-03-04 17:24:05.494 [info] Finished searching for pyenv environments: 13 milliseconds
2025-03-04 17:24:05.494 [info] Finished searching for custom virtual envs: 13 milliseconds
2025-03-04 17:24:05.495 [info] Finished searching for conda environments: 14 milliseconds
2025-03-04 17:24:05.495 [info] Finished searching for global virtual envs: 14 milliseconds
2025-03-04 17:24:05.509 [info] Found: /opt/conda/bin/python --> /opt/conda/bin/python3.12
2025-03-04 17:24:05.509 [info] Found: /opt/conda/bin/python3 --> /opt/conda/bin/python3.12
2025-03-04 17:24:05.509 [info] Found: /opt/conda/bin/python3.1 --> /opt/conda/bin/python3.12
2025-03-04 17:24:05.509 [info] Found: /opt/conda/bin/python3.12 --> /opt/conda/bin/python3.12
2025-03-04 17:24:05.509 [info] Finished searching for interpreters in posix paths locator: 29 milliseconds
2025-03-04 17:24:05.510 [info] Environments refresh paths discovered (event): 31 milliseconds
2025-03-04 17:24:05.510 [info] Environments refresh paths discovered: 31 milliseconds
2025-03-04 17:24:05.511 [info] Environments refresh finished (event): 32 milliseconds
2025-03-04 17:24:05.514 [info] Environment refresh took 36 milliseconds
2025-03-04 17:24:08.546 [info] Discover tests for workspace name: capsule - uri: /root/capsule/code/.vscode/User/settings.json
2025-03-04 17:24:11.087 [info] Discover tests for workspace name: capsule - uri: /root/capsule/code/.vscode/User/settings.json
2025-03-04 17:24:49.949 [info] > conda run -n base --no-capture-output python /.vscode/extensions/ms-python.python-2025.0.0-universal/python_files/get_output_via_markers.py /.vscode/extensions/ms-python.python-2025.0.0-universal/python_files/printEnvVariables.py
2025-03-04 17:24:49.949 [info] shell: bash
2025-03-04 17:24:49.970 [info] > conda run -n base --no-capture-output python /.vscode/extensions/ms-python.python-2025.0.0-universal/python_files/get_output_via_markers.py /.vscode/extensions/ms-python.python-2025.0.0-universal/python_files/printEnvVariables.py
2025-03-04 17:24:49.970 [info] shell: bash
2025-03-04 17:25:19.011 [info] Searching for conda environments
2025-03-04 17:25:19.018 [info] > conda info --json
2025-03-04 17:25:19.729 [info] Finished searching for conda environments: 718 milliseconds
2025-03-04 17:25:19.731 [info] Environments refresh finished (event): 720 milliseconds
2025-03-04 17:25:19.731 [info] Environments refresh paths discovered: 720 milliseconds
2025-03-04 17:29:05.027 [info] Discover tests for workspace name: capsule - uri: /root/capsule/code/utils.py
2025-03-04 17:29:07.264 [info] Discover tests for workspace name: capsule - uri: /root/capsule/code/utils.py
2025-03-04 17:29:22.377 [info] Discover tests for workspace name: capsule - uri: /root/capsule/code/utils.py
2025-03-04 17:30:31.842 [info] Discover tests for workspace name: capsule - uri: /root/capsule/code/utils.py
2025-03-04 17:30:39.144 [info] Discover tests for workspace name: capsule - uri: /root/capsule/code/utils.py
2025-03-04 17:30:40.190 [info] Discover tests for workspace name: capsule - uri: /root/capsule/code/utils.py
2025-03-04 17:30:43.298 [info] Discover tests for workspace name: capsule - uri: /root/capsule/code/utils.py
2025-03-04 17:30:49.096 [info] Discover tests for workspace name: capsule - uri: /root/capsule/code/utils.py
2025-03-04 17:30:52.279 [info] Discover tests for workspace name: capsule - uri: /root/capsule/code/utils.py
2025-03-04 17:31:03.536 [info] Discover tests for workspace name: capsule - uri: /root/capsule/code/utils.py
2025-03-04 17:31:19.328 [info] Discover tests for workspace name: capsule - uri: /root/capsule/code/utils.py
2025-03-04 17:31:25.058 [info] Discover tests for workspace name: capsule - uri: /root/capsule/code/utils.py
2025-03-04 17:31:27.922 [info] Discover tests for workspace name: capsule - uri: /root/capsule/code/utils.py
2025-03-04 17:36:49.080 [info] Discover tests for workspace name: capsule - uri: /root/capsule/code/utils.py
2025-03-04 17:36:50.114 [info] Discover tests for workspace name: capsule - uri: /root/capsule/code/utils.py
2025-03-04 17:36:53.463 [info] Discover tests for workspace name: capsule - uri: /root/capsule/code/utils.py
2025-03-04 17:36:58.562 [info] Discover tests for workspace name: capsule - uri: /root/capsule/code/utils.py
2025-03-04 17:37:23.276 [info] Discover tests for workspace name: capsule - uri: /root/capsule/code/utils.py
2025-03-04 17:37:24.862 [info] Discover tests for workspace name: capsule - uri: /root/capsule/code/utils.py
2025-03-04 17:37:26.827 [info] Discover tests for workspace name: capsule - uri: /root/capsule/code/utils.py
2025-03-04 17:37:30.468 [info] Discover tests for workspace name: capsule - uri: /root/capsule/code/utils.py
2025-03-04 17:37:44.205 [info] Discover tests for workspace name: capsule - uri: /root/capsule/code/utils.py
2025-03-04 17:37:50.920 [info] Discover tests for workspace name: capsule - uri: /root/capsule/code/utils.py
2025-03-04 17:37:55.381 [info] Discover tests for workspace name: capsule - uri: /root/capsule/code/utils.py
2025-03-04 17:38:52.729 [info] Discover tests for workspace name: capsule - uri: /root/capsule/code/utils.py
2025-03-04 17:38:56.414 [info] Discover tests for workspace name: capsule - uri: /root/capsule/code/utils.py
2025-03-04 17:38:57.788 [info] Discover tests for workspace name: capsule - uri: /root/capsule/code/utils.py
2025-03-04 17:39:08.244 [info] Discover tests for workspace name: capsule - uri: /root/capsule/code/utils.py
2025-03-04 17:39:17.295 [info] Discover tests for workspace name: capsule - uri: /root/capsule/code/utils.py
2025-03-04 17:39:18.384 [info] Discover tests for workspace name: capsule - uri: /root/capsule/code/utils.py
2025-03-04 17:39:27.138 [info] Discover tests for workspace name: capsule - uri: /root/capsule/code/utils.py
2025-03-04 17:39:31.952 [info] Discover tests for workspace name: capsule - uri: /root/capsule/code/utils.py
2025-03-04 17:39:38.809 [info] Discover tests for workspace name: capsule - uri: /root/capsule/code/utils.py
2025-03-04 17:39:41.661 [info] Discover tests for workspace name: capsule - uri: /root/capsule/code/utils.py
2025-03-04 17:39:44.890 [info] Discover tests for workspace name: capsule - uri: /root/capsule/code/utils.py
2025-03-04 17:39:47.713 [info] Discover tests for workspace name: capsule - uri: /root/capsule/code/utils.py
2025-03-04 17:39:56.990 [info] Discover tests for workspace name: capsule - uri: /root/capsule/code/utils.py
2025-03-04 17:40:03.930 [info] Discover tests for workspace name: capsule - uri: /root/capsule/code/utils.py
2025-03-04 17:40:07.893 [info] Discover tests for workspace name: capsule - uri: /root/capsule/code/utils.py
2025-03-04 17:40:15.588 [info] Discover tests for workspace name: capsule - uri: /root/capsule/code/utils.py
2025-03-04 17:40:17.691 [info] Discover tests for workspace name: capsule - uri: /root/capsule/code/utils.py
2025-03-04 17:40:25.712 [info] Discover tests for workspace name: capsule - uri: /root/capsule/code/utils.py
2025-03-04 17:40:32.766 [info] Discover tests for workspace name: capsule - uri: /root/capsule/code/utils.py
2025-03-04 17:40:38.227 [info] Discover tests for workspace name: capsule - uri: /root/capsule/code/utils.py
2025-03-04 17:41:34.878 [info] Discover tests for workspace name: capsule - uri: /root/capsule/code/utils.py
2025-03-04 17:41:35.919 [info] Discover tests for workspace name: capsule - uri: /root/capsule/code/utils.py
2025-03-04 17:41:45.302 [info] Discover tests for workspace name: capsule - uri: /root/capsule/code/utils.py
2025-03-04 17:41:50.729 [info] Discover tests for workspace name: capsule - uri: /root/capsule/code/utils.py
2025-03-04 17:41:52.250 [info] Discover tests for workspace name: capsule - uri: /root/capsule/code/utils.py
2025-03-04 17:41:55.471 [info] Discover tests for workspace name: capsule - uri: /root/capsule/code/utils.py
2025-03-04 17:42:00.321 [info] Discover tests for workspace name: capsule - uri: /root/capsule/code/utils.py
2025-03-04 17:42:07.650 [info] Discover tests for workspace name: capsule - uri: /root/capsule/code/utils.py
2025-03-04 17:42:22.691 [info] Discover tests for workspace name: capsule - uri: /root/capsule/code/utils.py
2025-03-04 17:42:27.659 [info] > conda run -n base --no-capture-output python /.vscode/extensions/ms-python.python-2025.0.0-universal/python_files/get_output_via_markers.py /.vscode/extensions/ms-python.python-2025.0.0-universal/python_files/printEnvVariables.py
2025-03-04 17:42:27.659 [info] shell: bash
2025-03-04 17:44:17.404 [info] Discover tests for workspace name: capsule - uri: /root/capsule/code/utils.py
2025-03-04 17:44:46.037 [info] Discover tests for workspace name: capsule - uri: /root/capsule/code/utils.py
2025-03-04 17:44:51.810 [info] Discover tests for workspace name: capsule - uri: /root/capsule/code/utils.py
2025-03-04 17:51:55.290 [info] Discover tests for workspace name: capsule - uri: /root/capsule/code/utils.py
2025-03-04 17:52:03.905 [info] Discover tests for workspace name: capsule - uri: /root/capsule/code/utils.py
2025-03-04 17:52:05.472 [info] Discover tests for workspace name: capsule - uri: /root/capsule/code/utils.py
2025-03-04 17:52:12.652 [info] Discover tests for workspace name: capsule - uri: /root/capsule/code/utils.py
2025-03-04 17:52:14.144 [info] Discover tests for workspace name: capsule - uri: /root/capsule/code/utils.py
2025-03-04 17:52:17.666 [info] Discover tests for workspace name: capsule - uri: /root/capsule/code/utils.py
2025-03-04 17:52:20.126 [info] Discover tests for workspace name: capsule - uri: /root/capsule/code/utils.py
2025-03-04 17:53:43.823 [info] Discover tests for workspace name: capsule - uri: /root/capsule/code/utils.py
2025-03-04 17:53:46.856 [info] > conda run -n base --no-capture-output python /.vscode/extensions/ms-python.python-2025.0.0-universal/python_files/get_output_via_markers.py /.vscode/extensions/ms-python.python-2025.0.0-universal/python_files/printEnvVariables.py
2025-03-04 17:53:46.856 [info] shell: bash
2025-03-04 17:54:49.442 [info] Discover tests for workspace name: capsule - uri: /root/capsule/code/utils.py
2025-03-04 17:54:51.849 [info] Discover tests for workspace name: capsule - uri: /root/capsule/code/utils.py
2025-03-04 17:54:57.386 [info] Discover tests for workspace name: capsule - uri: /root/capsule/code/utils.py
2025-03-04 17:54:59.348 [info] Discover tests for workspace name: capsule - uri: /root/capsule/code/utils.py
2025-03-04 17:55:04.748 [info] Discover tests for workspace name: capsule - uri: /root/capsule/code/utils.py
2025-03-04 17:55:07.506 [info] Discover tests for workspace name: capsule - uri: /root/capsule/code/utils.py
2025-03-04 17:55:13.375 [info] Discover tests for workspace name: capsule - uri: /root/capsule/code/utils.py
2025-03-04 17:55:15.571 [info] Discover tests for workspace name: capsule - uri: /root/capsule/code/utils.py
2025-03-04 17:55:16.010 [info] Discover tests for workspace name: capsule - uri: /root/capsule/code/utils.py
2025-03-04 17:55:16.389 [info] Discover tests for workspace name: capsule - uri: /root/capsule/code/utils.py
2025-03-04 17:55:16.691 [info] Discover tests for workspace name: capsule - uri: /root/capsule/code/utils.py
2025-03-04 17:55:17.802 [info] Discover tests for workspace name: capsule - uri: /root/capsule/code/utils.py
2025-03-04 17:56:24.175 [info] Discover tests for workspace name: capsule - uri: /root/capsule/code/utils.py
2025-03-04 17:56:26.020 [info] Discover tests for workspace name: capsule - uri: /root/capsule/code/utils.py
2025-03-04 17:56:30.127 [info] Discover tests for workspace name: capsule - uri: /root/capsule/code/utils.py
2025-03-04 17:56:32.103 [info] Discover tests for workspace name: capsule - uri: /root/capsule/code/utils.py
2025-03-04 17:56:35.639 [info] Discover tests for workspace name: capsule - uri: /root/capsule/code/utils.py
2025-03-04 17:56:36.002 [info] Discover tests for workspace name: capsule - uri: /root/capsule/code/utils.py
2025-03-04 17:56:36.276 [info] Discover tests for workspace name: capsule - uri: /root/capsule/code/utils.py
2025-03-04 17:56:36.561 [info] Discover tests for workspace name: capsule - uri: /root/capsule/code/utils.py
2025-03-04 17:56:36.842 [info] Discover tests for workspace name: capsule - uri: /root/capsule/code/utils.py
2025-03-04 17:56:37.128 [info] Discover tests for workspace name: capsule - uri: /root/capsule/code/utils.py
2025-03-04 17:59:21.862 [info] Discover tests for workspace name: capsule - uri: /root/capsule/code/utils.py
2025-03-04 17:59:46.507 [info] Discover tests for workspace name: capsule - uri: /root/capsule/code/utils.py
2025-03-04 17:59:48.652 [info] Discover tests for workspace name: capsule - uri: /root/capsule/code/utils.py
2025-03-04 17:59:50.446 [info] Discover tests for workspace name: capsule - uri: /root/capsule/code/utils.py
2025-03-04 17:59:54.818 [info] Discover tests for workspace name: capsule - uri: /root/capsule/code/utils.py
2025-03-04 17:59:56.502 [info] Discover tests for workspace name: capsule - uri: /root/capsule/code/utils.py
2025-03-04 18:01:19.019 [info] Discover tests for workspace name: capsule - uri: /root/capsule/code/utils.py
2025-03-04 18:01:25.374 [info] Discover tests for workspace name: capsule - uri: /root/capsule/code/utils.py
2025-03-04 18:01:29.241 [info] Discover tests for workspace name: capsule - uri: /root/capsule/code/utils.py
2025-03-04 18:01:31.213 [info] Discover tests for workspace name: capsule - uri: /root/capsule/code/utils.py
2025-03-04 18:01:31.594 [info] Discover tests for workspace name: capsule - uri: /root/capsule/code/utils.py
2025-03-04 18:01:31.903 [info] Discover tests for workspace name: capsule - uri: /root/capsule/code/utils.py
2025-03-04 18:01:34.176 [info] Discover tests for workspace name: capsule - uri: /root/capsule/code/utils.py
2025-03-04 18:01:34.577 [info] Discover tests for workspace name: capsule - uri: /root/capsule/code/utils.py
2025-03-04 18:01:36.394 [info] Discover tests for workspace name: capsule - uri: /root/capsule/code/utils.py
2025-03-04 18:02:46.780 [info] Discover tests for workspace name: capsule - uri: /root/capsule/code/model.py
2025-03-04 18:02:58.893 [info] Discover tests for workspace name: capsule - uri: /root/capsule/code/model.py
2025-03-04 18:03:36.828 [info] Discover tests for workspace name: capsule - uri: /root/capsule/code/model.py
2025-03-04 18:03:45.123 [info] Discover tests for workspace name: capsule - uri: /root/capsule/code/model.py
2025-03-04 18:09:53.971 [info] Discover tests for workspace name: capsule - uri: /root/capsule/code/utils.py
2025-03-04 18:09:55.231 [info] Discover tests for workspace name: capsule - uri: /root/capsule/code/utils.py
2025-03-04 18:10:05.115 [info] Discover tests for workspace name: capsule - uri: /root/capsule/code/utils.py
2025-03-04 18:10:06.912 [info] Discover tests for workspace name: capsule - uri: /root/capsule/code/utils.py
2025-03-04 18:10:08.626 [info] Discover tests for workspace name: capsule - uri: /root/capsule/code/utils.py
2025-03-04 18:10:10.742 [info] Discover tests for workspace name: capsule - uri: /root/capsule/code/utils.py
2025-03-04 18:10:16.116 [info] Discover tests for workspace name: capsule - uri: /root/capsule/code/utils.py
2025-03-04 18:10:20.216 [info] Discover tests for workspace name: capsule - uri: /root/capsule/code/utils.py
2025-03-04 18:10:21.626 [info] Discover tests for workspace name: capsule - uri: /root/capsule/code/utils.py
2025-03-04 18:10:23.845 [info] Discover tests for workspace name: capsule - uri: /root/capsule/code/utils.py
2025-03-04 18:10:29.257 [info] Discover tests for workspace name: capsule - uri: /root/capsule/code/utils.py
2025-03-04 18:10:39.639 [info] Discover tests for workspace name: capsule - uri: /root/capsule/code/utils.py
2025-03-04 18:10:58.443 [info] Discover tests for workspace name: capsule - uri: /root/capsule/code/utils.py
2025-03-04 18:11:00.205 [info] Discover tests for workspace name: capsule - uri: /root/capsule/code/utils.py
2025-03-04 18:11:03.088 [info] Discover tests for workspace name: capsule - uri: /root/capsule/code/utils.py
2025-03-04 18:11:06.273 [info] Discover tests for workspace name: capsule - uri: /root/capsule/code/utils.py
2025-03-04 18:11:17.021 [info] Discover tests for workspace name: capsule - uri: /root/capsule/code/utils.py
2025-03-04 18:11:35.491 [info] Discover tests for workspace name: capsule - uri: /root/capsule/code/utils.py
2025-03-04 18:11:39.039 [info] Discover tests for workspace name: capsule - uri: /root/capsule/code/utils.py
2025-03-04 18:11:44.384 [info] Discover tests for workspace name: capsule - uri: /root/capsule/code/utils.py
2025-03-04 18:12:16.658 [info] Discover tests for workspace name: capsule - uri: /root/capsule/code/utils.py
2025-03-04 18:12:18.117 [info] Discover tests for workspace name: capsule - uri: /root/capsule/code/utils.py
2025-03-04 18:12:24.829 [info] Discover tests for workspace name: capsule - uri: /root/capsule/code/utils.py
2025-03-04 18:12:26.453 [info] Discover tests for workspace name: capsule - uri: /root/capsule/code/utils.py
2025-03-04 18:12:27.476 [info] Discover tests for workspace name: capsule - uri: /root/capsule/code/utils.py
2025-03-04 18:12:29.042 [info] Discover tests for workspace name: capsule - uri: /root/capsule/code/utils.py
2025-03-04 18:12:35.468 [info] Discover tests for workspace name: capsule - uri: /root/capsule/code/utils.py
2025-03-04 18:17:39.114 [info] Discover tests for workspace name: capsule - uri: /root/capsule/code/utils.py
2025-03-04 18:17:42.164 [info] Discover tests for workspace name: capsule - uri: /root/capsule/code/utils.py
2025-03-04 18:17:44.496 [info] Discover tests for workspace name: capsule - uri: /root/capsule/code/utils.py
2025-03-04 18:17:53.507 [info] Discover tests for workspace name: capsule - uri: /root/capsule/code/utils.py
2025-03-04 18:17:57.536 [info] Discover tests for workspace name: capsule - uri: /root/capsule/code/utils.py
2025-03-04 18:18:02.313 [info] Discover tests for workspace name: capsule - uri: /root/capsule/code/utils.py
2025-03-04 18:18:09.327 [info] Discover tests for workspace name: capsule - uri: /root/capsule/code/utils.py
2025-03-04 18:18:14.104 [info] Discover tests for workspace name: capsule - uri: /root/capsule/code/utils.py
2025-03-04 18:18:23.696 [info] Discover tests for workspace name: capsule - uri: /root/capsule/code/utils.py
2025-03-04 18:18:27.686 [info] Discover tests for workspace name: capsule - uri: /root/capsule/code/utils.py
2025-03-04 18:18:28.060 [info] Discover tests for workspace name: capsule - uri: /root/capsule/code/utils.py
2025-03-04 18:19:05.224 [info] > conda run -n base --no-capture-output python /.vscode/extensions/ms-python.python-2025.0.0-universal/python_files/get_output_via_markers.py /.vscode/extensions/ms-python.python-2025.0.0-universal/python_files/printEnvVariables.py
2025-03-04 18:19:05.224 [info] shell: bash
2025-03-04 18:21:48.899 [info] Discover tests for workspace name: capsule - uri: /root/capsule/code/utils.py
2025-03-04 18:21:57.813 [info] Discover tests for workspace name: capsule - uri: /root/capsule/code/utils.py
2025-03-04 18:22:06.351 [info] Discover tests for workspace name: capsule - uri: /root/capsule/code/utils.py
2025-03-04 18:22:08.670 [info] Discover tests for workspace name: capsule - uri: /root/capsule/code/utils.py
2025-03-04 18:22:12.413 [info] Discover tests for workspace name: capsule - uri: /root/capsule/code/utils.py
2025-03-04 18:22:17.496 [info] Discover tests for workspace name: capsule - uri: /root/capsule/code/utils.py
2025-03-04 18:22:24.591 [info] Discover tests for workspace name: capsule - uri: /root/capsule/code/utils.py
2025-03-04 18:24:32.646 [info] Discover tests for workspace name: capsule - uri: /root/capsule/code/utils.py
2025-03-04 18:24:47.279 [info] Discover tests for workspace name: capsule - uri: /root/capsule/code/utils.py
2025-03-04 18:24:56.671 [info] Discover tests for workspace name: capsule - uri: /root/capsule/code/utils.py
2025-03-04 18:25:00.682 [info] Discover tests for workspace name: capsule - uri: /root/capsule/code/utils.py
2025-03-04 18:25:03.866 [info] Discover tests for workspace name: capsule - uri: /root/capsule/code/utils.py
2025-03-04 18:25:06.555 [info] Discover tests for workspace name: capsule - uri: /root/capsule/code/utils.py
2025-03-04 18:25:12.874 [info] Discover tests for workspace name: capsule - uri: /root/capsule/code/utils.py
2025-03-04 18:25:15.926 [info] Discover tests for workspace name: capsule - uri: /root/capsule/code/utils.py
2025-03-04 18:25:20.136 [info] Discover tests for workspace name: capsule - uri: /root/capsule/code/utils.py
2025-03-04 18:25:25.563 [info] Discover tests for workspace name: capsule - uri: /root/capsule/code/utils.py
2025-03-04 18:25:27.970 [info] Discover tests for workspace name: capsule - uri: /root/capsule/code/utils.py
2025-03-04 18:25:29.230 [info] Discover tests for workspace name: capsule - uri: /root/capsule/code/utils.py
2025-03-04 18:25:29.604 [info] Discover tests for workspace name: capsule - uri: /root/capsule/code/utils.py
2025-03-04 18:25:30.347 [info] Discover tests for workspace name: capsule - uri: /root/capsule/code/utils.py
2025-03-04 18:25:30.674 [info] Discover tests for workspace name: capsule - uri: /root/capsule/code/utils.py
2025-03-04 18:25:30.992 [info] Discover tests for workspace name: capsule - uri: /root/capsule/code/utils.py
2025-03-04 18:25:31.265 [info] Discover tests for workspace name: capsule - uri: /root/capsule/code/utils.py
2025-03-04 18:25:31.522 [info] Discover tests for workspace name: capsule - uri: /root/capsule/code/utils.py
2025-03-04 18:25:31.847 [info] Discover tests for workspace name: capsule - uri: /root/capsule/code/utils.py
2025-03-04 18:25:32.288 [info] Discover tests for workspace name: capsule - uri: /root/capsule/code/utils.py
2025-03-04 18:27:25.721 [info] Discover tests for workspace name: capsule - uri: /root/capsule/code/utils.py
2025-03-04 18:27:27.769 [info] Discover tests for workspace name: capsule - uri: /root/capsule/code/utils.py
2025-03-04 18:27:46.015 [info] Discover tests for workspace name: capsule - uri: /root/capsule/code/utils.py
2025-03-04 18:27:47.616 [info] Discover tests for workspace name: capsule - uri: /root/capsule/code/utils.py
2025-03-04 18:27:50.849 [info] Discover tests for workspace name: capsule - uri: /root/capsule/code/utils.py
2025-03-04 18:27:57.320 [info] Discover tests for workspace name: capsule - uri: /root/capsule/code/utils.py
2025-03-04 18:28:00.148 [info] Discover tests for workspace name: capsule - uri: /root/capsule/code/utils.py
2025-03-04 18:28:00.545 [info] Discover tests for workspace name: capsule - uri: /root/capsule/code/utils.py
2025-03-04 18:28:00.817 [info] Discover tests for workspace name: capsule - uri: /root/capsule/code/utils.py
2025-03-04 18:28:01.318 [info] Discover tests for workspace name: capsule - uri: /root/capsule/code/utils.py
2025-03-04 18:28:01.579 [info] Discover tests for workspace name: capsule - uri: /root/capsule/code/utils.py
2025-03-04 18:28:01.868 [info] Discover tests for workspace name: capsule - uri: /root/capsule/code/utils.py
2025-03-04 18:28:10.821 [info] Discover tests for workspace name: capsule - uri: /root/capsule/code/utils.py
2025-03-04 18:28:11.284 [info] Discover tests for workspace name: capsule - uri: /root/capsule/code/utils.py
2025-03-04 18:28:11.712 [info] Discover tests for workspace name: capsule - uri: /root/capsule/code/utils.py
2025-03-04 18:28:12.120 [info] Discover tests for workspace name: capsule - uri: /root/capsule/code/utils.py
2025-03-04 18:28:12.557 [info] Discover tests for workspace name: capsule - uri: /root/capsule/code/utils.py
2025-03-04 18:30:19.412 [info] Discover tests for workspace name: capsule - uri: /root/capsule/code/utils.py
2025-03-04 18:30:20.150 [info] Discover tests for workspace name: capsule - uri: /root/capsule/code/utils.py
2025-03-04 18:30:20.487 [info] Discover tests for workspace name: capsule - uri: /root/capsule/code/utils.py
2025-03-04 18:30:23.659 [info] > conda run -n base --no-capture-output python /.vscode/extensions/ms-python.python-2025.0.0-universal/python_files/get_output_via_markers.py /.vscode/extensions/ms-python.python-2025.0.0-universal/python_files/printEnvVariables.py
2025-03-04 18:30:23.659 [info] shell: bash
2025-03-04 18:31:00.776 [info] Discover tests for workspace name: capsule - uri: /root/capsule/code/utils.py
2025-03-04 18:31:01.550 [info] Discover tests for workspace name: capsule - uri: /root/capsule/code/utils.py
2025-03-04 18:31:02.074 [info] Discover tests for workspace name: capsule - uri: /root/capsule/code/utils.py
