2025-06-06 19:00:15.797 [info] [main] Log level: Info
2025-06-06 19:00:15.797 [info] [main] Validating found git in: "git"
2025-06-06 19:00:15.797 [info] [main] Using git "2.34.1" from "git"
2025-06-06 19:00:15.797 [info] [Model][doInitialScan] Initial repository scan started
2025-06-06 19:00:15.797 [info] > git rev-parse --show-toplevel [2ms]
2025-06-06 19:00:15.797 [info] > git rev-parse --git-dir --git-common-dir [1ms]
2025-06-06 19:00:15.797 [info] [Model][openRepository] Opened repository: /root/capsule
2025-06-06 19:00:15.797 [info] > git config --get commit.template [3ms]
2025-06-06 19:00:15.797 [info] > git rev-parse --show-toplevel [2ms]
2025-06-06 19:00:15.797 [info] > git for-each-ref --format=%(refname)%00%(upstream:short)%00%(objectname)%00%(upstream:track)%00%(upstream:remotename)%00%(upstream:remoteref) refs/heads/master refs/remotes/master [3ms]
2025-06-06 19:00:15.797 [warning] [Git][getBranch] No such branch: master
2025-06-06 19:00:15.797 [info] > git status -z -uall [4ms]
2025-06-06 19:00:15.797 [info] > git rev-parse --show-toplevel [7ms]
2025-06-06 19:00:15.797 [info] > git for-each-ref --sort -committerdate --format %(refname) %(objectname) %(*objectname) [4ms]
2025-06-06 19:00:15.797 [info] > git for-each-ref --format=%(refname)%00%(upstream:short)%00%(objectname)%00%(upstream:track)%00%(upstream:remotename)%00%(upstream:remoteref) refs/heads/master refs/remotes/master [5ms]
2025-06-06 19:00:15.797 [warning] [Git][getBranch] No such branch: master
2025-06-06 19:00:15.798 [error] [GitHistoryProvider][resolveHEADMergeBase] Failed to resolve merge base for master: Error: No such branch: master.
2025-06-06 19:00:15.798 [info] > git rev-parse --show-toplevel [14ms]
2025-06-06 19:00:15.798 [info] > git config --get commit.template [4ms]
2025-06-06 19:00:15.798 [info] > git rev-parse --show-toplevel [3ms]
2025-06-06 19:00:15.798 [info] > git for-each-ref --format=%(refname)%00%(upstream:short)%00%(objectname)%00%(upstream:track)%00%(upstream:remotename)%00%(upstream:remoteref) refs/heads/master refs/remotes/master [3ms]
2025-06-06 19:00:15.798 [warning] [Git][getBranch] No such branch: master
2025-06-06 19:00:15.798 [info] > git status -z -uall [6ms]
2025-06-06 19:00:15.798 [info] > git rev-parse --show-toplevel [9ms]
2025-06-06 19:00:15.798 [info] [Model][doInitialScan] Initial repository scan completed - repositories (1), closed repositories (0), parent repositories (0), unsafe repositories (0)
2025-06-06 19:00:15.798 [info] > git for-each-ref --sort -committerdate --format %(refname) %(objectname) %(*objectname) [8ms]
2025-06-06 19:00:16.813 [info] > git check-ignore -v -z --stdin [4ms]
