2025-03-14 16:49:18.057 [info] Extension host with pid 450 started
2025-03-14 16:49:18.062 [info] Lock '/root/capsule/code/.vscode/User/workspaceStorage/47b87c33/vscode.lock': Lock acquired.
2025-03-14 16:49:18.098 [info] ExtensionService#_doActivateExtension vscode.git-base, startup: true, activationEvent: '*', root cause: vscode.git
2025-03-14 16:49:18.099 [info] ExtensionService#_doActivateExtension reageyao.biosyntax, startup: true, activationEvent: '*'
2025-03-14 16:49:18.132 [info] ExtensionService#_doActivateExtension vscode.git, startup: true, activationEvent: '*'
2025-03-14 16:49:18.132 [info] ExtensionService#_doActivateExtension vscode.github, startup: true, activationEvent: '*'
2025-03-14 16:49:18.352 [info] Eager extensions activated
2025-03-14 16:49:18.352 [info] ExtensionService#_doActivateExtension vscode.debug-auto-launch, startup: false, activationEvent: 'onStartupFinished'
2025-03-14 16:49:18.352 [info] ExtensionService#_doActivateExtension vscode.merge-conflict, startup: false, activationEvent: 'onStartupFinished'
2025-03-14 16:49:18.352 [info] ExtensionService#_doActivateExtension Continue.continue, startup: false, activationEvent: 'onStartupFinished'
2025-03-14 16:49:19.031 [info] ExtensionService#_doActivateExtension vscode.emmet, startup: false, activationEvent: 'onLanguage'
2025-03-14 16:49:20.374 [info] ExtensionService#_doActivateExtension vscode.ipynb, startup: false, activationEvent: 'onNotebookSerializer:jupyter-notebook'
2025-03-14 16:49:20.676 [info] ExtensionService#_doActivateExtension ms-toolsai.jupyter, startup: false, activationEvent: 'onNotebook:jupyter-notebook'
2025-03-14 16:49:20.676 [info] ExtensionService#_doActivateExtension ms-toolsai.vscode-jupyter-cell-tags, startup: false, activationEvent: 'onNotebook:jupyter-notebook'
2025-03-14 16:49:20.676 [info] ExtensionService#_doActivateExtension ms-toolsai.vscode-jupyter-slideshow, startup: false, activationEvent: 'onNotebook:jupyter-notebook'
2025-03-14 16:49:21.392 [info] ExtensionService#_doActivateExtension ms-python.python, startup: false, activationEvent: 'api', root cause: ms-toolsai.jupyter
2025-03-14 16:49:21.420 [info] ExtensionService#_doActivateExtension ms-toolsai.jupyter-renderers, startup: false, activationEvent: 'api', root cause: ms-toolsai.jupyter
2025-03-14 16:52:31.978 [info] ExtensionService#_doActivateExtension vscode.tunnel-forwarding, startup: false, activationEvent: 'onTunnel'
2025-03-14 16:52:40.622 [info] ExtensionService#_doActivateExtension ms-python.debugpy, startup: false, activationEvent: 'onLanguage:python'
2025-03-14 16:52:40.746 [info] ExtensionService#_doActivateExtension vscode.configuration-editing, startup: false, activationEvent: 'onLanguage:jsonc'
2025-03-14 16:52:40.746 [info] ExtensionService#_doActivateExtension vscode.json-language-features, startup: false, activationEvent: 'onLanguage:jsonc'
2025-03-14 16:52:40.746 [info] ExtensionService#_doActivateExtension vscode.typescript-language-features, startup: false, activationEvent: 'onLanguage:jsonc'
2025-03-14 16:53:21.595 [warning] TextEditor is closed/disposed
2025-03-14 16:53:24.657 [error] Unavailable (FileSystemError): ENOPRO: No file system provider found for resource 'vscode-notebook-cell://codeocean.allenneuraldynamics.org/root/capsule/code/testing_code_training.ipynb#W0sdnNjb2RlLXJlbW90ZQ%3D%3D'
	at Qi.e (file:///.code-server/code-server-4.95.3-linux-amd64/lib/vscode/out/vs/workbench/api/node/extensionHostProcess.js:114:9463)
	at Object.readFile (file:///.code-server/code-server-4.95.3-linux-amd64/lib/vscode/out/vs/workbench/api/node/extensionHostProcess.js:114:7581)
	at async _RecentlyEditedTracker.insertRange (/.vscode/extensions/continue.continue-1.0.2-linux-x64/out/extension.js:608759:27)
2025-03-14 16:54:38.162 [error] Unavailable (FileSystemError): ENOPRO: No file system provider found for resource 'vscode-notebook-cell://codeocean.allenneuraldynamics.org/root/capsule/code/testing_code_training.ipynb#W0sdnNjb2RlLXJlbW90ZQ%3D%3D'
	at Qi.e (file:///.code-server/code-server-4.95.3-linux-amd64/lib/vscode/out/vs/workbench/api/node/extensionHostProcess.js:114:9463)
	at Object.readFile (file:///.code-server/code-server-4.95.3-linux-amd64/lib/vscode/out/vs/workbench/api/node/extensionHostProcess.js:114:7581)
	at async _RecentlyEditedTracker.insertRange (/.vscode/extensions/continue.continue-1.0.2-linux-x64/out/extension.js:608759:27)
2025-03-14 16:54:38.388 [error] Unavailable (FileSystemError): ENOPRO: No file system provider found for resource 'vscode-notebook-cell://codeocean.allenneuraldynamics.org/root/capsule/code/testing_code_training.ipynb#W0sdnNjb2RlLXJlbW90ZQ%3D%3D'
	at Qi.e (file:///.code-server/code-server-4.95.3-linux-amd64/lib/vscode/out/vs/workbench/api/node/extensionHostProcess.js:114:9463)
	at Object.readFile (file:///.code-server/code-server-4.95.3-linux-amd64/lib/vscode/out/vs/workbench/api/node/extensionHostProcess.js:114:7581)
	at async _RecentlyEditedTracker.insertRange (/.vscode/extensions/continue.continue-1.0.2-linux-x64/out/extension.js:608759:27)
2025-03-14 16:54:38.770 [error] Unavailable (FileSystemError): ENOPRO: No file system provider found for resource 'vscode-notebook-cell://codeocean.allenneuraldynamics.org/root/capsule/code/testing_code_training.ipynb#W0sdnNjb2RlLXJlbW90ZQ%3D%3D'
	at Qi.e (file:///.code-server/code-server-4.95.3-linux-amd64/lib/vscode/out/vs/workbench/api/node/extensionHostProcess.js:114:9463)
	at Object.readFile (file:///.code-server/code-server-4.95.3-linux-amd64/lib/vscode/out/vs/workbench/api/node/extensionHostProcess.js:114:7581)
	at async _RecentlyEditedTracker.insertRange (/.vscode/extensions/continue.continue-1.0.2-linux-x64/out/extension.js:608759:27)
2025-03-14 16:55:27.636 [warning] TextEditor is closed/disposed
2025-03-14 17:00:35.339 [error] Unavailable (FileSystemError): ENOPRO: No file system provider found for resource 'vscode-notebook-cell://codeocean.allenneuraldynamics.org/root/capsule/code/testing_code_training.ipynb#W0sdnNjb2RlLXJlbW90ZQ%3D%3D'
	at Qi.e (file:///.code-server/code-server-4.95.3-linux-amd64/lib/vscode/out/vs/workbench/api/node/extensionHostProcess.js:114:9463)
	at Object.readFile (file:///.code-server/code-server-4.95.3-linux-amd64/lib/vscode/out/vs/workbench/api/node/extensionHostProcess.js:114:7581)
	at async _RecentlyEditedTracker.insertRange (/.vscode/extensions/continue.continue-1.0.2-linux-x64/out/extension.js:608759:27)
2025-03-14 17:00:36.740 [error] Unavailable (FileSystemError): ENOPRO: No file system provider found for resource 'vscode-notebook-cell://codeocean.allenneuraldynamics.org/root/capsule/code/testing_code_training.ipynb#W0sdnNjb2RlLXJlbW90ZQ%3D%3D'
	at Qi.e (file:///.code-server/code-server-4.95.3-linux-amd64/lib/vscode/out/vs/workbench/api/node/extensionHostProcess.js:114:9463)
	at Object.readFile (file:///.code-server/code-server-4.95.3-linux-amd64/lib/vscode/out/vs/workbench/api/node/extensionHostProcess.js:114:7581)
	at async _RecentlyEditedTracker.insertRange (/.vscode/extensions/continue.continue-1.0.2-linux-x64/out/extension.js:608759:27)
2025-03-14 17:00:37.045 [error] Unavailable (FileSystemError): ENOPRO: No file system provider found for resource 'vscode-notebook-cell://codeocean.allenneuraldynamics.org/root/capsule/code/testing_code_training.ipynb#W0sdnNjb2RlLXJlbW90ZQ%3D%3D'
	at Qi.e (file:///.code-server/code-server-4.95.3-linux-amd64/lib/vscode/out/vs/workbench/api/node/extensionHostProcess.js:114:9463)
	at Object.readFile (file:///.code-server/code-server-4.95.3-linux-amd64/lib/vscode/out/vs/workbench/api/node/extensionHostProcess.js:114:7581)
	at async _RecentlyEditedTracker.insertRange (/.vscode/extensions/continue.continue-1.0.2-linux-x64/out/extension.js:608759:27)
2025-03-14 17:00:39.680 [error] Unavailable (FileSystemError): ENOPRO: No file system provider found for resource 'vscode-notebook-cell://codeocean.allenneuraldynamics.org/root/capsule/code/testing_code_training.ipynb#W0sdnNjb2RlLXJlbW90ZQ%3D%3D'
	at Qi.e (file:///.code-server/code-server-4.95.3-linux-amd64/lib/vscode/out/vs/workbench/api/node/extensionHostProcess.js:114:9463)
	at Object.readFile (file:///.code-server/code-server-4.95.3-linux-amd64/lib/vscode/out/vs/workbench/api/node/extensionHostProcess.js:114:7581)
	at async _RecentlyEditedTracker.insertRange (/.vscode/extensions/continue.continue-1.0.2-linux-x64/out/extension.js:608759:27)
2025-03-14 17:00:59.972 [warning] TextEditor is closed/disposed
2025-03-14 17:01:05.410 [error] Unavailable (FileSystemError): ENOPRO: No file system provider found for resource 'vscode-notebook-cell://codeocean.allenneuraldynamics.org/root/capsule/code/testing_code_training.ipynb#X22sdnNjb2RlLXJlbW90ZQ%3D%3D'
	at Qi.e (file:///.code-server/code-server-4.95.3-linux-amd64/lib/vscode/out/vs/workbench/api/node/extensionHostProcess.js:114:9463)
	at Object.readFile (file:///.code-server/code-server-4.95.3-linux-amd64/lib/vscode/out/vs/workbench/api/node/extensionHostProcess.js:114:7581)
	at async _RecentlyEditedTracker.insertRange (/.vscode/extensions/continue.continue-1.0.2-linux-x64/out/extension.js:608759:27)
2025-03-14 17:01:07.112 [error] Unavailable (FileSystemError): ENOPRO: No file system provider found for resource 'vscode-notebook-cell://codeocean.allenneuraldynamics.org/root/capsule/code/testing_code_training.ipynb#X22sdnNjb2RlLXJlbW90ZQ%3D%3D'
	at Qi.e (file:///.code-server/code-server-4.95.3-linux-amd64/lib/vscode/out/vs/workbench/api/node/extensionHostProcess.js:114:9463)
	at Object.readFile (file:///.code-server/code-server-4.95.3-linux-amd64/lib/vscode/out/vs/workbench/api/node/extensionHostProcess.js:114:7581)
	at async _RecentlyEditedTracker.insertRange (/.vscode/extensions/continue.continue-1.0.2-linux-x64/out/extension.js:608759:27)
2025-03-14 17:01:07.515 [error] Unavailable (FileSystemError): ENOPRO: No file system provider found for resource 'vscode-notebook-cell://codeocean.allenneuraldynamics.org/root/capsule/code/testing_code_training.ipynb#X22sdnNjb2RlLXJlbW90ZQ%3D%3D'
	at Qi.e (file:///.code-server/code-server-4.95.3-linux-amd64/lib/vscode/out/vs/workbench/api/node/extensionHostProcess.js:114:9463)
	at Object.readFile (file:///.code-server/code-server-4.95.3-linux-amd64/lib/vscode/out/vs/workbench/api/node/extensionHostProcess.js:114:7581)
	at async _RecentlyEditedTracker.insertRange (/.vscode/extensions/continue.continue-1.0.2-linux-x64/out/extension.js:608759:27)
2025-03-14 17:01:13.238 [error] Unavailable (FileSystemError): ENOPRO: No file system provider found for resource 'vscode-notebook-cell://codeocean.allenneuraldynamics.org/root/capsule/code/testing_code_training.ipynb#X22sdnNjb2RlLXJlbW90ZQ%3D%3D'
	at Qi.e (file:///.code-server/code-server-4.95.3-linux-amd64/lib/vscode/out/vs/workbench/api/node/extensionHostProcess.js:114:9463)
	at Object.readFile (file:///.code-server/code-server-4.95.3-linux-amd64/lib/vscode/out/vs/workbench/api/node/extensionHostProcess.js:114:7581)
	at async _RecentlyEditedTracker.insertRange (/.vscode/extensions/continue.continue-1.0.2-linux-x64/out/extension.js:608759:27)
2025-03-14 17:01:13.391 [error] Unavailable (FileSystemError): ENOPRO: No file system provider found for resource 'vscode-notebook-cell://codeocean.allenneuraldynamics.org/root/capsule/code/testing_code_training.ipynb#X22sdnNjb2RlLXJlbW90ZQ%3D%3D'
	at Qi.e (file:///.code-server/code-server-4.95.3-linux-amd64/lib/vscode/out/vs/workbench/api/node/extensionHostProcess.js:114:9463)
	at Object.readFile (file:///.code-server/code-server-4.95.3-linux-amd64/lib/vscode/out/vs/workbench/api/node/extensionHostProcess.js:114:7581)
	at async _RecentlyEditedTracker.insertRange (/.vscode/extensions/continue.continue-1.0.2-linux-x64/out/extension.js:608759:27)
2025-03-14 17:01:13.496 [error] Unavailable (FileSystemError): ENOPRO: No file system provider found for resource 'vscode-notebook-cell://codeocean.allenneuraldynamics.org/root/capsule/code/testing_code_training.ipynb#X22sdnNjb2RlLXJlbW90ZQ%3D%3D'
	at Qi.e (file:///.code-server/code-server-4.95.3-linux-amd64/lib/vscode/out/vs/workbench/api/node/extensionHostProcess.js:114:9463)
	at Object.readFile (file:///.code-server/code-server-4.95.3-linux-amd64/lib/vscode/out/vs/workbench/api/node/extensionHostProcess.js:114:7581)
	at async _RecentlyEditedTracker.insertRange (/.vscode/extensions/continue.continue-1.0.2-linux-x64/out/extension.js:608759:27)
2025-03-14 17:01:13.712 [error] Unavailable (FileSystemError): ENOPRO: No file system provider found for resource 'vscode-notebook-cell://codeocean.allenneuraldynamics.org/root/capsule/code/testing_code_training.ipynb#X22sdnNjb2RlLXJlbW90ZQ%3D%3D'
	at Qi.e (file:///.code-server/code-server-4.95.3-linux-amd64/lib/vscode/out/vs/workbench/api/node/extensionHostProcess.js:114:9463)
	at Object.readFile (file:///.code-server/code-server-4.95.3-linux-amd64/lib/vscode/out/vs/workbench/api/node/extensionHostProcess.js:114:7581)
	at async _RecentlyEditedTracker.insertRange (/.vscode/extensions/continue.continue-1.0.2-linux-x64/out/extension.js:608759:27)
2025-03-14 17:01:13.997 [error] Unavailable (FileSystemError): ENOPRO: No file system provider found for resource 'vscode-notebook-cell://codeocean.allenneuraldynamics.org/root/capsule/code/testing_code_training.ipynb#X22sdnNjb2RlLXJlbW90ZQ%3D%3D'
	at Qi.e (file:///.code-server/code-server-4.95.3-linux-amd64/lib/vscode/out/vs/workbench/api/node/extensionHostProcess.js:114:9463)
	at Object.readFile (file:///.code-server/code-server-4.95.3-linux-amd64/lib/vscode/out/vs/workbench/api/node/extensionHostProcess.js:114:7581)
	at async _RecentlyEditedTracker.insertRange (/.vscode/extensions/continue.continue-1.0.2-linux-x64/out/extension.js:608759:27)
2025-03-14 17:01:14.228 [error] Unavailable (FileSystemError): ENOPRO: No file system provider found for resource 'vscode-notebook-cell://codeocean.allenneuraldynamics.org/root/capsule/code/testing_code_training.ipynb#X22sdnNjb2RlLXJlbW90ZQ%3D%3D'
	at Qi.e (file:///.code-server/code-server-4.95.3-linux-amd64/lib/vscode/out/vs/workbench/api/node/extensionHostProcess.js:114:9463)
	at Object.readFile (file:///.code-server/code-server-4.95.3-linux-amd64/lib/vscode/out/vs/workbench/api/node/extensionHostProcess.js:114:7581)
	at async _RecentlyEditedTracker.insertRange (/.vscode/extensions/continue.continue-1.0.2-linux-x64/out/extension.js:608759:27)
2025-03-14 17:01:14.441 [error] Unavailable (FileSystemError): ENOPRO: No file system provider found for resource 'vscode-notebook-cell://codeocean.allenneuraldynamics.org/root/capsule/code/testing_code_training.ipynb#X22sdnNjb2RlLXJlbW90ZQ%3D%3D'
	at Qi.e (file:///.code-server/code-server-4.95.3-linux-amd64/lib/vscode/out/vs/workbench/api/node/extensionHostProcess.js:114:9463)
	at Object.readFile (file:///.code-server/code-server-4.95.3-linux-amd64/lib/vscode/out/vs/workbench/api/node/extensionHostProcess.js:114:7581)
	at async _RecentlyEditedTracker.insertRange (/.vscode/extensions/continue.continue-1.0.2-linux-x64/out/extension.js:608759:27)
2025-03-14 17:01:35.752 [warning] TextEditor is closed/disposed
2025-03-14 17:05:04.324 [error] Unavailable (FileSystemError): ENOPRO: No file system provider found for resource 'vscode-notebook-cell://codeocean.allenneuraldynamics.org/root/capsule/code/testing_code_training.ipynb#W0sdnNjb2RlLXJlbW90ZQ%3D%3D'
	at Qi.e (file:///.code-server/code-server-4.95.3-linux-amd64/lib/vscode/out/vs/workbench/api/node/extensionHostProcess.js:114:9463)
	at Object.readFile (file:///.code-server/code-server-4.95.3-linux-amd64/lib/vscode/out/vs/workbench/api/node/extensionHostProcess.js:114:7581)
	at async _RecentlyEditedTracker.insertRange (/.vscode/extensions/continue.continue-1.0.2-linux-x64/out/extension.js:608759:27)
2025-03-14 17:05:06.113 [error] Unavailable (FileSystemError): ENOPRO: No file system provider found for resource 'vscode-notebook-cell://codeocean.allenneuraldynamics.org/root/capsule/code/testing_code_training.ipynb#W0sdnNjb2RlLXJlbW90ZQ%3D%3D'
	at Qi.e (file:///.code-server/code-server-4.95.3-linux-amd64/lib/vscode/out/vs/workbench/api/node/extensionHostProcess.js:114:9463)
	at Object.readFile (file:///.code-server/code-server-4.95.3-linux-amd64/lib/vscode/out/vs/workbench/api/node/extensionHostProcess.js:114:7581)
	at async _RecentlyEditedTracker.insertRange (/.vscode/extensions/continue.continue-1.0.2-linux-x64/out/extension.js:608759:27)
2025-03-14 17:22:06.387 [error] Unavailable (FileSystemError): ENOPRO: No file system provider found for resource 'vscode-notebook-cell://codeocean.allenneuraldynamics.org/root/capsule/code/testing_code_training.ipynb#W0sdnNjb2RlLXJlbW90ZQ%3D%3D'
	at Qi.e (file:///.code-server/code-server-4.95.3-linux-amd64/lib/vscode/out/vs/workbench/api/node/extensionHostProcess.js:114:9463)
	at Object.readFile (file:///.code-server/code-server-4.95.3-linux-amd64/lib/vscode/out/vs/workbench/api/node/extensionHostProcess.js:114:7581)
	at async _RecentlyEditedTracker.insertRange (/.vscode/extensions/continue.continue-1.0.2-linux-x64/out/extension.js:608759:27)
2025-03-14 17:22:17.795 [info] Extension host terminating: parent process 36 does not exist anymore: kill ESRCH (code: ESRCH) (errno: -3)
2025-03-14 17:22:17.796 [info] Lock '/root/capsule/code/.vscode/User/workspaceStorage/47b87c33/vscode.lock': Marking the lockfile as scheduled to be released in 6000 ms.
2025-03-14 17:22:17.861 [error] Canceled: Canceled
	at new rT (file:///.code-server/code-server-4.95.3-linux-amd64/lib/vscode/out/vs/workbench/api/node/extensionHostProcess.js:31:112694)
	at py.U (file:///.code-server/code-server-4.95.3-linux-amd64/lib/vscode/out/vs/workbench/api/node/extensionHostProcess.js:31:117304)
	at s.<computed>.n.charCodeAt.s.<computed> (file:///.code-server/code-server-4.95.3-linux-amd64/lib/vscode/out/vs/workbench/api/node/extensionHostProcess.js:31:114798)
	at Y0.g (file:///.code-server/code-server-4.95.3-linux-amd64/lib/vscode/out/vs/workbench/api/node/extensionHostProcess.js:114:32313)
	at Y0.executeCommand (file:///.code-server/code-server-4.95.3-linux-amd64/lib/vscode/out/vs/workbench/api/node/extensionHostProcess.js:114:31817)
	at r.registerCommand.description (file:///.code-server/code-server-4.95.3-linux-amd64/lib/vscode/out/vs/workbench/api/node/extensionHostProcess.js:114:31147)
	at Y0.h (file:///.code-server/code-server-4.95.3-linux-amd64/lib/vscode/out/vs/workbench/api/node/extensionHostProcess.js:114:32833)
	at Y0.g (file:///.code-server/code-server-4.95.3-linux-amd64/lib/vscode/out/vs/workbench/api/node/extensionHostProcess.js:114:31910)
	at Y0.executeCommand (file:///.code-server/code-server-4.95.3-linux-amd64/lib/vscode/out/vs/workbench/api/node/extensionHostProcess.js:114:31817)
	at Object.executeCommand (file:///.code-server/code-server-4.95.3-linux-amd64/lib/vscode/out/vs/workbench/api/node/extensionHostProcess.js:156:37246)
	at mh.O [as value] (/.code-server/code-server-4.95.3-linux-amd64/lib/vscode/extensions/git/dist/main.js:2:961845)
	at D.B (file:///.code-server/code-server-4.95.3-linux-amd64/lib/vscode/out/vs/workbench/api/node/extensionHostProcess.js:29:746)
	at D.C (file:///.code-server/code-server-4.95.3-linux-amd64/lib/vscode/out/vs/workbench/api/node/extensionHostProcess.js:29:816)
	at D.fire (file:///.code-server/code-server-4.95.3-linux-amd64/lib/vscode/out/vs/workbench/api/node/extensionHostProcess.js:29:1033)
	at Object.p [as dispose] (/.code-server/code-server-4.95.3-linux-amd64/lib/vscode/extensions/git/dist/main.js:2:983333)
	at /.code-server/code-server-4.95.3-linux-amd64/lib/vscode/extensions/git/dist/main.js:2:989455
	at Array.forEach (<anonymous>)
	at b.dispose (/.code-server/code-server-4.95.3-linux-amd64/lib/vscode/extensions/git/dist/main.js:2:989441)
	at V1.<anonymous> (file:///.code-server/code-server-4.95.3-linux-amd64/lib/vscode/out/vs/workbench/api/node/extensionHostProcess.js:108:19994)
	at V1.dispose (file:///.code-server/code-server-4.95.3-linux-amd64/lib/vscode/out/vs/workbench/api/node/extensionHostProcess.js:108:20090)
	at V1.<anonymous> (/.code-server/code-server-4.95.3-linux-amd64/lib/vscode/extensions/git/dist/main.js:2:964255)
	at V1.dispose (file:///.code-server/code-server-4.95.3-linux-amd64/lib/vscode/out/vs/workbench/api/node/extensionHostProcess.js:108:20090)
	at li (file:///.code-server/code-server-4.95.3-linux-amd64/lib/vscode/out/vs/workbench/api/node/extensionHostProcess.js:24:699)
	at file:///.code-server/code-server-4.95.3-linux-amd64/lib/vscode/out/vs/workbench/api/node/extensionHostProcess.js:118:14992
	at file:///.code-server/code-server-4.95.3-linux-amd64/lib/vscode/out/vs/workbench/api/node/extensionHostProcess.js:24:1009
	at Object.dispose (file:///.code-server/code-server-4.95.3-linux-amd64/lib/vscode/out/vs/workbench/api/node/extensionHostProcess.js:7:2146)
	at V_.eb (file:///.code-server/code-server-4.95.3-linux-amd64/lib/vscode/out/vs/workbench/api/node/extensionHostProcess.js:118:11919)
	at file:///.code-server/code-server-4.95.3-linux-amd64/lib/vscode/out/vs/workbench/api/node/extensionHostProcess.js:118:9874
	at Array.map (<anonymous>)
	at V_.$ (file:///.code-server/code-server-4.95.3-linux-amd64/lib/vscode/out/vs/workbench/api/node/extensionHostProcess.js:118:9862)
	at V_.terminate (file:///.code-server/code-server-4.95.3-linux-amd64/lib/vscode/out/vs/workbench/api/node/extensionHostProcess.js:118:10105)
	at EC.terminate (file:///.code-server/code-server-4.95.3-linux-amd64/lib/vscode/out/vs/workbench/api/node/extensionHostProcess.js:119:1424)
	at Xi (file:///.code-server/code-server-4.95.3-linux-amd64/lib/vscode/out/vs/workbench/api/node/extensionHostProcess.js:174:15085)
	at Timeout._onTimeout (file:///.code-server/code-server-4.95.3-linux-amd64/lib/vscode/out/vs/workbench/api/node/extensionHostProcess.js:174:13777)
	at listOnTimeout (node:internal/timers:581:17)
	at process.processTimers (node:internal/timers:519:7) setContext undefined
2025-03-14 17:22:17.862 [error] Canceled: Canceled
	at new rT (file:///.code-server/code-server-4.95.3-linux-amd64/lib/vscode/out/vs/workbench/api/node/extensionHostProcess.js:31:112694)
	at py.U (file:///.code-server/code-server-4.95.3-linux-amd64/lib/vscode/out/vs/workbench/api/node/extensionHostProcess.js:31:117304)
	at s.<computed>.n.charCodeAt.s.<computed> (file:///.code-server/code-server-4.95.3-linux-amd64/lib/vscode/out/vs/workbench/api/node/extensionHostProcess.js:31:114798)
	at Y0.g (file:///.code-server/code-server-4.95.3-linux-amd64/lib/vscode/out/vs/workbench/api/node/extensionHostProcess.js:114:32313)
	at Y0.executeCommand (file:///.code-server/code-server-4.95.3-linux-amd64/lib/vscode/out/vs/workbench/api/node/extensionHostProcess.js:114:31817)
	at r.registerCommand.description (file:///.code-server/code-server-4.95.3-linux-amd64/lib/vscode/out/vs/workbench/api/node/extensionHostProcess.js:114:31147)
	at Y0.h (file:///.code-server/code-server-4.95.3-linux-amd64/lib/vscode/out/vs/workbench/api/node/extensionHostProcess.js:114:32833)
	at Y0.g (file:///.code-server/code-server-4.95.3-linux-amd64/lib/vscode/out/vs/workbench/api/node/extensionHostProcess.js:114:31910)
	at Y0.executeCommand (file:///.code-server/code-server-4.95.3-linux-amd64/lib/vscode/out/vs/workbench/api/node/extensionHostProcess.js:114:31817)
	at Object.executeCommand (file:///.code-server/code-server-4.95.3-linux-amd64/lib/vscode/out/vs/workbench/api/node/extensionHostProcess.js:156:37246)
	at set hasGitHubRepositories [as hasGitHubRepositories] (/.code-server/code-server-4.95.3-linux-amd64/lib/vscode/extensions/github/dist/extension.js:2:328633)
	at /.code-server/code-server-4.95.3-linux-amd64/lib/vscode/extensions/github/dist/extension.js:2:329592
	at mh.value (/.code-server/code-server-4.95.3-linux-amd64/lib/vscode/extensions/git/dist/main.js:2:1073936)
	at D.B (file:///.code-server/code-server-4.95.3-linux-amd64/lib/vscode/out/vs/workbench/api/node/extensionHostProcess.js:29:746)
	at D.C (file:///.code-server/code-server-4.95.3-linux-amd64/lib/vscode/out/vs/workbench/api/node/extensionHostProcess.js:29:816)
	at D.fire (file:///.code-server/code-server-4.95.3-linux-amd64/lib/vscode/out/vs/workbench/api/node/extensionHostProcess.js:29:1033)
	at Object.p [as dispose] (/.code-server/code-server-4.95.3-linux-amd64/lib/vscode/extensions/git/dist/main.js:2:983333)
	at /.code-server/code-server-4.95.3-linux-amd64/lib/vscode/extensions/git/dist/main.js:2:989455
	at Array.forEach (<anonymous>)
	at b.dispose (/.code-server/code-server-4.95.3-linux-amd64/lib/vscode/extensions/git/dist/main.js:2:989441)
	at V1.<anonymous> (file:///.code-server/code-server-4.95.3-linux-amd64/lib/vscode/out/vs/workbench/api/node/extensionHostProcess.js:108:19994)
	at V1.dispose (file:///.code-server/code-server-4.95.3-linux-amd64/lib/vscode/out/vs/workbench/api/node/extensionHostProcess.js:108:20090)
	at V1.<anonymous> (/.code-server/code-server-4.95.3-linux-amd64/lib/vscode/extensions/git/dist/main.js:2:964255)
	at V1.dispose (file:///.code-server/code-server-4.95.3-linux-amd64/lib/vscode/out/vs/workbench/api/node/extensionHostProcess.js:108:20090)
	at li (file:///.code-server/code-server-4.95.3-linux-amd64/lib/vscode/out/vs/workbench/api/node/extensionHostProcess.js:24:699)
	at file:///.code-server/code-server-4.95.3-linux-amd64/lib/vscode/out/vs/workbench/api/node/extensionHostProcess.js:118:14992
	at file:///.code-server/code-server-4.95.3-linux-amd64/lib/vscode/out/vs/workbench/api/node/extensionHostProcess.js:24:1009
	at Object.dispose (file:///.code-server/code-server-4.95.3-linux-amd64/lib/vscode/out/vs/workbench/api/node/extensionHostProcess.js:7:2146)
	at V_.eb (file:///.code-server/code-server-4.95.3-linux-amd64/lib/vscode/out/vs/workbench/api/node/extensionHostProcess.js:118:11919)
	at file:///.code-server/code-server-4.95.3-linux-amd64/lib/vscode/out/vs/workbench/api/node/extensionHostProcess.js:118:9874
	at Array.map (<anonymous>)
	at V_.$ (file:///.code-server/code-server-4.95.3-linux-amd64/lib/vscode/out/vs/workbench/api/node/extensionHostProcess.js:118:9862)
	at V_.terminate (file:///.code-server/code-server-4.95.3-linux-amd64/lib/vscode/out/vs/workbench/api/node/extensionHostProcess.js:118:10105)
	at EC.terminate (file:///.code-server/code-server-4.95.3-linux-amd64/lib/vscode/out/vs/workbench/api/node/extensionHostProcess.js:119:1424)
	at Xi (file:///.code-server/code-server-4.95.3-linux-amd64/lib/vscode/out/vs/workbench/api/node/extensionHostProcess.js:174:15085)
	at Timeout._onTimeout (file:///.code-server/code-server-4.95.3-linux-amd64/lib/vscode/out/vs/workbench/api/node/extensionHostProcess.js:174:13777)
	at listOnTimeout (node:internal/timers:581:17)
	at process.processTimers (node:internal/timers:519:7) setContext undefined
2025-03-14 17:22:17.862 [error] Canceled: Canceled
	at new rT (file:///.code-server/code-server-4.95.3-linux-amd64/lib/vscode/out/vs/workbench/api/node/extensionHostProcess.js:31:112694)
	at py.U (file:///.code-server/code-server-4.95.3-linux-amd64/lib/vscode/out/vs/workbench/api/node/extensionHostProcess.js:31:117304)
	at s.<computed>.n.charCodeAt.s.<computed> (file:///.code-server/code-server-4.95.3-linux-amd64/lib/vscode/out/vs/workbench/api/node/extensionHostProcess.js:31:114798)
	at Y0.g (file:///.code-server/code-server-4.95.3-linux-amd64/lib/vscode/out/vs/workbench/api/node/extensionHostProcess.js:114:32313)
	at Y0.executeCommand (file:///.code-server/code-server-4.95.3-linux-amd64/lib/vscode/out/vs/workbench/api/node/extensionHostProcess.js:114:31817)
	at r.registerCommand.description (file:///.code-server/code-server-4.95.3-linux-amd64/lib/vscode/out/vs/workbench/api/node/extensionHostProcess.js:114:31147)
	at Y0.h (file:///.code-server/code-server-4.95.3-linux-amd64/lib/vscode/out/vs/workbench/api/node/extensionHostProcess.js:114:32833)
	at Y0.g (file:///.code-server/code-server-4.95.3-linux-amd64/lib/vscode/out/vs/workbench/api/node/extensionHostProcess.js:114:31910)
	at Y0.executeCommand (file:///.code-server/code-server-4.95.3-linux-amd64/lib/vscode/out/vs/workbench/api/node/extensionHostProcess.js:114:31817)
	at Object.executeCommand (file:///.code-server/code-server-4.95.3-linux-amd64/lib/vscode/out/vs/workbench/api/node/extensionHostProcess.js:156:37246)
	at $t.set (/.vscode/extensions/ms-toolsai.jupyter-2024.10.0-universal/dist/extension.node.js:304:165833)
	at rI.updateContextOfActiveNotebookKernel (/.vscode/extensions/ms-toolsai.jupyter-2024.10.0-universal/dist/extension.node.js:373:11480)
	at rI.onDidKernelStatusChange (/.vscode/extensions/ms-toolsai.jupyter-2024.10.0-universal/dist/extension.node.js:373:13070)
	at D.B (file:///.code-server/code-server-4.95.3-linux-amd64/lib/vscode/out/vs/workbench/api/node/extensionHostProcess.js:29:746)
	at D.C (file:///.code-server/code-server-4.95.3-linux-amd64/lib/vscode/out/vs/workbench/api/node/extensionHostProcess.js:29:816)
	at D.fire (file:///.code-server/code-server-4.95.3-linux-amd64/lib/vscode/out/vs/workbench/api/node/extensionHostProcess.js:29:1033)
	at hy.<anonymous> (/.vscode/extensions/ms-toolsai.jupyter-2024.10.0-universal/dist/extension.node.js:299:2831)
	at D.B (file:///.code-server/code-server-4.95.3-linux-amd64/lib/vscode/out/vs/workbench/api/node/extensionHostProcess.js:29:746)
	at D.C (file:///.code-server/code-server-4.95.3-linux-amd64/lib/vscode/out/vs/workbench/api/node/extensionHostProcess.js:29:816)
	at D.fire (file:///.code-server/code-server-4.95.3-linux-amd64/lib/vscode/out/vs/workbench/api/node/extensionHostProcess.js:29:1033)
	at e (/.vscode/extensions/ms-toolsai.jupyter-2024.10.0-universal/dist/extension.node.js:285:31911)
	at o_.dispose (/.vscode/extensions/ms-toolsai.jupyter-2024.10.0-universal/dist/extension.node.js:285:32034)
	at /.vscode/extensions/ms-toolsai.jupyter-2024.10.0-universal/dist/extension.node.js:183:1926
	at Array.map (<anonymous>)
	at vg.dispose (/.vscode/extensions/ms-toolsai.jupyter-2024.10.0-universal/dist/extension.node.js:183:1917)
	at Object.the (/.vscode/extensions/ms-toolsai.jupyter-2024.10.0-universal/dist/extension.node.js:436:3754)
	at Object.m (/.vscode/extensions/ms-toolsai.jupyter-2024.10.0-universal/dist/extension.node.proxy.js:1:963)
	at V_.eb (file:///.code-server/code-server-4.95.3-linux-amd64/lib/vscode/out/vs/workbench/api/node/extensionHostProcess.js:118:11724)
	at file:///.code-server/code-server-4.95.3-linux-amd64/lib/vscode/out/vs/workbench/api/node/extensionHostProcess.js:118:9874
	at Array.map (<anonymous>)
	at V_.$ (file:///.code-server/code-server-4.95.3-linux-amd64/lib/vscode/out/vs/workbench/api/node/extensionHostProcess.js:118:9862)
	at V_.terminate (file:///.code-server/code-server-4.95.3-linux-amd64/lib/vscode/out/vs/workbench/api/node/extensionHostProcess.js:118:10105)
	at EC.terminate (file:///.code-server/code-server-4.95.3-linux-amd64/lib/vscode/out/vs/workbench/api/node/extensionHostProcess.js:119:1424)
	at Xi (file:///.code-server/code-server-4.95.3-linux-amd64/lib/vscode/out/vs/workbench/api/node/extensionHostProcess.js:174:15085)
	at Timeout._onTimeout (file:///.code-server/code-server-4.95.3-linux-amd64/lib/vscode/out/vs/workbench/api/node/extensionHostProcess.js:174:13777)
	at listOnTimeout (node:internal/timers:581:17)
	at process.processTimers (node:internal/timers:519:7) setContext undefined
2025-03-14 17:22:17.862 [error] Canceled: Canceled
	at new rT (file:///.code-server/code-server-4.95.3-linux-amd64/lib/vscode/out/vs/workbench/api/node/extensionHostProcess.js:31:112694)
	at py.U (file:///.code-server/code-server-4.95.3-linux-amd64/lib/vscode/out/vs/workbench/api/node/extensionHostProcess.js:31:117304)
	at s.<computed>.n.charCodeAt.s.<computed> (file:///.code-server/code-server-4.95.3-linux-amd64/lib/vscode/out/vs/workbench/api/node/extensionHostProcess.js:31:114798)
	at Y0.g (file:///.code-server/code-server-4.95.3-linux-amd64/lib/vscode/out/vs/workbench/api/node/extensionHostProcess.js:114:32313)
	at Y0.executeCommand (file:///.code-server/code-server-4.95.3-linux-amd64/lib/vscode/out/vs/workbench/api/node/extensionHostProcess.js:114:31817)
	at r.registerCommand.description (file:///.code-server/code-server-4.95.3-linux-amd64/lib/vscode/out/vs/workbench/api/node/extensionHostProcess.js:114:31147)
	at Y0.h (file:///.code-server/code-server-4.95.3-linux-amd64/lib/vscode/out/vs/workbench/api/node/extensionHostProcess.js:114:32833)
	at Y0.g (file:///.code-server/code-server-4.95.3-linux-amd64/lib/vscode/out/vs/workbench/api/node/extensionHostProcess.js:114:31910)
	at Y0.executeCommand (file:///.code-server/code-server-4.95.3-linux-amd64/lib/vscode/out/vs/workbench/api/node/extensionHostProcess.js:114:31817)
	at Object.executeCommand (file:///.code-server/code-server-4.95.3-linux-amd64/lib/vscode/out/vs/workbench/api/node/extensionHostProcess.js:156:37246)
	at $t.set (/.vscode/extensions/ms-toolsai.jupyter-2024.10.0-universal/dist/extension.node.js:304:165833)
	at Ab.dispose (/.vscode/extensions/ms-toolsai.jupyter-2024.10.0-universal/dist/extension.node.js:342:8850)
	at li (file:///.code-server/code-server-4.95.3-linux-amd64/lib/vscode/out/vs/workbench/api/node/extensionHostProcess.js:24:699)
	at file:///.code-server/code-server-4.95.3-linux-amd64/lib/vscode/out/vs/workbench/api/node/extensionHostProcess.js:118:14992
	at file:///.code-server/code-server-4.95.3-linux-amd64/lib/vscode/out/vs/workbench/api/node/extensionHostProcess.js:24:1009
	at Object.dispose (file:///.code-server/code-server-4.95.3-linux-amd64/lib/vscode/out/vs/workbench/api/node/extensionHostProcess.js:7:2146)
	at V_.eb (file:///.code-server/code-server-4.95.3-linux-amd64/lib/vscode/out/vs/workbench/api/node/extensionHostProcess.js:118:11919)
	at file:///.code-server/code-server-4.95.3-linux-amd64/lib/vscode/out/vs/workbench/api/node/extensionHostProcess.js:118:9874
	at Array.map (<anonymous>)
	at V_.$ (file:///.code-server/code-server-4.95.3-linux-amd64/lib/vscode/out/vs/workbench/api/node/extensionHostProcess.js:118:9862)
	at V_.terminate (file:///.code-server/code-server-4.95.3-linux-amd64/lib/vscode/out/vs/workbench/api/node/extensionHostProcess.js:118:10105)
	at EC.terminate (file:///.code-server/code-server-4.95.3-linux-amd64/lib/vscode/out/vs/workbench/api/node/extensionHostProcess.js:119:1424)
	at Xi (file:///.code-server/code-server-4.95.3-linux-amd64/lib/vscode/out/vs/workbench/api/node/extensionHostProcess.js:174:15085)
	at Timeout._onTimeout (file:///.code-server/code-server-4.95.3-linux-amd64/lib/vscode/out/vs/workbench/api/node/extensionHostProcess.js:174:13777)
	at listOnTimeout (node:internal/timers:581:17)
	at process.processTimers (node:internal/timers:519:7) setContext undefined
2025-03-14 17:22:17.863 [error] Error: connect ENOENT /root/capsule/code/.vscode/code-server-ipc.sock
	at PipeConnectWrap.afterConnect [as oncomplete] (node:net:1607:16)
2025-03-14 17:22:17.867 [info] Extension host with pid 450 exiting with code 0
