2025-03-14 16:49:22.091 [info] Experiment 'pythonRecommendTensorboardExt' is active
2025-03-14 16:49:22.091 [info] Experiment 'pythonSurveyNotificationcf' is active
2025-03-14 16:49:22.091 [info] Experiment 'pythonTerminalEnvVarActivation' is active
2025-03-14 16:49:22.091 [info] Experiment 'pythonTestAdapter' is active
2025-03-14 16:49:22.091 [warning] Dir "/root/capsule/.pixi/envs" is not watchable (directory does not exist)
2025-03-14 16:49:22.091 [info] > conda info --json
2025-03-14 16:49:22.091 [info] > pyenv which python
2025-03-14 16:49:22.091 [info] cwd: .
2025-03-14 16:49:22.110 [info] > python -c "import sys;print(sys.executable)"
2025-03-14 16:49:22.130 [warning] Shell integration may not be active, environment activated may be overridden by the shell.
2025-03-14 16:49:22.142 [info] > conda info --json
2025-03-14 16:49:22.837 [info] > conda run -n base --no-capture-output python /.vscode/extensions/ms-python.python-2025.0.0-universal/python_files/get_output_via_markers.py /.vscode/extensions/ms-python.python-2025.0.0-universal/python_files/printEnvVariables.py
2025-03-14 16:49:22.837 [info] shell: bash
2025-03-14 16:49:22.887 [info] > /opt/conda/bin/python -I /.vscode/extensions/ms-python.python-2025.0.0-universal/python_files/get_output_via_markers.py /.vscode/extensions/ms-python.python-2025.0.0-universal/python_files/interpreterInfo.py
2025-03-14 16:49:22.920 [info] Python interpreter path: /opt/conda/bin/python
2025-03-14 16:49:22.927 [info] > pyenv which python
2025-03-14 16:49:22.927 [info] cwd: .
2025-03-14 16:49:23.310 [info] Starting Jedi language server for capsule.
2025-03-14 16:49:24.677 [info] > python /.vscode/extensions/ms-python.python-2025.0.0-universal/python_files/printEnvVariables.py
2025-03-14 16:49:24.677 [info] shell: other
2025-03-14 16:49:24.708 [info] Setting environment variable PYTHONUNBUFFERED in collection to 1 {"applyAtShellIntegration":true,"applyAtProcessCreation":true}
2025-03-14 16:49:24.708 [info] Setting environment variable CONDA_ROOT in collection to /opt/conda {"applyAtShellIntegration":true,"applyAtProcessCreation":true}
2025-03-14 16:49:24.708 [info] Setting environment variable NVCC_PREPEND_FLAGS in collection to  -ccbin=/opt/conda/bin/x86_64-conda-linux-gnu-c++ -ccbin=/opt/conda/bin/x86_64-conda-linux-gnu-c++ {"applyAtShellIntegration":true,"applyAtProcessCreation":true}
2025-03-14 16:49:24.708 [info] Setting environment variable PYTHONIOENCODING in collection to utf-8 {"applyAtShellIntegration":true,"applyAtProcessCreation":true}
2025-03-14 16:49:24.708 [info] Setting environment variable NVCC_PREPEND_FLAGS_BACKUP in collection to  -ccbin=/opt/conda/bin/x86_64-conda-linux-gnu-c++ {"applyAtShellIntegration":true,"applyAtProcessCreation":true}
2025-03-14 16:51:46.718 [info] > conda info --json
2025-03-14 16:51:46.718 [info] shell: bash
2025-03-14 16:51:47.434 [info] > conda run -n base --no-capture-output python /.vscode/extensions/ms-python.python-2025.0.0-universal/python_files/get_output_via_markers.py /.vscode/extensions/ms-python.python-2025.0.0-universal/python_files/printEnvVariables.py
2025-03-14 16:51:47.434 [info] shell: bash
2025-03-14 16:51:48.991 [info] > python /.vscode/extensions/ms-python.python-2025.0.0-universal/python_files/printEnvVariables.py
2025-03-14 16:51:48.991 [info] shell: bash
2025-03-14 16:51:49.017 [info] Setting environment variable CONDA_ROOT in collection to /opt/conda {"applyAtShellIntegration":true,"applyAtProcessCreation":true}
2025-03-14 16:51:49.018 [info] Setting environment variable NVCC_PREPEND_FLAGS in collection to  -ccbin=/opt/conda/bin/x86_64-conda-linux-gnu-c++ -ccbin=/opt/conda/bin/x86_64-conda-linux-gnu-c++ {"applyAtShellIntegration":true,"applyAtProcessCreation":true}
2025-03-14 16:51:49.018 [info] Setting environment variable NVCC_PREPEND_FLAGS_BACKUP in collection to  -ccbin=/opt/conda/bin/x86_64-conda-linux-gnu-c++ {"applyAtShellIntegration":true,"applyAtProcessCreation":true}
2025-03-14 16:51:49.019 [info] Send text to terminal: python /.vscode/extensions/ms-python.python-2025.0.0-universal/python_files/printEnvVariablesToFile.py /.vscode/extensions/ms-python.python-2025.0.0-universal/python_files/deactivate/bash/envVars.txt
2025-03-14 16:52:19.020 [error] Failed to initialize deactivate script /bin/bash [Error: "/.vscode/extensions/ms-python.python-2025.0.0-universal/python_files/deactivate/bash/envVars.txt" file not created
	at Timeout.<anonymous> (/.vscode/extensions/ms-python.python-2025.0.0-universal/out/client/extension.js:2:311758)
	at listOnTimeout (node:internal/timers:581:17)
	at process.processTimers (node:internal/timers:519:7)]
2025-03-14 16:52:32.865 [info] Shell integration status changed, can confirm it's working.
2025-03-14 16:52:32.870 [info] Setting environment variable CONDA_ROOT in collection to /opt/conda {"applyAtShellIntegration":true,"applyAtProcessCreation":true}
2025-03-14 16:52:32.870 [info] Setting environment variable NVCC_PREPEND_FLAGS in collection to  -ccbin=/opt/conda/bin/x86_64-conda-linux-gnu-c++ -ccbin=/opt/conda/bin/x86_64-conda-linux-gnu-c++ {"applyAtShellIntegration":true,"applyAtProcessCreation":true}
2025-03-14 16:52:32.870 [info] Setting environment variable NVCC_PREPEND_FLAGS_BACKUP in collection to  -ccbin=/opt/conda/bin/x86_64-conda-linux-gnu-c++ {"applyAtShellIntegration":true,"applyAtProcessCreation":true}
2025-03-14 16:52:32.872 [error] Failed to initialize deactivate script /bin/bash [Error: "/.vscode/extensions/ms-python.python-2025.0.0-universal/python_files/deactivate/bash/envVars.txt" file not created
	at Timeout.<anonymous> (/.vscode/extensions/ms-python.python-2025.0.0-universal/out/client/extension.js:2:311758)
	at listOnTimeout (node:internal/timers:581:17)
	at process.processTimers (node:internal/timers:519:7)]
2025-03-14 16:52:40.380 [info] Starting Environment refresh
2025-03-14 16:52:40.380 [info] Searching for interpreters in posix paths locator
2025-03-14 16:52:40.382 [info] Searching for pyenv environments
2025-03-14 16:52:40.382 [info] Searching for conda environments
2025-03-14 16:52:40.382 [info] Searching for global virtual environments
2025-03-14 16:52:40.382 [info] Searching for custom virtual environments
2025-03-14 16:52:40.396 [info] > conda info --json
2025-03-14 16:52:40.396 [info] > hatch env show --json
2025-03-14 16:52:40.396 [info] cwd: .
2025-03-14 16:52:40.399 [info] pyenv is not installed
2025-03-14 16:52:40.399 [info] Finished searching for pyenv environments: 18 milliseconds
2025-03-14 16:52:40.399 [info] Finished searching for custom virtual envs: 18 milliseconds
2025-03-14 16:52:40.400 [info] Finished searching for global virtual envs: 19 milliseconds
2025-03-14 16:52:40.414 [info] Found: /opt/conda/bin/python --> /opt/conda/bin/python3.12
2025-03-14 16:52:40.414 [info] Found: /opt/conda/bin/python3 --> /opt/conda/bin/python3.12
2025-03-14 16:52:40.414 [info] Found: /opt/conda/bin/python3.1 --> /opt/conda/bin/python3.12
2025-03-14 16:52:40.414 [info] Found: /opt/conda/bin/python3.12 --> /opt/conda/bin/python3.12
2025-03-14 16:52:40.414 [info] Finished searching for interpreters in posix paths locator: 34 milliseconds
2025-03-14 16:52:41.115 [info] Finished searching for conda environments: 734 milliseconds
2025-03-14 16:52:41.115 [info] Environments refresh paths discovered (event): 736 milliseconds
2025-03-14 16:52:41.115 [info] Environments refresh paths discovered: 736 milliseconds
2025-03-14 16:52:41.118 [info] Environments refresh finished (event): 739 milliseconds
2025-03-14 16:52:41.120 [info] Environment refresh took 741 milliseconds
2025-03-14 16:53:34.955 [info] > conda run -n base --no-capture-output python /.vscode/extensions/ms-python.python-2025.0.0-universal/python_files/get_output_via_markers.py /.vscode/extensions/ms-python.python-2025.0.0-universal/python_files/printEnvVariables.py
2025-03-14 16:53:34.955 [info] shell: bash
2025-03-14 16:53:34.975 [info] > conda run -n base --no-capture-output python /.vscode/extensions/ms-python.python-2025.0.0-universal/python_files/get_output_via_markers.py /.vscode/extensions/ms-python.python-2025.0.0-universal/python_files/printEnvVariables.py
2025-03-14 16:53:34.975 [info] shell: bash
2025-03-14 16:54:03.834 [info] Searching for conda environments
2025-03-14 16:54:03.842 [info] > conda info --json
2025-03-14 16:54:04.002 [info] Environments refresh finished (event): 168 milliseconds
2025-03-14 16:54:04.002 [info] Environments refresh paths discovered: 168 milliseconds
2025-03-14 16:55:31.408 [info] Discover tests for workspace name: capsule - uri: /root/capsule/code/training.py
2025-03-14 16:55:34.014 [info] Discover tests for workspace name: capsule - uri: /root/capsule/code/training.py
2025-03-14 16:55:35.654 [info] Discover tests for workspace name: capsule - uri: /root/capsule/code/training.py
2025-03-14 16:55:41.724 [info] Discover tests for workspace name: capsule - uri: /root/capsule/code/training.py
2025-03-14 16:55:43.223 [info] Discover tests for workspace name: capsule - uri: /root/capsule/code/training.py
2025-03-14 16:56:14.795 [info] Discover tests for workspace name: capsule - uri: /root/capsule/code/training.py
2025-03-14 17:04:22.037 [info] Discover tests for workspace name: capsule - uri: /root/capsule/code/utils.py
2025-03-14 17:04:29.337 [info] Discover tests for workspace name: capsule - uri: /root/capsule/code/utils.py
2025-03-14 17:04:49.714 [info] Discover tests for workspace name: capsule - uri: /root/capsule/code/utils.py
2025-03-14 17:04:51.009 [info] Discover tests for workspace name: capsule - uri: /root/capsule/code/utils.py
2025-03-14 17:04:51.809 [info] Discover tests for workspace name: capsule - uri: /root/capsule/code/utils.py
2025-03-14 17:04:52.308 [info] Discover tests for workspace name: capsule - uri: /root/capsule/code/utils.py
2025-03-14 17:04:52.624 [info] Discover tests for workspace name: capsule - uri: /root/capsule/code/utils.py
2025-03-14 17:05:12.263 [info] > conda run -n base --no-capture-output python /.vscode/extensions/ms-python.python-2025.0.0-universal/python_files/get_output_via_markers.py /.vscode/extensions/ms-python.python-2025.0.0-universal/python_files/printEnvVariables.py
2025-03-14 17:05:12.263 [info] shell: bash
2025-03-14 17:06:50.017 [info] Discover tests for workspace name: capsule - uri: /root/capsule/code/losses.py
2025-03-14 17:06:53.630 [info] Discover tests for workspace name: capsule - uri: /root/capsule/code/losses.py
2025-03-14 17:06:54.984 [info] Discover tests for workspace name: capsule - uri: /root/capsule/code/losses.py
2025-03-14 17:06:56.717 [info] Discover tests for workspace name: capsule - uri: /root/capsule/code/losses.py
2025-03-14 17:06:57.097 [info] Discover tests for workspace name: capsule - uri: /root/capsule/code/losses.py
2025-03-14 17:09:06.912 [info] Discover tests for workspace name: capsule - uri: /root/capsule/code/training.py
2025-03-14 17:09:13.917 [info] Discover tests for workspace name: capsule - uri: /root/capsule/code/training.py
2025-03-14 17:09:20.846 [info] Discover tests for workspace name: capsule - uri: /root/capsule/code/training.py
2025-03-14 17:09:21.320 [info] Discover tests for workspace name: capsule - uri: /root/capsule/code/training.py
2025-03-14 17:19:31.458 [info] Discover tests for workspace name: capsule - uri: /root/capsule/code/training.py
2025-03-14 17:19:40.149 [info] Discover tests for workspace name: capsule - uri: /root/capsule/code/training.py
2025-03-14 17:19:42.309 [info] Discover tests for workspace name: capsule - uri: /root/capsule/code/training.py
2025-03-14 17:19:44.676 [info] Discover tests for workspace name: capsule - uri: /root/capsule/code/training.py
2025-03-14 17:19:50.930 [info] Discover tests for workspace name: capsule - uri: /root/capsule/code/training.py
2025-03-14 17:19:57.400 [info] Discover tests for workspace name: capsule - uri: /root/capsule/code/training.py
2025-03-14 17:20:06.428 [info] Discover tests for workspace name: capsule - uri: /root/capsule/code/training.py
2025-03-14 17:20:20.174 [info] Discover tests for workspace name: capsule - uri: /root/capsule/code/training.py
2025-03-14 17:20:30.372 [info] Discover tests for workspace name: capsule - uri: /root/capsule/code/training.py
2025-03-14 17:21:31.159 [info] > conda run -n base --no-capture-output python /.vscode/extensions/ms-python.python-2025.0.0-universal/python_files/get_output_via_markers.py /.vscode/extensions/ms-python.python-2025.0.0-universal/python_files/printEnvVariables.py
2025-03-14 17:21:31.159 [info] shell: bash
