2025-03-05 21:55:01.661 [info] Experiment 'pythonSurveyNotificationcf' is active
2025-03-05 21:55:01.661 [info] Experiment 'pythonTerminalEnvVarActivation' is active
2025-03-05 21:55:01.661 [info] Experiment 'pythonTestAdapter' is active
2025-03-05 21:55:01.661 [warning] Dir "/root/capsule/.pixi/envs" is not watchable (directory does not exist)
2025-03-05 21:55:01.661 [info] > conda info --json
2025-03-05 21:55:01.661 [info] > pyenv which python
2025-03-05 21:55:01.661 [info] cwd: .
2025-03-05 21:55:01.682 [info] > python -c "import sys;print(sys.executable)"
2025-03-05 21:55:01.748 [info] > conda info --json
2025-03-05 21:55:01.748 [info] shell: bash
2025-03-05 21:55:02.425 [info] > /opt/conda/bin/python -I /.vscode/extensions/ms-python.python-2025.0.0-universal/python_files/get_output_via_markers.py /.vscode/extensions/ms-python.python-2025.0.0-universal/python_files/interpreterInfo.py
2025-03-05 21:55:02.453 [info] > conda run -n base --no-capture-output python /.vscode/extensions/ms-python.python-2025.0.0-universal/python_files/get_output_via_markers.py /.vscode/extensions/ms-python.python-2025.0.0-universal/python_files/printEnvVariables.py
2025-03-05 21:55:02.453 [info] shell: bash
2025-03-05 21:55:02.462 [info] Python interpreter path: /opt/conda/bin/python
2025-03-05 21:55:02.469 [info] > pyenv which python
2025-03-05 21:55:02.469 [info] cwd: .
2025-03-05 21:55:02.958 [info] Starting Jedi language server for capsule.
2025-03-05 21:55:04.322 [info] > python /.vscode/extensions/ms-python.python-2025.0.0-universal/python_files/printEnvVariables.py
2025-03-05 21:55:04.322 [info] shell: bash
2025-03-05 21:55:04.359 [info] Setting environment variable CONDA_ROOT in collection to /opt/conda {"applyAtShellIntegration":true,"applyAtProcessCreation":true}
2025-03-05 21:55:04.359 [info] Setting environment variable NVCC_PREPEND_FLAGS in collection to  -ccbin=/opt/conda/bin/x86_64-conda-linux-gnu-c++ -ccbin=/opt/conda/bin/x86_64-conda-linux-gnu-c++ {"applyAtShellIntegration":true,"applyAtProcessCreation":true}
2025-03-05 21:55:04.359 [info] Setting environment variable NVCC_PREPEND_FLAGS_BACKUP in collection to  -ccbin=/opt/conda/bin/x86_64-conda-linux-gnu-c++ {"applyAtShellIntegration":true,"applyAtProcessCreation":true}
2025-03-05 21:55:04.361 [info] Send text to terminal: python /.vscode/extensions/ms-python.python-2025.0.0-universal/python_files/printEnvVariablesToFile.py /.vscode/extensions/ms-python.python-2025.0.0-universal/python_files/deactivate/bash/envVars.txt
2025-03-05 22:16:21.200 [info] Starting Environment refresh
2025-03-05 22:16:21.200 [info] Searching for interpreters in posix paths locator
2025-03-05 22:16:21.201 [info] Searching for pyenv environments
2025-03-05 22:16:21.201 [info] Searching for conda environments
2025-03-05 22:16:21.202 [info] Searching for global virtual environments
2025-03-05 22:16:21.202 [info] Searching for custom virtual environments
2025-03-05 22:16:21.216 [info] > conda info --json
2025-03-05 22:16:21.216 [info] > hatch env show --json
2025-03-05 22:16:21.216 [info] cwd: .
2025-03-05 22:16:21.219 [info] pyenv is not installed
2025-03-05 22:16:21.219 [info] Finished searching for pyenv environments: 19 milliseconds
2025-03-05 22:16:21.219 [info] Finished searching for custom virtual envs: 18 milliseconds
2025-03-05 22:16:21.220 [info] Finished searching for global virtual envs: 19 milliseconds
2025-03-05 22:16:21.231 [info] Found: /opt/conda/bin/python --> /opt/conda/bin/python3.12
2025-03-05 22:16:21.231 [info] Found: /opt/conda/bin/python3 --> /opt/conda/bin/python3.12
2025-03-05 22:16:21.231 [info] Found: /opt/conda/bin/python3.1 --> /opt/conda/bin/python3.12
2025-03-05 22:16:21.231 [info] Found: /opt/conda/bin/python3.12 --> /opt/conda/bin/python3.12
2025-03-05 22:16:21.232 [info] Finished searching for interpreters in posix paths locator: 33 milliseconds
2025-03-05 22:16:21.935 [info] Finished searching for conda environments: 734 milliseconds
2025-03-05 22:16:21.936 [info] Environments refresh paths discovered (event): 737 milliseconds
2025-03-05 22:16:21.936 [info] Environments refresh paths discovered: 737 milliseconds
2025-03-05 22:16:21.937 [info] Environments refresh finished (event): 738 milliseconds
2025-03-05 22:16:21.941 [info] Environment refresh took 743 milliseconds
2025-03-05 22:17:23.354 [info] > conda run -n base --no-capture-output python /.vscode/extensions/ms-python.python-2025.0.0-universal/python_files/get_output_via_markers.py /.vscode/extensions/ms-python.python-2025.0.0-universal/python_files/printEnvVariables.py
2025-03-05 22:17:23.354 [info] shell: bash
2025-03-05 22:17:23.374 [info] > conda run -n base --no-capture-output python /.vscode/extensions/ms-python.python-2025.0.0-universal/python_files/get_output_via_markers.py /.vscode/extensions/ms-python.python-2025.0.0-universal/python_files/printEnvVariables.py
2025-03-05 22:17:23.374 [info] shell: bash
2025-03-05 22:17:52.440 [info] Searching for conda environments
2025-03-05 22:17:52.448 [info] > conda info --json
2025-03-05 22:17:53.163 [info] Finished searching for conda environments: 723 milliseconds
2025-03-05 22:17:53.187 [info] Environments refresh finished (event): 747 milliseconds
2025-03-05 22:17:53.187 [info] Environments refresh paths discovered: 747 milliseconds
2025-03-05 22:22:01.735 [info] Discover tests for workspace name: capsule - uri: /root/capsule/code/losses.py
2025-03-05 22:22:07.217 [info] Discover tests for workspace name: capsule - uri: /root/capsule/code/losses.py
2025-03-05 22:22:09.193 [info] Discover tests for workspace name: capsule - uri: /root/capsule/code/losses.py
2025-03-05 22:22:18.877 [info] Discover tests for workspace name: capsule - uri: /root/capsule/code/losses.py
2025-03-05 22:22:21.983 [info] Discover tests for workspace name: capsule - uri: /root/capsule/code/losses.py
2025-03-05 22:22:28.019 [info] Discover tests for workspace name: capsule - uri: /root/capsule/code/losses.py
2025-03-05 22:22:31.626 [info] Discover tests for workspace name: capsule - uri: /root/capsule/code/losses.py
2025-03-05 22:22:34.092 [info] Discover tests for workspace name: capsule - uri: /root/capsule/code/losses.py
2025-03-05 22:22:37.404 [info] Discover tests for workspace name: capsule - uri: /root/capsule/code/losses.py
2025-03-05 22:22:38.567 [info] Discover tests for workspace name: capsule - uri: /root/capsule/code/losses.py
2025-03-05 22:22:40.478 [info] Discover tests for workspace name: capsule - uri: /root/capsule/code/losses.py
2025-03-05 22:22:41.846 [info] Discover tests for workspace name: capsule - uri: /root/capsule/code/losses.py
2025-03-05 22:22:44.653 [info] Discover tests for workspace name: capsule - uri: /root/capsule/code/losses.py
2025-03-05 22:22:57.419 [info] Discover tests for workspace name: capsule - uri: /root/capsule/code/losses.py
2025-03-05 22:22:59.125 [info] Discover tests for workspace name: capsule - uri: /root/capsule/code/losses.py
2025-03-05 22:23:02.359 [info] Discover tests for workspace name: capsule - uri: /root/capsule/code/losses.py
2025-03-05 22:23:07.698 [info] Discover tests for workspace name: capsule - uri: /root/capsule/code/losses.py
2025-03-05 22:23:16.782 [info] Discover tests for workspace name: capsule - uri: /root/capsule/code/losses.py
2025-03-05 22:23:18.368 [info] Discover tests for workspace name: capsule - uri: /root/capsule/code/losses.py
2025-03-05 22:23:27.366 [info] Discover tests for workspace name: capsule - uri: /root/capsule/code/losses.py
2025-03-05 22:23:31.163 [info] Discover tests for workspace name: capsule - uri: /root/capsule/code/losses.py
2025-03-05 22:23:35.397 [info] Discover tests for workspace name: capsule - uri: /root/capsule/code/losses.py
2025-03-05 22:23:35.785 [info] Discover tests for workspace name: capsule - uri: /root/capsule/code/losses.py
2025-03-05 22:23:36.060 [info] Discover tests for workspace name: capsule - uri: /root/capsule/code/losses.py
