2025-06-06 20:38:19.116 [info] Experiment 'pythonRecommendTensorboardExt' is active
2025-06-06 20:38:19.117 [info] Experiment 'pythonTerminalEnvVarActivation' is active
2025-06-06 20:38:19.117 [warning] Dir "/root/capsule/.pixi/envs" is not watchable (directory does not exist)
2025-06-06 20:38:19.117 [info] Starting Environment refresh
2025-06-06 20:38:19.117 [info] Searching for interpreters in posix paths locator
2025-06-06 20:38:19.117 [info] Searching for pyenv environments
2025-06-06 20:38:19.117 [info] Searching for conda environments
2025-06-06 20:38:19.117 [info] Searching for global virtual environments
2025-06-06 20:38:19.117 [info] Searching for custom virtual environments
2025-06-06 20:38:19.117 [info] pyenv is not installed
2025-06-06 20:38:19.117 [info] Finished searching for pyenv environments: 10 milliseconds
2025-06-06 20:38:19.117 [info] Finished searching for custom virtual envs: 11 milliseconds
2025-06-06 20:38:19.117 [info] > conda info --json
2025-06-06 20:38:19.117 [info] > hatch env show --json
2025-06-06 20:38:19.117 [info] cwd: .
2025-06-06 20:38:19.117 [info] > pyenv which python
2025-06-06 20:38:19.117 [info] cwd: .
2025-06-06 20:38:19.117 [info] > pyenv which python
2025-06-06 20:38:19.117 [info] cwd: .
2025-06-06 20:38:19.117 [info] Finished searching for global virtual envs: 41 milliseconds
2025-06-06 20:38:19.281 [info] Found: /opt/conda/bin/python --> /opt/conda/bin/python3.12
2025-06-06 20:38:19.289 [info] Found: /opt/conda/bin/python3 --> /opt/conda/bin/python3.12
2025-06-06 20:38:19.290 [info] Found: /opt/conda/bin/python3.1 --> /opt/conda/bin/python3.12
2025-06-06 20:38:19.290 [info] Found: /opt/conda/bin/python3.12 --> /opt/conda/bin/python3.12
2025-06-06 20:38:19.291 [info] Finished searching for interpreters in posix paths locator: 220 milliseconds
2025-06-06 20:38:20.288 [info] > conda run -p /opt/conda --no-capture-output python /.vscode/extensions/ms-python.python-2025.4.0-universal/python_files/get_output_via_markers.py /.vscode/extensions/ms-python.python-2025.4.0-universal/python_files/printEnvVariables.py
2025-06-06 20:38:20.288 [info] shell: bash
2025-06-06 20:38:20.288 [info] > conda run -p /opt/conda --no-capture-output python /.vscode/extensions/ms-python.python-2025.4.0-universal/python_files/get_output_via_markers.py /.vscode/extensions/ms-python.python-2025.4.0-universal/python_files/printEnvVariables.py
2025-06-06 20:38:20.288 [info] shell: bash
2025-06-06 20:38:20.461 [info] Finished searching for conda environments: 1385 milliseconds
2025-06-06 20:38:20.461 [info] > /opt/conda/bin/python -I /.vscode/extensions/ms-python.python-2025.4.0-universal/python_files/get_output_via_markers.py /.vscode/extensions/ms-python.python-2025.4.0-universal/python_files/interpreterInfo.py
2025-06-06 20:38:20.462 [info] Environments refresh paths discovered (event): 1392 milliseconds
2025-06-06 20:38:20.463 [info] Environments refresh paths discovered: 1392 milliseconds
2025-06-06 20:38:20.493 [info] Environments refresh finished (event): 1423 milliseconds
2025-06-06 20:38:20.497 [info] Environment refresh took 1427 milliseconds
2025-06-06 20:38:20.502 [info] > python -c "import sys;print(sys.executable)"
2025-06-06 20:38:20.515 [info] Python interpreter path: /opt/conda/bin/python
